2025-03-25 23:37:51,229 - INFO - ---------- 1D CNN Training ----------
2025-03-25 23:37:51,969 - INFO - Loaded 701 datapoints
2025-03-25 23:37:51,970 - INFO - Beginning sweeps...

2025-03-25 23:37:51,970 - INFO - Sweeping l2_rate...
2025-03-25 23:37:51,970 - INFO - Trying 0.0 l2_rate
2025-03-25 23:37:51,971 - INFO - 	Fold 1/10
2025-03-25 23:38:00,153 - INFO - 	Model trained for 26 epochs, accuracy is 87.32%
2025-03-25 23:38:00,228 - INFO - 	Fold 2/10
2025-03-25 23:38:08,656 - INFO - 	Model trained for 35 epochs, accuracy is 94.29%
2025-03-25 23:38:08,755 - INFO - 	Fold 3/10
2025-03-25 23:38:13,186 - INFO - 	Model trained for 16 epochs, accuracy is 87.14%
2025-03-25 23:38:13,290 - INFO - 	Fold 4/10
2025-03-25 23:38:18,959 - INFO - 	Model trained for 22 epochs, accuracy is 91.43%
2025-03-25 23:38:19,066 - INFO - 	Fold 5/10
2025-03-25 23:38:22,253 - INFO - 	Model trained for 10 epochs, accuracy is 94.29%
2025-03-25 23:38:22,364 - INFO - 	Fold 6/10
2025-03-25 23:38:27,814 - INFO - 	Model trained for 21 epochs, accuracy is 92.86%
2025-03-25 23:38:27,931 - INFO - 	Fold 7/10
2025-03-25 23:38:32,766 - INFO - 	Model trained for 18 epochs, accuracy is 95.71%
2025-03-25 23:38:32,886 - INFO - 	Fold 8/10
2025-03-25 23:38:36,954 - INFO - 	Model trained for 14 epochs, accuracy is 85.71%
2025-03-25 23:38:37,078 - INFO - 	Fold 9/10
2025-03-25 23:38:42,313 - INFO - 	Model trained for 20 epochs, accuracy is 90.00%
2025-03-25 23:38:42,443 - INFO - 	Fold 10/10
2025-03-25 23:38:47,558 - INFO - 	Model trained for 19 epochs, accuracy is 94.29%
2025-03-25 23:38:47,693 - INFO - 	Mean accuracy over all folds is 91.30%
2025-03-25 23:38:47,694 - INFO - Trying 0.005 l2_rate
2025-03-25 23:38:47,694 - INFO - 	Fold 1/10
2025-03-25 23:38:54,749 - INFO - 	Model trained for 27 epochs, accuracy is 91.55%
2025-03-25 23:38:54,889 - INFO - 	Fold 2/10
2025-03-25 23:39:01,255 - INFO - 	Model trained for 24 epochs, accuracy is 95.71%
2025-03-25 23:39:01,400 - INFO - 	Fold 3/10
2025-03-25 23:39:09,706 - INFO - 	Model trained for 33 epochs, accuracy is 90.00%
2025-03-25 23:39:09,856 - INFO - 	Fold 4/10
2025-03-25 23:39:19,318 - INFO - 	Model trained for 38 epochs, accuracy is 90.00%
2025-03-25 23:39:19,473 - INFO - 	Fold 5/10
2025-03-25 23:39:27,437 - INFO - 	Model trained for 31 epochs, accuracy is 94.29%
2025-03-25 23:39:27,596 - INFO - 	Fold 6/10
2025-03-25 23:39:36,091 - INFO - 	Model trained for 34 epochs, accuracy is 92.86%
2025-03-25 23:39:36,254 - INFO - 	Fold 7/10
2025-03-25 23:39:44,151 - INFO - 	Model trained for 31 epochs, accuracy is 100.00%
2025-03-25 23:39:44,320 - INFO - 	Fold 8/10
2025-03-25 23:39:53,071 - INFO - 	Model trained for 35 epochs, accuracy is 85.71%
2025-03-25 23:39:53,244 - INFO - 	Fold 9/10
2025-03-25 23:39:59,613 - INFO - 	Model trained for 24 epochs, accuracy is 91.43%
2025-03-25 23:39:59,792 - INFO - 	Fold 10/10
2025-03-25 23:40:04,673 - INFO - 	Model trained for 17 epochs, accuracy is 94.29%
2025-03-25 23:40:04,855 - INFO - 	Mean accuracy over all folds is 92.58%
2025-03-25 23:40:04,856 - INFO - Trying 0.01 l2_rate
2025-03-25 23:40:04,856 - INFO - 	Fold 1/10
2025-03-25 23:40:15,037 - INFO - 	Model trained for 42 epochs, accuracy is 90.14%
2025-03-25 23:40:15,224 - INFO - 	Fold 2/10
2025-03-25 23:40:21,896 - INFO - 	Model trained for 25 epochs, accuracy is 97.14%
2025-03-25 23:40:22,087 - INFO - 	Fold 3/10
2025-03-25 23:40:28,988 - INFO - 	Model trained for 26 epochs, accuracy is 85.71%
2025-03-25 23:40:29,186 - INFO - 	Fold 4/10
2025-03-25 23:40:35,355 - INFO - 	Model trained for 23 epochs, accuracy is 92.86%
2025-03-25 23:40:35,557 - INFO - 	Fold 5/10
2025-03-25 23:40:42,538 - INFO - 	Model trained for 27 epochs, accuracy is 94.29%
2025-03-25 23:40:42,744 - INFO - 	Fold 6/10
2025-03-25 23:40:53,222 - INFO - 	Model trained for 43 epochs, accuracy is 94.29%
2025-03-25 23:40:53,433 - INFO - 	Fold 7/10
2025-03-25 23:41:02,183 - INFO - 	Model trained for 35 epochs, accuracy is 94.29%
2025-03-25 23:41:02,400 - INFO - 	Fold 8/10
2025-03-25 23:41:12,941 - INFO - 	Model trained for 44 epochs, accuracy is 90.00%
2025-03-25 23:41:13,160 - INFO - 	Fold 9/10
2025-03-25 23:41:22,039 - INFO - 	Model trained for 36 epochs, accuracy is 91.43%
2025-03-25 23:41:22,263 - INFO - 	Fold 10/10
2025-03-25 23:41:28,132 - INFO - 	Model trained for 22 epochs, accuracy is 94.29%
2025-03-25 23:41:28,361 - INFO - 	Mean accuracy over all folds is 92.44%
2025-03-25 23:41:28,362 - INFO - Trying 0.015 l2_rate
2025-03-25 23:41:28,363 - INFO - 	Fold 1/10
2025-03-25 23:41:35,140 - INFO - 	Model trained for 26 epochs, accuracy is 88.73%
2025-03-25 23:41:35,375 - INFO - 	Fold 2/10
2025-03-25 23:41:42,402 - INFO - 	Model trained for 27 epochs, accuracy is 94.29%
2025-03-25 23:41:42,640 - INFO - 	Fold 3/10
2025-03-25 23:41:49,876 - INFO - 	Model trained for 28 epochs, accuracy is 90.00%
2025-03-25 23:41:50,118 - INFO - 	Fold 4/10
2025-03-25 23:41:55,252 - INFO - 	Model trained for 18 epochs, accuracy is 92.86%
2025-03-25 23:41:55,499 - INFO - 	Fold 5/10
2025-03-25 23:42:02,162 - INFO - 	Model trained for 25 epochs, accuracy is 94.29%
2025-03-25 23:42:02,416 - INFO - 	Fold 6/10
2025-03-25 23:42:10,395 - INFO - 	Model trained for 31 epochs, accuracy is 94.29%
2025-03-25 23:42:10,651 - INFO - 	Fold 7/10
2025-03-25 23:42:15,995 - INFO - 	Model trained for 19 epochs, accuracy is 92.86%
2025-03-25 23:42:16,257 - INFO - 	Fold 8/10
2025-03-25 23:42:22,695 - INFO - 	Model trained for 24 epochs, accuracy is 87.14%
2025-03-25 23:42:22,963 - INFO - 	Fold 9/10
2025-03-25 23:42:31,350 - INFO - 	Model trained for 33 epochs, accuracy is 90.00%
2025-03-25 23:42:31,623 - INFO - 	Fold 10/10
2025-03-25 23:42:41,346 - INFO - 	Model trained for 39 epochs, accuracy is 94.29%
2025-03-25 23:42:41,622 - INFO - 	Mean accuracy over all folds is 91.87%
2025-03-25 23:42:41,623 - INFO - Trying 0.02 l2_rate
2025-03-25 23:42:41,624 - INFO - 	Fold 1/10
2025-03-25 23:42:50,891 - INFO - 	Model trained for 37 epochs, accuracy is 90.14%
2025-03-25 23:42:51,173 - INFO - 	Fold 2/10
2025-03-25 23:43:01,741 - INFO - 	Model trained for 43 epochs, accuracy is 95.71%
2025-03-25 23:43:02,026 - INFO - 	Fold 3/10
2025-03-25 23:43:11,431 - INFO - 	Model trained for 38 epochs, accuracy is 85.71%
2025-03-25 23:43:11,720 - INFO - 	Fold 4/10
2025-03-25 23:43:20,411 - INFO - 	Model trained for 35 epochs, accuracy is 91.43%
2025-03-25 23:43:20,706 - INFO - 	Fold 5/10
2025-03-25 23:43:26,432 - INFO - 	Model trained for 21 epochs, accuracy is 94.29%
2025-03-25 23:43:26,732 - INFO - 	Fold 6/10
2025-03-25 23:43:32,929 - INFO - 	Model trained for 23 epochs, accuracy is 94.29%
2025-03-25 23:43:33,236 - INFO - 	Fold 7/10
2025-03-25 23:43:39,642 - INFO - 	Model trained for 24 epochs, accuracy is 94.29%
2025-03-25 23:43:39,951 - INFO - 	Fold 8/10
2025-03-25 23:43:45,953 - INFO - 	Model trained for 22 epochs, accuracy is 87.14%
2025-03-25 23:43:46,267 - INFO - 	Fold 9/10
2025-03-25 23:43:59,023 - INFO - 	Model trained for 54 epochs, accuracy is 90.00%
2025-03-25 23:43:59,343 - INFO - 	Fold 10/10
2025-03-25 23:44:17,860 - INFO - 	Model trained for 80 epochs, accuracy is 95.71%
2025-03-25 23:44:18,184 - INFO - 	Mean accuracy over all folds is 91.87%
2025-03-25 23:44:18,185 - INFO - Trying 0.025 l2_rate
2025-03-25 23:44:18,185 - INFO - 	Fold 1/10
2025-03-25 23:44:24,170 - INFO - 	Model trained for 22 epochs, accuracy is 85.92%
2025-03-25 23:44:24,498 - INFO - 	Fold 2/10
2025-03-25 23:44:31,996 - INFO - 	Model trained for 29 epochs, accuracy is 94.29%
2025-03-25 23:44:32,328 - INFO - 	Fold 3/10
2025-03-25 23:44:37,886 - INFO - 	Model trained for 20 epochs, accuracy is 87.14%
2025-03-25 23:44:38,223 - INFO - 	Fold 4/10
2025-03-25 23:44:49,547 - INFO - 	Model trained for 47 epochs, accuracy is 90.00%
2025-03-25 23:44:49,890 - INFO - 	Fold 5/10
2025-03-25 23:44:57,736 - INFO - 	Model trained for 31 epochs, accuracy is 94.29%
2025-03-25 23:44:58,082 - INFO - 	Fold 6/10
2025-03-25 23:45:04,453 - INFO - 	Model trained for 24 epochs, accuracy is 94.29%
2025-03-25 23:45:04,805 - INFO - 	Fold 7/10
2025-03-25 23:45:13,253 - INFO - 	Model trained for 33 epochs, accuracy is 97.14%
2025-03-25 23:45:13,625 - INFO - 	Fold 8/10
2025-03-25 23:45:21,475 - INFO - 	Model trained for 31 epochs, accuracy is 87.14%
2025-03-25 23:45:21,836 - INFO - 	Fold 9/10
2025-03-25 23:45:30,825 - INFO - 	Model trained for 36 epochs, accuracy is 91.43%
2025-03-25 23:45:31,190 - INFO - 	Fold 10/10
2025-03-25 23:45:39,123 - INFO - 	Model trained for 31 epochs, accuracy is 94.29%
2025-03-25 23:45:39,492 - INFO - 	Mean accuracy over all folds is 91.59%
2025-03-25 23:45:39,493 - INFO - Trying 0.03 l2_rate
2025-03-25 23:45:39,493 - INFO - 	Fold 1/10
2025-03-25 23:45:44,583 - INFO - 	Model trained for 18 epochs, accuracy is 90.14%
2025-03-25 23:45:44,959 - INFO - 	Fold 2/10
2025-03-25 23:45:56,672 - INFO - 	Model trained for 49 epochs, accuracy is 97.14%
2025-03-25 23:45:57,055 - INFO - 	Fold 3/10
2025-03-25 23:46:03,422 - INFO - 	Model trained for 24 epochs, accuracy is 88.57%
2025-03-25 23:46:03,807 - INFO - 	Fold 4/10
2025-03-25 23:46:18,261 - INFO - 	Model trained for 61 epochs, accuracy is 90.00%
2025-03-25 23:46:18,650 - INFO - 	Fold 5/10
2025-03-25 23:46:27,533 - INFO - 	Model trained for 35 epochs, accuracy is 94.29%
2025-03-25 23:46:27,925 - INFO - 	Fold 6/10
2025-03-25 23:46:35,686 - INFO - 	Model trained for 30 epochs, accuracy is 94.29%
2025-03-25 23:46:36,084 - INFO - 	Fold 7/10
2025-03-25 23:46:43,057 - INFO - 	Model trained for 26 epochs, accuracy is 94.29%
2025-03-25 23:46:43,459 - INFO - 	Fold 8/10
2025-03-25 23:46:55,482 - INFO - 	Model trained for 50 epochs, accuracy is 87.14%
2025-03-25 23:46:55,889 - INFO - 	Fold 9/10
2025-03-25 23:47:00,562 - INFO - 	Model trained for 16 epochs, accuracy is 95.71%
2025-03-25 23:47:00,976 - INFO - 	Fold 10/10
2025-03-25 23:47:09,952 - INFO - 	Model trained for 36 epochs, accuracy is 94.29%
2025-03-25 23:47:10,368 - INFO - 	Mean accuracy over all folds is 92.59%
2025-03-25 23:47:10,369 - INFO - Trying 0.035 l2_rate
2025-03-25 23:47:10,369 - INFO - 	Fold 1/10
2025-03-25 23:47:19,262 - INFO - 	Model trained for 35 epochs, accuracy is 85.92%
2025-03-25 23:47:19,682 - INFO - 	Fold 2/10
2025-03-25 23:47:28,018 - INFO - 	Model trained for 33 epochs, accuracy is 95.71%
2025-03-25 23:47:28,444 - INFO - 	Fold 3/10
2025-03-25 23:47:34,448 - INFO - 	Model trained for 22 epochs, accuracy is 88.57%
2025-03-25 23:47:34,878 - INFO - 	Fold 4/10
2025-03-25 23:47:47,634 - INFO - 	Model trained for 53 epochs, accuracy is 91.43%
2025-03-25 23:47:48,068 - INFO - 	Fold 5/10
2025-03-25 23:47:55,746 - INFO - 	Model trained for 30 epochs, accuracy is 98.57%
2025-03-25 23:47:56,186 - INFO - 	Fold 6/10
2025-03-25 23:48:01,310 - INFO - 	Model trained for 18 epochs, accuracy is 61.43%
2025-03-25 23:48:01,755 - INFO - 	Fold 7/10
2025-03-25 23:48:16,227 - INFO - 	Model trained for 62 epochs, accuracy is 88.57%
2025-03-25 23:48:16,677 - INFO - 	Fold 8/10
2025-03-25 23:48:21,822 - INFO - 	Model trained for 18 epochs, accuracy is 80.00%
2025-03-25 23:48:22,275 - INFO - 	Fold 9/10
2025-03-25 23:48:32,447 - INFO - 	Model trained for 42 epochs, accuracy is 91.43%
2025-03-25 23:48:32,906 - INFO - 	Fold 10/10
2025-03-25 23:48:42,835 - INFO - 	Model trained for 41 epochs, accuracy is 94.29%
2025-03-25 23:48:43,299 - INFO - 	Mean accuracy over all folds is 87.59%
2025-03-25 23:48:43,300 - INFO - Trying 0.04 l2_rate
2025-03-25 23:48:43,301 - INFO - 	Fold 1/10
2025-03-25 23:48:50,925 - INFO - 	Model trained for 30 epochs, accuracy is 88.73%
2025-03-25 23:48:51,392 - INFO - 	Fold 2/10
2025-03-25 23:49:01,192 - INFO - 	Model trained for 40 epochs, accuracy is 94.29%
2025-03-25 23:49:01,666 - INFO - 	Fold 3/10
2025-03-25 23:49:10,829 - INFO - 	Model trained for 37 epochs, accuracy is 88.57%
2025-03-25 23:49:11,306 - INFO - 	Fold 4/10
2025-03-25 23:49:27,168 - INFO - 	Model trained for 68 epochs, accuracy is 94.29%
2025-03-25 23:49:27,650 - INFO - 	Fold 5/10
2025-03-25 23:49:37,830 - INFO - 	Model trained for 41 epochs, accuracy is 95.71%
2025-03-25 23:49:38,317 - INFO - 	Fold 6/10
2025-03-25 23:49:45,855 - INFO - 	Model trained for 29 epochs, accuracy is 92.86%
2025-03-25 23:49:46,347 - INFO - 	Fold 7/10
2025-03-25 23:49:52,366 - INFO - 	Model trained for 22 epochs, accuracy is 92.86%
2025-03-25 23:49:52,863 - INFO - 	Fold 8/10
2025-03-25 23:50:01,196 - INFO - 	Model trained for 33 epochs, accuracy is 87.14%
2025-03-25 23:50:01,696 - INFO - 	Fold 9/10
2025-03-25 23:50:12,629 - INFO - 	Model trained for 45 epochs, accuracy is 94.29%
2025-03-25 23:50:13,137 - INFO - 	Fold 10/10
2025-03-25 23:50:26,615 - INFO - 	Model trained for 56 epochs, accuracy is 97.14%
2025-03-25 23:50:27,127 - INFO - 	Mean accuracy over all folds is 92.59%
2025-03-25 23:50:27,128 - INFO - Trying 0.045 l2_rate
2025-03-25 23:50:27,128 - INFO - 	Fold 1/10
2025-03-25 23:50:34,908 - INFO - 	Model trained for 30 epochs, accuracy is 88.73%
2025-03-25 23:50:35,422 - INFO - 	Fold 2/10
2025-03-25 23:50:42,268 - INFO - 	Model trained for 26 epochs, accuracy is 97.14%
2025-03-25 23:50:42,787 - INFO - 	Fold 3/10
2025-03-25 23:50:49,785 - INFO - 	Model trained for 27 epochs, accuracy is 88.57%
2025-03-25 23:50:50,309 - INFO - 	Fold 4/10
2025-03-25 23:50:57,395 - INFO - 	Model trained for 27 epochs, accuracy is 94.29%
2025-03-25 23:50:57,922 - INFO - 	Fold 5/10
2025-03-25 23:51:07,096 - INFO - 	Model trained for 37 epochs, accuracy is 97.14%
2025-03-25 23:51:07,630 - INFO - 	Fold 6/10
2025-03-25 23:51:19,207 - INFO - 	Model trained for 48 epochs, accuracy is 92.86%
2025-03-25 23:51:19,744 - INFO - 	Fold 7/10
2025-03-25 23:51:33,437 - INFO - 	Model trained for 58 epochs, accuracy is 90.00%
2025-03-25 23:51:33,981 - INFO - 	Fold 8/10
2025-03-25 23:51:44,445 - INFO - 	Model trained for 43 epochs, accuracy is 82.86%
2025-03-25 23:51:44,991 - INFO - 	Fold 9/10
2025-03-25 23:51:57,688 - INFO - 	Model trained for 53 epochs, accuracy is 92.86%
2025-03-25 23:51:58,240 - INFO - 	Fold 10/10
2025-03-25 23:52:06,820 - INFO - 	Model trained for 34 epochs, accuracy is 92.86%
2025-03-25 23:52:07,389 - INFO - 	Mean accuracy over all folds is 91.73%
2025-03-25 23:52:07,390 - INFO - Trying 0.05 l2_rate
2025-03-25 23:52:07,391 - INFO - 	Fold 1/10
2025-03-25 23:52:15,691 - INFO - 	Model trained for 32 epochs, accuracy is 90.14%
2025-03-25 23:52:16,253 - INFO - 	Fold 2/10
2025-03-25 23:52:25,111 - INFO - 	Model trained for 35 epochs, accuracy is 94.29%
2025-03-25 23:52:25,679 - INFO - 	Fold 3/10
2025-03-25 23:52:32,647 - INFO - 	Model trained for 26 epochs, accuracy is 88.57%
2025-03-25 23:52:33,218 - INFO - 	Fold 4/10
2025-03-25 23:52:47,269 - INFO - 	Model trained for 60 epochs, accuracy is 94.29%
2025-03-25 23:52:47,844 - INFO - 	Fold 5/10
2025-03-25 23:52:54,751 - INFO - 	Model trained for 26 epochs, accuracy is 94.29%
2025-03-25 23:52:55,330 - INFO - 	Fold 6/10
2025-03-25 23:53:01,528 - INFO - 	Model trained for 23 epochs, accuracy is 94.29%
2025-03-25 23:53:02,113 - INFO - 	Fold 7/10
2025-03-25 23:53:12,660 - INFO - 	Model trained for 43 epochs, accuracy is 92.86%
2025-03-25 23:53:13,248 - INFO - 	Fold 8/10
2025-03-25 23:53:20,975 - INFO - 	Model trained for 30 epochs, accuracy is 85.71%
2025-03-25 23:53:21,569 - INFO - 	Fold 9/10
2025-03-25 23:53:28,458 - INFO - 	Model trained for 26 epochs, accuracy is 97.14%
2025-03-25 23:53:29,057 - INFO - 	Fold 10/10
2025-03-25 23:53:38,744 - INFO - 	Model trained for 39 epochs, accuracy is 94.29%
2025-03-25 23:53:39,347 - INFO - 	Mean accuracy over all folds is 92.59%
2025-03-25 23:53:39,348 - INFO - Trying 0.055 l2_rate
2025-03-25 23:53:39,348 - INFO - 	Fold 1/10
2025-03-25 23:53:47,671 - INFO - 	Model trained for 33 epochs, accuracy is 90.14%
2025-03-25 23:53:48,281 - INFO - 	Fold 2/10
2025-03-25 23:53:53,936 - INFO - 	Model trained for 20 epochs, accuracy is 62.86%
2025-03-25 23:53:54,549 - INFO - 	Fold 3/10
2025-03-25 23:54:02,325 - INFO - 	Model trained for 30 epochs, accuracy is 90.00%
2025-03-25 23:54:02,942 - INFO - 	Fold 4/10
2025-03-25 23:54:13,544 - INFO - 	Model trained for 43 epochs, accuracy is 94.29%
2025-03-25 23:54:14,167 - INFO - 	Fold 5/10
2025-03-25 23:54:19,764 - INFO - 	Model trained for 20 epochs, accuracy is 91.43%
2025-03-25 23:54:20,391 - INFO - 	Fold 6/10
2025-03-25 23:54:31,125 - INFO - 	Model trained for 44 epochs, accuracy is 92.86%
2025-03-25 23:54:31,755 - INFO - 	Fold 7/10
2025-03-25 23:54:42,340 - INFO - 	Model trained for 43 epochs, accuracy is 90.00%
2025-03-25 23:54:42,975 - INFO - 	Fold 8/10
2025-03-25 23:54:50,754 - INFO - 	Model trained for 30 epochs, accuracy is 87.14%
2025-03-25 23:54:51,394 - INFO - 	Fold 9/10
2025-03-25 23:55:02,443 - INFO - 	Model trained for 45 epochs, accuracy is 92.86%
2025-03-25 23:55:03,090 - INFO - 	Fold 10/10
2025-03-25 23:55:09,405 - INFO - 	Model trained for 23 epochs, accuracy is 94.29%
2025-03-25 23:55:10,055 - INFO - 	Mean accuracy over all folds is 88.59%
2025-03-25 23:55:10,056 - INFO - Trying 0.06 l2_rate
2025-03-25 23:55:10,056 - INFO - 	Fold 1/10
2025-03-25 23:55:21,270 - INFO - 	Model trained for 46 epochs, accuracy is 90.14%
2025-03-25 23:55:21,925 - INFO - 	Fold 2/10
2025-03-25 23:55:28,231 - INFO - 	Model trained for 23 epochs, accuracy is 94.29%
2025-03-25 23:55:28,891 - INFO - 	Fold 3/10
2025-03-25 23:55:36,029 - INFO - 	Model trained for 27 epochs, accuracy is 90.00%
2025-03-25 23:55:36,695 - INFO - 	Fold 4/10
2025-03-25 23:55:46,088 - INFO - 	Model trained for 38 epochs, accuracy is 92.86%
2025-03-25 23:55:46,756 - INFO - 	Fold 5/10
2025-03-25 23:55:55,135 - INFO - 	Model trained for 33 epochs, accuracy is 95.71%
2025-03-25 23:55:55,810 - INFO - 	Fold 6/10
2025-03-25 23:56:06,702 - INFO - 	Model trained for 45 epochs, accuracy is 94.29%
2025-03-25 23:56:07,381 - INFO - 	Fold 7/10
2025-03-25 23:56:15,570 - INFO - 	Model trained for 32 epochs, accuracy is 97.14%
2025-03-25 23:56:16,252 - INFO - 	Fold 8/10
2025-03-25 23:56:23,174 - INFO - 	Model trained for 26 epochs, accuracy is 85.71%
2025-03-25 23:56:23,861 - INFO - 	Fold 9/10
2025-03-25 23:56:30,144 - INFO - 	Model trained for 23 epochs, accuracy is 91.43%
2025-03-25 23:56:30,835 - INFO - 	Fold 10/10
2025-03-25 23:56:41,439 - INFO - 	Model trained for 43 epochs, accuracy is 94.29%
2025-03-25 23:56:42,136 - INFO - 	Mean accuracy over all folds is 92.59%
2025-03-25 23:56:42,136 - INFO - Trying 0.065 l2_rate
2025-03-25 23:56:42,137 - INFO - 	Fold 1/10
2025-03-25 23:56:54,151 - INFO - 	Model trained for 50 epochs, accuracy is 90.14%
2025-03-25 23:56:54,851 - INFO - 	Fold 2/10
2025-03-25 23:57:03,980 - INFO - 	Model trained for 36 epochs, accuracy is 94.29%
2025-03-25 23:57:04,686 - INFO - 	Fold 3/10
2025-03-25 23:57:10,828 - INFO - 	Model trained for 22 epochs, accuracy is 88.57%
2025-03-25 23:57:11,542 - INFO - 	Fold 4/10
2025-03-25 23:57:17,826 - INFO - 	Model trained for 23 epochs, accuracy is 91.43%
2025-03-25 23:57:18,542 - INFO - 	Fold 5/10
2025-03-25 23:57:25,690 - INFO - 	Model trained for 27 epochs, accuracy is 97.14%
2025-03-25 23:57:26,411 - INFO - 	Fold 6/10
2025-03-25 23:57:33,377 - INFO - 	Model trained for 26 epochs, accuracy is 91.43%
2025-03-25 23:57:34,102 - INFO - 	Fold 7/10
2025-03-25 23:57:46,811 - INFO - 	Model trained for 53 epochs, accuracy is 91.43%
2025-03-25 23:57:47,541 - INFO - 	Fold 8/10
2025-03-25 23:57:55,379 - INFO - 	Model trained for 30 epochs, accuracy is 88.57%
2025-03-25 23:57:56,112 - INFO - 	Fold 9/10
2025-03-25 23:58:07,474 - INFO - 	Model trained for 46 epochs, accuracy is 91.43%
2025-03-25 23:58:08,213 - INFO - 	Fold 10/10
2025-03-25 23:58:24,305 - INFO - 	Model trained for 68 epochs, accuracy is 94.29%
2025-03-25 23:58:25,047 - INFO - 	Mean accuracy over all folds is 91.87%
2025-03-25 23:58:25,048 - INFO - Trying 0.07 l2_rate
2025-03-25 23:58:25,048 - INFO - 	Fold 1/10
2025-03-25 23:58:32,778 - INFO - 	Model trained for 30 epochs, accuracy is 90.14%
2025-03-25 23:58:33,526 - INFO - 	Fold 2/10
2025-03-25 23:58:42,345 - INFO - 	Model trained for 35 epochs, accuracy is 98.57%
2025-03-25 23:58:43,097 - INFO - 	Fold 3/10
2025-03-25 23:58:51,840 - INFO - 	Model trained for 35 epochs, accuracy is 91.43%
2025-03-25 23:58:52,596 - INFO - 	Fold 4/10
2025-03-25 23:59:04,003 - INFO - 	Model trained for 47 epochs, accuracy is 88.57%
2025-03-25 23:59:04,769 - INFO - 	Fold 5/10
2025-03-25 23:59:10,361 - INFO - 	Model trained for 20 epochs, accuracy is 68.57%
2025-03-25 23:59:11,128 - INFO - 	Fold 6/10
2025-03-25 23:59:20,242 - INFO - 	Model trained for 36 epochs, accuracy is 94.29%
2025-03-25 23:59:21,014 - INFO - 	Fold 7/10
2025-03-25 23:59:26,891 - INFO - 	Model trained for 21 epochs, accuracy is 92.86%
2025-03-25 23:59:27,680 - INFO - 	Fold 8/10
2025-03-25 23:59:34,209 - INFO - 	Model trained for 24 epochs, accuracy is 84.29%
2025-03-25 23:59:34,989 - INFO - 	Fold 9/10
2025-03-25 23:59:46,604 - INFO - 	Model trained for 48 epochs, accuracy is 94.29%
2025-03-25 23:59:47,390 - INFO - 	Fold 10/10
2025-03-26 00:00:08,194 - INFO - 	Model trained for 91 epochs, accuracy is 94.29%
2025-03-26 00:00:08,985 - INFO - 	Mean accuracy over all folds is 89.73%
2025-03-26 00:00:08,986 - INFO - Trying 0.075 l2_rate
2025-03-26 00:00:08,986 - INFO - 	Fold 1/10
2025-03-26 00:00:16,716 - INFO - 	Model trained for 29 epochs, accuracy is 90.14%
2025-03-26 00:00:17,525 - INFO - 	Fold 2/10
2025-03-26 00:00:24,031 - INFO - 	Model trained for 24 epochs, accuracy is 95.71%
2025-03-26 00:00:24,831 - INFO - 	Fold 3/10
2025-03-26 00:00:32,270 - INFO - 	Model trained for 28 epochs, accuracy is 91.43%
2025-03-26 00:00:33,075 - INFO - 	Fold 4/10
2025-03-26 00:00:46,878 - INFO - 	Model trained for 58 epochs, accuracy is 94.29%
2025-03-26 00:00:47,688 - INFO - 	Fold 5/10
2025-03-26 00:00:56,096 - INFO - 	Model trained for 33 epochs, accuracy is 94.29%
2025-03-26 00:00:56,911 - INFO - 	Fold 6/10
2025-03-26 00:01:08,776 - INFO - 	Model trained for 49 epochs, accuracy is 94.29%
2025-03-26 00:01:09,594 - INFO - 	Fold 7/10
2025-03-26 00:01:16,710 - INFO - 	Model trained for 27 epochs, accuracy is 90.00%
2025-03-26 00:01:17,535 - INFO - 	Fold 8/10
2025-03-26 00:01:24,286 - INFO - 	Model trained for 25 epochs, accuracy is 84.29%
2025-03-26 00:01:25,116 - INFO - 	Fold 9/10
2025-03-26 00:01:34,762 - INFO - 	Model trained for 39 epochs, accuracy is 92.86%
2025-03-26 00:01:35,594 - INFO - 	Fold 10/10
2025-03-26 00:01:43,130 - INFO - 	Model trained for 29 epochs, accuracy is 94.29%
2025-03-26 00:01:43,969 - INFO - 	Mean accuracy over all folds is 92.16%
2025-03-26 00:01:43,970 - INFO - Trying 0.08 l2_rate
2025-03-26 00:01:43,970 - INFO - 	Fold 1/10
2025-03-26 00:01:53,315 - INFO - 	Model trained for 37 epochs, accuracy is 90.14%
2025-03-26 00:01:54,159 - INFO - 	Fold 2/10
2025-03-26 00:02:01,380 - INFO - 	Model trained for 27 epochs, accuracy is 97.14%
2025-03-26 00:02:02,225 - INFO - 	Fold 3/10
2025-03-26 00:02:10,764 - INFO - 	Model trained for 33 epochs, accuracy is 90.00%
2025-03-26 00:02:11,617 - INFO - 	Fold 4/10
2025-03-26 00:02:25,598 - INFO - 	Model trained for 59 epochs, accuracy is 91.43%
2025-03-26 00:02:26,455 - INFO - 	Fold 5/10
2025-03-26 00:02:33,164 - INFO - 	Model trained for 25 epochs, accuracy is 68.57%
2025-03-26 00:02:34,023 - INFO - 	Fold 6/10
2025-03-26 00:02:42,218 - INFO - 	Model trained for 32 epochs, accuracy is 94.29%
2025-03-26 00:02:43,085 - INFO - 	Fold 7/10
2025-03-26 00:02:53,681 - INFO - 	Model trained for 43 epochs, accuracy is 94.29%
2025-03-26 00:02:54,550 - INFO - 	Fold 8/10
2025-03-26 00:03:08,731 - INFO - 	Model trained for 60 epochs, accuracy is 88.57%
2025-03-26 00:03:09,605 - INFO - 	Fold 9/10
2025-03-26 00:03:17,151 - INFO - 	Model trained for 29 epochs, accuracy is 88.57%
2025-03-26 00:03:18,031 - INFO - 	Fold 10/10
2025-03-26 00:03:23,906 - INFO - 	Model trained for 21 epochs, accuracy is 65.71%
2025-03-26 00:03:24,793 - INFO - 	Mean accuracy over all folds is 86.87%
2025-03-26 00:03:24,794 - INFO - Trying 0.085 l2_rate
2025-03-26 00:03:24,794 - INFO - 	Fold 1/10
2025-03-26 00:03:34,478 - INFO - 	Model trained for 39 epochs, accuracy is 88.73%
2025-03-26 00:03:35,365 - INFO - 	Fold 2/10
2025-03-26 00:03:42,250 - INFO - 	Model trained for 26 epochs, accuracy is 94.29%
2025-03-26 00:03:43,143 - INFO - 	Fold 3/10
2025-03-26 00:03:48,592 - INFO - 	Model trained for 19 epochs, accuracy is 55.71%
2025-03-26 00:03:49,494 - INFO - 	Fold 4/10
2025-03-26 00:03:57,908 - INFO - 	Model trained for 33 epochs, accuracy is 91.43%
2025-03-26 00:03:58,811 - INFO - 	Fold 5/10
2025-03-26 00:04:09,016 - INFO - 	Model trained for 41 epochs, accuracy is 94.29%
2025-03-26 00:04:09,921 - INFO - 	Fold 6/10
2025-03-26 00:04:20,522 - INFO - 	Model trained for 43 epochs, accuracy is 94.29%
2025-03-26 00:04:21,434 - INFO - 	Fold 7/10
2025-03-26 00:04:25,999 - INFO - 	Model trained for 15 epochs, accuracy is 72.86%
2025-03-26 00:04:26,918 - INFO - 	Fold 8/10
2025-03-26 00:04:37,490 - INFO - 	Model trained for 43 epochs, accuracy is 84.29%
2025-03-26 00:04:38,411 - INFO - 	Fold 9/10
2025-03-26 00:04:49,798 - INFO - 	Model trained for 47 epochs, accuracy is 92.86%
2025-03-26 00:04:50,724 - INFO - 	Fold 10/10
2025-03-26 00:04:57,087 - INFO - 	Model trained for 23 epochs, accuracy is 65.71%
2025-03-26 00:04:58,018 - INFO - 	Mean accuracy over all folds is 83.44%
2025-03-26 00:04:58,019 - INFO - Trying 0.09 l2_rate
2025-03-26 00:04:58,019 - INFO - 	Fold 1/10
2025-03-26 00:05:07,343 - INFO - 	Model trained for 37 epochs, accuracy is 91.55%
2025-03-26 00:05:08,280 - INFO - 	Fold 2/10
2025-03-26 00:05:17,905 - INFO - 	Model trained for 38 epochs, accuracy is 95.71%
2025-03-26 00:05:18,844 - INFO - 	Fold 3/10
2025-03-26 00:05:33,513 - INFO - 	Model trained for 62 epochs, accuracy is 90.00%
2025-03-26 00:05:34,457 - INFO - 	Fold 4/10
2025-03-26 00:05:44,597 - INFO - 	Model trained for 41 epochs, accuracy is 92.86%
2025-03-26 00:05:45,545 - INFO - 	Fold 5/10
2025-03-26 00:05:54,069 - INFO - 	Model trained for 33 epochs, accuracy is 95.71%
2025-03-26 00:05:55,023 - INFO - 	Fold 6/10
2025-03-26 00:06:11,647 - INFO - 	Model trained for 71 epochs, accuracy is 94.29%
2025-03-26 00:06:12,607 - INFO - 	Fold 7/10
2025-03-26 00:06:21,689 - INFO - 	Model trained for 36 epochs, accuracy is 94.29%
2025-03-26 00:06:22,652 - INFO - 	Fold 8/10
2025-03-26 00:06:28,949 - INFO - 	Model trained for 23 epochs, accuracy is 82.86%
2025-03-26 00:06:29,916 - INFO - 	Fold 9/10
2025-03-26 00:06:43,447 - INFO - 	Model trained for 57 epochs, accuracy is 94.29%
2025-03-26 00:06:44,421 - INFO - 	Fold 10/10
2025-03-26 00:06:54,839 - INFO - 	Model trained for 42 epochs, accuracy is 95.71%
2025-03-26 00:06:55,815 - INFO - 	Mean accuracy over all folds is 92.73%
2025-03-26 00:06:55,816 - INFO - Trying 0.095 l2_rate
2025-03-26 00:06:55,816 - INFO - 	Fold 1/10
2025-03-26 00:07:04,083 - INFO - 	Model trained for 32 epochs, accuracy is 87.32%
2025-03-26 00:07:05,068 - INFO - 	Fold 2/10
2025-03-26 00:07:18,259 - INFO - 	Model trained for 55 epochs, accuracy is 97.14%
2025-03-26 00:07:19,247 - INFO - 	Fold 3/10
2025-03-26 00:07:26,781 - INFO - 	Model trained for 29 epochs, accuracy is 90.00%
2025-03-26 00:07:27,773 - INFO - 	Fold 4/10
2025-03-26 00:07:35,560 - INFO - 	Model trained for 30 epochs, accuracy is 94.29%
2025-03-26 00:07:36,556 - INFO - 	Fold 5/10
2025-03-26 00:07:40,965 - INFO - 	Model trained for 14 epochs, accuracy is 68.57%
2025-03-26 00:07:41,967 - INFO - 	Fold 6/10
2025-03-26 00:07:53,225 - INFO - 	Model trained for 46 epochs, accuracy is 94.29%
2025-03-26 00:07:54,229 - INFO - 	Fold 7/10
2025-03-26 00:07:59,613 - INFO - 	Model trained for 19 epochs, accuracy is 72.86%
2025-03-26 00:08:00,624 - INFO - 	Fold 8/10
2025-03-26 00:08:07,516 - INFO - 	Model trained for 26 epochs, accuracy is 82.86%
2025-03-26 00:08:08,530 - INFO - 	Fold 9/10
2025-03-26 00:08:13,827 - INFO - 	Model trained for 18 epochs, accuracy is 42.86%
2025-03-26 00:08:14,849 - INFO - 	Fold 10/10
2025-03-26 00:08:20,513 - INFO - 	Model trained for 20 epochs, accuracy is 94.29%
2025-03-26 00:08:21,537 - INFO - 	Mean accuracy over all folds is 82.45%
2025-03-26 00:08:21,538 - INFO - Trying 0.1 l2_rate
2025-03-26 00:08:21,538 - INFO - 	Fold 1/10
2025-03-26 00:08:30,584 - INFO - 	Model trained for 36 epochs, accuracy is 88.73%
2025-03-26 00:08:31,614 - INFO - 	Fold 2/10
2025-03-26 00:08:37,198 - INFO - 	Model trained for 20 epochs, accuracy is 62.86%
2025-03-26 00:08:38,231 - INFO - 	Fold 3/10
2025-03-26 00:08:48,546 - INFO - 	Model trained for 42 epochs, accuracy is 90.00%
2025-03-26 00:08:49,588 - INFO - 	Fold 4/10
2025-03-26 00:09:02,518 - INFO - 	Model trained for 54 epochs, accuracy is 92.86%
2025-03-26 00:09:03,560 - INFO - 	Fold 5/10
2025-03-26 00:09:08,308 - INFO - 	Model trained for 16 epochs, accuracy is 68.57%
2025-03-26 00:09:09,358 - INFO - 	Fold 6/10
2025-03-26 00:09:15,184 - INFO - 	Model trained for 21 epochs, accuracy is 61.43%
2025-03-26 00:09:16,235 - INFO - 	Fold 7/10
2025-03-26 00:09:32,172 - INFO - 	Model trained for 69 epochs, accuracy is 95.71%
2025-03-26 00:09:33,229 - INFO - 	Fold 8/10
2025-03-26 00:09:41,497 - INFO - 	Model trained for 32 epochs, accuracy is 84.29%
2025-03-26 00:09:42,561 - INFO - 	Fold 9/10
2025-03-26 00:09:57,538 - INFO - 	Model trained for 63 epochs, accuracy is 94.29%
2025-03-26 00:09:58,604 - INFO - 	Fold 10/10
2025-03-26 00:10:11,404 - INFO - 	Model trained for 53 epochs, accuracy is 95.71%
2025-03-26 00:10:12,477 - INFO - 	Mean accuracy over all folds is 83.44%
2025-03-26 00:10:12,478 - INFO - Done sweeping l2_rate

2025-03-26 00:10:12,580 - INFO - Done!
