2025-03-25 17:00:03,425 - INFO - ---------- 1D CNN Training ----------
2025-03-25 17:00:04,160 - INFO - Loaded 701 datapoints
2025-03-25 17:00:04,161 - INFO - Beginning sweeps...

2025-03-25 17:00:04,161 - INFO - Sweeping conv_layers...
2025-03-25 17:00:04,162 - INFO - Trying 1 conv_layers
2025-03-25 17:00:04,162 - INFO - 	Fold 1/10
2025-03-25 17:00:09,095 - INFO - 	Model trained for 13 epochs, accuracy is 57.75%
2025-03-25 17:00:09,172 - INFO - 	Fold 2/10
2025-03-25 17:00:14,040 - INFO - 	Model trained for 21 epochs, accuracy is 62.86%
2025-03-25 17:00:14,156 - INFO - 	Fold 3/10
2025-03-25 17:00:18,622 - INFO - 	Model trained for 19 epochs, accuracy is 55.71%
2025-03-25 17:00:18,720 - INFO - 	Fold 4/10
2025-03-25 17:00:21,866 - INFO - 	Model trained for 14 epochs, accuracy is 58.57%
2025-03-25 17:00:21,967 - INFO - 	Fold 5/10
2025-03-25 17:00:25,570 - INFO - 	Model trained for 17 epochs, accuracy is 68.57%
2025-03-25 17:00:25,677 - INFO - 	Fold 6/10
2025-03-25 17:00:29,201 - INFO - 	Model trained for 15 epochs, accuracy is 61.43%
2025-03-25 17:00:29,315 - INFO - 	Fold 7/10
2025-03-25 17:00:32,441 - INFO - 	Model trained for 14 epochs, accuracy is 72.86%
2025-03-25 17:00:32,556 - INFO - 	Fold 8/10
2025-03-25 17:00:36,379 - INFO - 	Model trained for 19 epochs, accuracy is 64.29%
2025-03-25 17:00:36,496 - INFO - 	Fold 9/10
2025-03-25 17:00:40,854 - INFO - 	Model trained for 22 epochs, accuracy is 42.86%
2025-03-25 17:00:40,984 - INFO - 	Fold 10/10
2025-03-25 17:00:44,837 - INFO - 	Model trained for 19 epochs, accuracy is 65.71%
2025-03-25 17:00:44,964 - INFO - 	Mean accuracy over all folds is 61.06%
2025-03-25 17:00:44,965 - INFO - Trying 2 conv_layers
2025-03-25 17:00:44,965 - INFO - 	Fold 1/10
2025-03-25 17:00:49,234 - INFO - 	Model trained for 13 epochs, accuracy is 57.75%
2025-03-25 17:00:49,364 - INFO - 	Fold 2/10
2025-03-25 17:00:55,410 - INFO - 	Model trained for 24 epochs, accuracy is 62.86%
2025-03-25 17:00:55,550 - INFO - 	Fold 3/10
2025-03-25 17:01:00,273 - INFO - 	Model trained for 19 epochs, accuracy is 55.71%
2025-03-25 17:01:00,415 - INFO - 	Fold 4/10
2025-03-25 17:01:04,343 - INFO - 	Model trained for 15 epochs, accuracy is 58.57%
2025-03-25 17:01:04,489 - INFO - 	Fold 5/10
2025-03-25 17:01:09,083 - INFO - 	Model trained for 15 epochs, accuracy is 68.57%
2025-03-25 17:01:09,237 - INFO - 	Fold 6/10
2025-03-25 17:01:14,409 - INFO - 	Model trained for 21 epochs, accuracy is 61.43%
2025-03-25 17:01:14,566 - INFO - 	Fold 7/10
2025-03-25 17:01:18,616 - INFO - 	Model trained for 16 epochs, accuracy is 72.86%
2025-03-25 17:01:18,773 - INFO - 	Fold 8/10
2025-03-25 17:01:22,269 - INFO - 	Model trained for 13 epochs, accuracy is 64.29%
2025-03-25 17:01:22,433 - INFO - 	Fold 9/10
2025-03-25 17:01:26,315 - INFO - 	Model trained for 15 epochs, accuracy is 42.86%
2025-03-25 17:01:26,483 - INFO - 	Fold 10/10
2025-03-25 17:01:30,457 - INFO - 	Model trained for 16 epochs, accuracy is 65.71%
2025-03-25 17:01:30,628 - INFO - 	Mean accuracy over all folds is 61.06%
2025-03-25 17:01:30,629 - INFO - Trying 3 conv_layers
2025-03-25 17:01:30,629 - INFO - 	Fold 1/10
2025-03-25 17:01:42,593 - INFO - 	Model trained for 46 epochs, accuracy is 91.55%
2025-03-25 17:01:42,773 - INFO - 	Fold 2/10
2025-03-25 17:01:49,608 - INFO - 	Model trained for 22 epochs, accuracy is 92.86%
2025-03-25 17:01:49,792 - INFO - 	Fold 3/10
2025-03-25 17:01:54,957 - INFO - 	Model trained for 18 epochs, accuracy is 90.00%
2025-03-25 17:01:55,146 - INFO - 	Fold 4/10
2025-03-25 17:02:04,355 - INFO - 	Model trained for 35 epochs, accuracy is 90.00%
2025-03-25 17:02:04,548 - INFO - 	Fold 5/10
2025-03-25 17:02:11,684 - INFO - 	Model trained for 27 epochs, accuracy is 94.29%
2025-03-25 17:02:11,889 - INFO - 	Fold 6/10
2025-03-25 17:02:18,464 - INFO - 	Model trained for 24 epochs, accuracy is 61.43%
2025-03-25 17:02:18,668 - INFO - 	Fold 7/10
2025-03-25 17:02:39,310 - INFO - 	Model trained for 85 epochs, accuracy is 95.71%
2025-03-25 17:02:39,534 - INFO - 	Fold 8/10
2025-03-25 17:02:51,575 - INFO - 	Model trained for 49 epochs, accuracy is 84.29%
2025-03-25 17:02:51,790 - INFO - 	Fold 9/10
2025-03-25 17:02:57,814 - INFO - 	Model trained for 20 epochs, accuracy is 88.57%
2025-03-25 17:02:58,053 - INFO - 	Fold 10/10
2025-03-25 17:03:02,683 - INFO - 	Model trained for 15 epochs, accuracy is 65.71%
2025-03-25 17:03:02,907 - INFO - 	Mean accuracy over all folds is 85.44%
2025-03-25 17:03:02,908 - INFO - Trying 4 conv_layers
2025-03-25 17:03:02,908 - INFO - 	Fold 1/10
2025-03-25 17:03:14,361 - INFO - 	Model trained for 34 epochs, accuracy is 95.77%
2025-03-25 17:03:14,620 - INFO - 	Fold 2/10
2025-03-25 17:03:22,225 - INFO - 	Model trained for 21 epochs, accuracy is 95.71%
2025-03-25 17:03:22,461 - INFO - 	Fold 3/10
2025-03-25 17:03:29,446 - INFO - 	Model trained for 20 epochs, accuracy is 92.86%
2025-03-25 17:03:29,698 - INFO - 	Fold 4/10
2025-03-25 17:03:43,429 - INFO - 	Model trained for 43 epochs, accuracy is 94.29%
2025-03-25 17:03:43,680 - INFO - 	Fold 5/10
2025-03-25 17:03:54,186 - INFO - 	Model trained for 28 epochs, accuracy is 94.29%
2025-03-25 17:03:54,442 - INFO - 	Fold 6/10
2025-03-25 17:04:00,993 - INFO - 	Model trained for 18 epochs, accuracy is 94.29%
2025-03-25 17:04:01,254 - INFO - 	Fold 7/10
2025-03-25 17:04:07,346 - INFO - 	Model trained for 16 epochs, accuracy is 72.86%
2025-03-25 17:04:07,612 - INFO - 	Fold 8/10
2025-03-25 17:04:16,244 - INFO - 	Model trained for 25 epochs, accuracy is 91.43%
2025-03-25 17:04:16,530 - INFO - 	Fold 9/10
2025-03-25 17:04:26,527 - INFO - 	Model trained for 30 epochs, accuracy is 95.71%
2025-03-25 17:04:26,802 - INFO - 	Fold 10/10
2025-03-25 17:04:36,275 - INFO - 	Model trained for 25 epochs, accuracy is 97.14%
2025-03-25 17:04:36,574 - INFO - 	Mean accuracy over all folds is 92.43%
2025-03-25 17:04:36,575 - INFO - Trying 5 conv_layers
2025-03-25 17:04:36,576 - INFO - 	Fold 1/10
2025-03-25 17:04:59,499 - INFO - 	Model trained for 44 epochs, accuracy is 97.18%
2025-03-25 17:04:59,803 - INFO - 	Fold 2/10
2025-03-25 17:05:18,692 - INFO - 	Model trained for 37 epochs, accuracy is 97.14%
2025-03-25 17:05:18,991 - INFO - 	Fold 3/10
2025-03-25 17:05:33,367 - INFO - 	Model trained for 31 epochs, accuracy is 92.86%
2025-03-25 17:05:33,673 - INFO - 	Fold 4/10
2025-03-25 17:05:52,215 - INFO - 	Model trained for 40 epochs, accuracy is 95.71%
2025-03-25 17:05:52,524 - INFO - 	Fold 5/10
2025-03-25 17:06:22,893 - INFO - 	Model trained for 52 epochs, accuracy is 95.71%
2025-03-25 17:06:23,210 - INFO - 	Fold 6/10
2025-03-25 17:06:34,645 - INFO - 	Model trained for 24 epochs, accuracy is 94.29%
2025-03-25 17:06:34,971 - INFO - 	Fold 7/10
2025-03-25 17:06:43,072 - INFO - 	Model trained for 13 epochs, accuracy is 95.71%
2025-03-25 17:06:43,418 - INFO - 	Fold 8/10
2025-03-25 17:06:55,661 - INFO - 	Model trained for 20 epochs, accuracy is 88.57%
2025-03-25 17:06:55,995 - INFO - 	Fold 9/10
2025-03-25 17:07:15,564 - INFO - 	Model trained for 37 epochs, accuracy is 95.71%
2025-03-25 17:07:15,912 - INFO - 	Fold 10/10
2025-03-25 17:07:27,670 - INFO - 	Model trained for 24 epochs, accuracy is 98.57%
2025-03-25 17:07:28,013 - INFO - 	Mean accuracy over all folds is 95.15%
2025-03-25 17:07:28,014 - INFO - Trying 6 conv_layers
2025-03-25 17:07:28,015 - INFO - 	Fold 1/10
2025-03-25 17:07:44,845 - INFO - 	Model trained for 20 epochs, accuracy is 92.96%
2025-03-25 17:07:45,199 - INFO - 	Fold 2/10
2025-03-25 17:08:07,542 - INFO - 	Model trained for 24 epochs, accuracy is 98.57%
2025-03-25 17:08:07,905 - INFO - 	Fold 3/10
2025-03-25 17:08:45,765 - INFO - 	Model trained for 36 epochs, accuracy is 92.86%
2025-03-25 17:08:46,155 - INFO - 	Fold 4/10
2025-03-25 17:09:25,062 - INFO - 	Model trained for 41 epochs, accuracy is 92.86%
2025-03-25 17:09:25,466 - INFO - 	Fold 5/10
2025-03-25 17:09:52,344 - INFO - 	Model trained for 32 epochs, accuracy is 95.71%
2025-03-25 17:09:52,730 - INFO - 	Fold 6/10
2025-03-25 17:10:24,605 - INFO - 	Model trained for 29 epochs, accuracy is 94.29%
2025-03-25 17:10:24,994 - INFO - 	Fold 7/10
2025-03-25 17:11:03,631 - INFO - 	Model trained for 42 epochs, accuracy is 94.29%
2025-03-25 17:11:04,053 - INFO - 	Fold 8/10
2025-03-25 17:11:47,505 - INFO - 	Model trained for 40 epochs, accuracy is 88.57%
2025-03-25 17:11:47,919 - INFO - 	Fold 9/10
2025-03-25 17:12:22,109 - INFO - 	Model trained for 35 epochs, accuracy is 92.86%
2025-03-25 17:12:22,521 - INFO - 	Fold 10/10
2025-03-25 17:12:38,941 - INFO - 	Model trained for 20 epochs, accuracy is 95.71%
2025-03-25 17:12:39,368 - INFO - 	Mean accuracy over all folds is 93.87%
2025-03-25 17:12:39,369 - INFO - Done sweeping conv_layers

2025-03-25 17:12:39,480 - INFO - Sweeping dense_points...
2025-03-25 17:12:39,480 - INFO - Trying 32 dense_points
2025-03-25 17:12:39,480 - INFO - 	Fold 1/10
2025-03-25 17:12:46,291 - INFO - 	Model trained for 22 epochs, accuracy is 91.55%
2025-03-25 17:12:46,706 - INFO - 	Fold 2/10
2025-03-25 17:12:56,487 - INFO - 	Model trained for 44 epochs, accuracy is 95.71%
2025-03-25 17:12:56,910 - INFO - 	Fold 3/10
2025-03-25 17:13:03,844 - INFO - 	Model trained for 28 epochs, accuracy is 90.00%
2025-03-25 17:13:04,263 - INFO - 	Fold 4/10
2025-03-25 17:13:13,045 - INFO - 	Model trained for 39 epochs, accuracy is 91.43%
2025-03-25 17:13:13,464 - INFO - 	Fold 5/10
2025-03-25 17:13:20,107 - INFO - 	Model trained for 27 epochs, accuracy is 94.29%
2025-03-25 17:13:20,536 - INFO - 	Fold 6/10
2025-03-25 17:13:26,704 - INFO - 	Model trained for 25 epochs, accuracy is 92.86%
2025-03-25 17:13:27,141 - INFO - 	Fold 7/10
2025-03-25 17:13:34,196 - INFO - 	Model trained for 27 epochs, accuracy is 97.14%
2025-03-25 17:13:34,632 - INFO - 	Fold 8/10
2025-03-25 17:13:41,716 - INFO - 	Model trained for 30 epochs, accuracy is 84.29%
2025-03-25 17:13:42,168 - INFO - 	Fold 9/10
2025-03-25 17:13:54,245 - INFO - 	Model trained for 54 epochs, accuracy is 95.71%
2025-03-25 17:13:54,690 - INFO - 	Fold 10/10
2025-03-25 17:14:02,133 - INFO - 	Model trained for 31 epochs, accuracy is 94.29%
2025-03-25 17:14:02,583 - INFO - 	Mean accuracy over all folds is 92.73%
2025-03-25 17:14:02,584 - INFO - Trying 64 dense_points
2025-03-25 17:14:02,584 - INFO - 	Fold 1/10
2025-03-25 17:14:12,423 - INFO - 	Model trained for 41 epochs, accuracy is 88.73%
2025-03-25 17:14:12,873 - INFO - 	Fold 2/10
2025-03-25 17:14:20,484 - INFO - 	Model trained for 28 epochs, accuracy is 94.29%
2025-03-25 17:14:21,018 - INFO - 	Fold 3/10
2025-03-25 17:14:26,230 - INFO - 	Model trained for 18 epochs, accuracy is 87.14%
2025-03-25 17:14:26,721 - INFO - 	Fold 4/10
2025-03-25 17:14:33,082 - INFO - 	Model trained for 23 epochs, accuracy is 90.00%
2025-03-25 17:14:33,584 - INFO - 	Fold 5/10
2025-03-25 17:14:45,792 - INFO - 	Model trained for 50 epochs, accuracy is 94.29%
2025-03-25 17:14:46,264 - INFO - 	Fold 6/10
2025-03-25 17:14:58,380 - INFO - 	Model trained for 51 epochs, accuracy is 94.29%
2025-03-25 17:14:58,883 - INFO - 	Fold 7/10
2025-03-25 17:15:06,571 - INFO - 	Model trained for 31 epochs, accuracy is 92.86%
2025-03-25 17:15:07,054 - INFO - 	Fold 8/10
2025-03-25 17:15:14,245 - INFO - 	Model trained for 29 epochs, accuracy is 85.71%
2025-03-25 17:15:14,734 - INFO - 	Fold 9/10
2025-03-25 17:15:24,418 - INFO - 	Model trained for 41 epochs, accuracy is 91.43%
2025-03-25 17:15:24,907 - INFO - 	Fold 10/10
2025-03-25 17:15:30,842 - INFO - 	Model trained for 23 epochs, accuracy is 92.86%
2025-03-25 17:15:31,340 - INFO - 	Mean accuracy over all folds is 91.16%
2025-03-25 17:15:31,340 - INFO - Trying 128 dense_points
2025-03-25 17:15:31,341 - INFO - 	Fold 1/10
2025-03-25 17:15:38,889 - INFO - 	Model trained for 28 epochs, accuracy is 88.73%
2025-03-25 17:15:39,393 - INFO - 	Fold 2/10
2025-03-25 17:15:48,777 - INFO - 	Model trained for 36 epochs, accuracy is 94.29%
2025-03-25 17:15:49,318 - INFO - 	Fold 3/10
2025-03-25 17:16:01,361 - INFO - 	Model trained for 48 epochs, accuracy is 90.00%
2025-03-25 17:16:01,877 - INFO - 	Fold 4/10
2025-03-25 17:16:07,351 - INFO - 	Model trained for 19 epochs, accuracy is 58.57%
2025-03-25 17:16:07,873 - INFO - 	Fold 5/10
2025-03-25 17:16:13,942 - INFO - 	Model trained for 20 epochs, accuracy is 94.29%
2025-03-25 17:16:14,478 - INFO - 	Fold 6/10
2025-03-25 17:16:22,122 - INFO - 	Model trained for 28 epochs, accuracy is 94.29%
2025-03-25 17:16:22,658 - INFO - 	Fold 7/10
2025-03-25 17:16:29,724 - INFO - 	Model trained for 26 epochs, accuracy is 94.29%
2025-03-25 17:16:30,251 - INFO - 	Fold 8/10
2025-03-25 17:16:38,852 - INFO - 	Model trained for 33 epochs, accuracy is 84.29%
2025-03-25 17:16:39,410 - INFO - 	Fold 9/10
2025-03-25 17:16:51,052 - INFO - 	Model trained for 40 epochs, accuracy is 90.00%
2025-03-25 17:16:51,611 - INFO - 	Fold 10/10
2025-03-25 17:17:06,072 - INFO - 	Model trained for 56 epochs, accuracy is 94.29%
2025-03-25 17:17:06,617 - INFO - 	Mean accuracy over all folds is 88.30%
2025-03-25 17:17:06,618 - INFO - Trying 256 dense_points
2025-03-25 17:17:06,618 - INFO - 	Fold 1/10
2025-03-25 17:17:14,056 - INFO - 	Model trained for 23 epochs, accuracy is 90.14%
2025-03-25 17:17:14,608 - INFO - 	Fold 2/10
2025-03-25 17:17:20,343 - INFO - 	Model trained for 16 epochs, accuracy is 62.86%
2025-03-25 17:17:20,908 - INFO - 	Fold 3/10
2025-03-25 17:17:28,095 - INFO - 	Model trained for 22 epochs, accuracy is 88.57%
2025-03-25 17:17:28,667 - INFO - 	Fold 4/10
2025-03-25 17:17:34,305 - INFO - 	Model trained for 16 epochs, accuracy is 58.57%
2025-03-25 17:17:34,870 - INFO - 	Fold 5/10
2025-03-25 17:17:42,297 - INFO - 	Model trained for 23 epochs, accuracy is 94.29%
2025-03-25 17:17:42,963 - INFO - 	Fold 6/10
2025-03-25 17:17:54,417 - INFO - 	Model trained for 36 epochs, accuracy is 94.29%
2025-03-25 17:17:54,992 - INFO - 	Fold 7/10
2025-03-25 17:18:00,500 - INFO - 	Model trained for 16 epochs, accuracy is 72.86%
2025-03-25 17:18:01,081 - INFO - 	Fold 8/10
2025-03-25 17:18:10,219 - INFO - 	Model trained for 28 epochs, accuracy is 84.29%
2025-03-25 17:18:10,805 - INFO - 	Fold 9/10
2025-03-25 17:18:26,594 - INFO - 	Model trained for 52 epochs, accuracy is 94.29%
2025-03-25 17:18:27,228 - INFO - 	Fold 10/10
2025-03-25 17:18:34,190 - INFO - 	Model trained for 21 epochs, accuracy is 92.86%
2025-03-25 17:18:34,868 - INFO - 	Mean accuracy over all folds is 83.30%
2025-03-25 17:18:34,869 - INFO - Trying 512 dense_points
2025-03-25 17:18:34,870 - INFO - 	Fold 1/10
2025-03-25 17:18:54,022 - INFO - 	Model trained for 44 epochs, accuracy is 87.32%
2025-03-25 17:18:54,635 - INFO - 	Fold 2/10
2025-03-25 17:19:05,402 - INFO - 	Model trained for 26 epochs, accuracy is 62.86%
2025-03-25 17:19:06,022 - INFO - 	Fold 3/10
2025-03-25 17:19:13,810 - INFO - 	Model trained for 17 epochs, accuracy is 55.71%
2025-03-25 17:19:14,414 - INFO - 	Fold 4/10
2025-03-25 17:19:20,547 - INFO - 	Model trained for 12 epochs, accuracy is 58.57%
2025-03-25 17:19:21,229 - INFO - 	Fold 5/10
2025-03-25 17:19:26,238 - INFO - 	Model trained for 9 epochs, accuracy is 68.57%
2025-03-25 17:19:26,884 - INFO - 	Fold 6/10
2025-03-25 17:19:34,005 - INFO - 	Model trained for 16 epochs, accuracy is 61.43%
2025-03-25 17:19:34,641 - INFO - 	Fold 7/10
2025-03-25 17:19:41,090 - INFO - 	Model trained for 14 epochs, accuracy is 72.86%
2025-03-25 17:19:41,742 - INFO - 	Fold 8/10
2025-03-25 17:19:46,741 - INFO - 	Model trained for 9 epochs, accuracy is 64.29%
2025-03-25 17:19:47,389 - INFO - 	Fold 9/10
2025-03-25 17:19:53,172 - INFO - 	Model trained for 11 epochs, accuracy is 42.86%
2025-03-25 17:19:53,849 - INFO - 	Fold 10/10
2025-03-25 17:20:20,785 - INFO - 	Model trained for 63 epochs, accuracy is 94.29%
2025-03-25 17:20:21,477 - INFO - 	Mean accuracy over all folds is 66.88%
2025-03-25 17:20:21,478 - INFO - Trying 1024 dense_points
2025-03-25 17:20:21,479 - INFO - 	Fold 1/10
2025-03-25 17:20:30,485 - INFO - 	Model trained for 10 epochs, accuracy is 57.75%
2025-03-25 17:20:31,178 - INFO - 	Fold 2/10
2025-03-25 17:20:43,294 - INFO - 	Model trained for 14 epochs, accuracy is 62.86%
2025-03-25 17:20:43,954 - INFO - 	Fold 3/10
2025-03-25 17:20:57,296 - INFO - 	Model trained for 15 epochs, accuracy is 55.71%
2025-03-25 17:20:57,959 - INFO - 	Fold 4/10
2025-03-25 17:21:10,685 - INFO - 	Model trained for 18 epochs, accuracy is 58.57%
2025-03-25 17:21:11,354 - INFO - 	Fold 5/10
2025-03-25 17:21:20,300 - INFO - 	Model trained for 12 epochs, accuracy is 68.57%
2025-03-25 17:21:21,017 - INFO - 	Fold 6/10
2025-03-25 17:21:35,975 - INFO - 	Model trained for 22 epochs, accuracy is 61.43%
2025-03-25 17:21:36,682 - INFO - 	Fold 7/10
2025-03-25 17:21:45,972 - INFO - 	Model trained for 13 epochs, accuracy is 72.86%
2025-03-25 17:21:46,676 - INFO - 	Fold 8/10
2025-03-25 17:21:53,631 - INFO - 	Model trained for 9 epochs, accuracy is 64.29%
2025-03-25 17:21:54,318 - INFO - 	Fold 9/10
2025-03-25 17:22:03,518 - INFO - 	Model trained for 13 epochs, accuracy is 42.86%
2025-03-25 17:22:04,227 - INFO - 	Fold 10/10
2025-03-25 17:22:15,882 - INFO - 	Model trained for 16 epochs, accuracy is 65.71%
2025-03-25 17:22:16,611 - INFO - 	Mean accuracy over all folds is 61.06%
2025-03-25 17:22:16,612 - INFO - Done sweeping dense_points

2025-03-25 17:22:16,691 - INFO - Sweeping dropout_rate...
2025-03-25 17:22:16,691 - INFO - Trying 0.0 dropout_rate
2025-03-25 17:22:16,691 - INFO - 	Fold 1/10
2025-03-25 17:22:26,160 - INFO - 	Model trained for 37 epochs, accuracy is 88.73%
2025-03-25 17:22:26,855 - INFO - 	Fold 2/10
2025-03-25 17:22:34,999 - INFO - 	Model trained for 32 epochs, accuracy is 95.71%
2025-03-25 17:22:35,695 - INFO - 	Fold 3/10
2025-03-25 17:22:44,345 - INFO - 	Model trained for 35 epochs, accuracy is 90.00%
2025-03-25 17:22:45,070 - INFO - 	Fold 4/10
2025-03-25 17:22:51,154 - INFO - 	Model trained for 22 epochs, accuracy is 91.43%
2025-03-25 17:22:51,854 - INFO - 	Fold 5/10
2025-03-25 17:22:56,210 - INFO - 	Model trained for 14 epochs, accuracy is 68.57%
2025-03-25 17:22:56,910 - INFO - 	Fold 6/10
2025-03-25 17:23:07,821 - INFO - 	Model trained for 42 epochs, accuracy is 94.29%
2025-03-25 17:23:08,542 - INFO - 	Fold 7/10
2025-03-25 17:23:15,945 - INFO - 	Model trained for 28 epochs, accuracy is 94.29%
2025-03-25 17:23:16,655 - INFO - 	Fold 8/10
2025-03-25 17:23:23,254 - INFO - 	Model trained for 24 epochs, accuracy is 82.86%
2025-03-25 17:23:23,972 - INFO - 	Fold 9/10
2025-03-25 17:23:35,833 - INFO - 	Model trained for 48 epochs, accuracy is 91.43%
2025-03-25 17:23:36,535 - INFO - 	Fold 10/10
2025-03-25 17:23:44,533 - INFO - 	Model trained for 31 epochs, accuracy is 94.29%
2025-03-25 17:23:45,256 - INFO - 	Mean accuracy over all folds is 89.16%
2025-03-25 17:23:45,257 - INFO - Trying 0.001 dropout_rate
2025-03-25 17:23:45,257 - INFO - 	Fold 1/10
2025-03-25 17:23:50,828 - INFO - 	Model trained for 19 epochs, accuracy is 90.14%
2025-03-25 17:23:51,539 - INFO - 	Fold 2/10
2025-03-25 17:24:01,633 - INFO - 	Model trained for 38 epochs, accuracy is 97.14%
2025-03-25 17:24:02,332 - INFO - 	Fold 3/10
2025-03-25 17:24:15,576 - INFO - 	Model trained for 53 epochs, accuracy is 85.71%
2025-03-25 17:24:16,298 - INFO - 	Fold 4/10
2025-03-25 17:24:28,434 - INFO - 	Model trained for 45 epochs, accuracy is 91.43%
2025-03-25 17:24:29,175 - INFO - 	Fold 5/10
2025-03-25 17:24:38,181 - INFO - 	Model trained for 34 epochs, accuracy is 95.71%
2025-03-25 17:24:38,907 - INFO - 	Fold 6/10
2025-03-25 17:24:50,708 - INFO - 	Model trained for 46 epochs, accuracy is 92.86%
2025-03-25 17:24:51,428 - INFO - 	Fold 7/10
2025-03-25 17:24:57,472 - INFO - 	Model trained for 21 epochs, accuracy is 95.71%
2025-03-25 17:24:58,210 - INFO - 	Fold 8/10
2025-03-25 17:25:09,254 - INFO - 	Model trained for 43 epochs, accuracy is 85.71%
2025-03-25 17:25:09,983 - INFO - 	Fold 9/10
2025-03-25 17:25:23,293 - INFO - 	Model trained for 53 epochs, accuracy is 90.00%
2025-03-25 17:25:24,025 - INFO - 	Fold 10/10
2025-03-25 17:25:34,090 - INFO - 	Model trained for 37 epochs, accuracy is 97.14%
2025-03-25 17:25:34,835 - INFO - 	Mean accuracy over all folds is 92.16%
2025-03-25 17:25:34,836 - INFO - Trying 0.002 dropout_rate
2025-03-25 17:25:34,836 - INFO - 	Fold 1/10
2025-03-25 17:25:42,254 - INFO - 	Model trained for 27 epochs, accuracy is 90.14%
2025-03-25 17:25:43,011 - INFO - 	Fold 2/10
2025-03-25 17:25:52,712 - INFO - 	Model trained for 37 epochs, accuracy is 95.71%
2025-03-25 17:25:53,461 - INFO - 	Fold 3/10
2025-03-25 17:26:05,315 - INFO - 	Model trained for 47 epochs, accuracy is 91.43%
2025-03-25 17:26:06,123 - INFO - 	Fold 4/10
2025-03-25 17:26:14,528 - INFO - 	Model trained for 31 epochs, accuracy is 91.43%
2025-03-25 17:26:15,301 - INFO - 	Fold 5/10
2025-03-25 17:26:25,680 - INFO - 	Model trained for 40 epochs, accuracy is 92.86%
2025-03-25 17:26:26,470 - INFO - 	Fold 6/10
2025-03-25 17:26:32,471 - INFO - 	Model trained for 20 epochs, accuracy is 92.86%
2025-03-25 17:26:33,244 - INFO - 	Fold 7/10
2025-03-25 17:26:44,031 - INFO - 	Model trained for 43 epochs, accuracy is 91.43%
2025-03-25 17:26:44,806 - INFO - 	Fold 8/10
2025-03-25 17:26:55,155 - INFO - 	Model trained for 41 epochs, accuracy is 85.71%
2025-03-25 17:26:55,951 - INFO - 	Fold 9/10
2025-03-25 17:27:04,334 - INFO - 	Model trained for 31 epochs, accuracy is 92.86%
2025-03-25 17:27:05,120 - INFO - 	Fold 10/10
2025-03-25 17:27:14,403 - INFO - 	Model trained for 35 epochs, accuracy is 94.29%
2025-03-25 17:27:15,288 - INFO - 	Mean accuracy over all folds is 91.87%
2025-03-25 17:27:15,289 - INFO - Trying 0.003 dropout_rate
2025-03-25 17:27:15,290 - INFO - 	Fold 1/10
2025-03-25 17:27:27,674 - INFO - 	Model trained for 50 epochs, accuracy is 88.73%
2025-03-25 17:27:28,473 - INFO - 	Fold 2/10
2025-03-25 17:27:33,489 - INFO - 	Model trained for 16 epochs, accuracy is 62.86%
2025-03-25 17:27:34,288 - INFO - 	Fold 3/10
2025-03-25 17:27:45,771 - INFO - 	Model trained for 46 epochs, accuracy is 88.57%
2025-03-25 17:27:46,573 - INFO - 	Fold 4/10
2025-03-25 17:27:53,698 - INFO - 	Model trained for 26 epochs, accuracy is 92.86%
2025-03-25 17:27:54,517 - INFO - 	Fold 5/10
2025-03-25 17:28:09,406 - INFO - 	Model trained for 62 epochs, accuracy is 95.71%
2025-03-25 17:28:10,232 - INFO - 	Fold 6/10
2025-03-25 17:28:22,580 - INFO - 	Model trained for 49 epochs, accuracy is 94.29%
2025-03-25 17:28:23,415 - INFO - 	Fold 7/10
2025-03-25 17:28:28,149 - INFO - 	Model trained for 16 epochs, accuracy is 72.86%
2025-03-25 17:28:28,991 - INFO - 	Fold 8/10
2025-03-25 17:28:39,076 - INFO - 	Model trained for 38 epochs, accuracy is 88.57%
2025-03-25 17:28:39,995 - INFO - 	Fold 9/10
2025-03-25 17:28:48,086 - INFO - 	Model trained for 29 epochs, accuracy is 92.86%
2025-03-25 17:28:48,930 - INFO - 	Fold 10/10
2025-03-25 17:29:04,724 - INFO - 	Model trained for 66 epochs, accuracy is 92.86%
2025-03-25 17:29:05,567 - INFO - 	Mean accuracy over all folds is 87.02%
2025-03-25 17:29:05,568 - INFO - Trying 0.004 dropout_rate
2025-03-25 17:29:05,568 - INFO - 	Fold 1/10
2025-03-25 17:29:14,567 - INFO - 	Model trained for 35 epochs, accuracy is 91.55%
2025-03-25 17:29:15,408 - INFO - 	Fold 2/10
2025-03-25 17:29:25,657 - INFO - 	Model trained for 40 epochs, accuracy is 94.29%
2025-03-25 17:29:26,503 - INFO - 	Fold 3/10
2025-03-25 17:29:36,840 - INFO - 	Model trained for 41 epochs, accuracy is 91.43%
2025-03-25 17:29:37,688 - INFO - 	Fold 4/10
2025-03-25 17:29:49,805 - INFO - 	Model trained for 49 epochs, accuracy is 94.29%
2025-03-25 17:29:50,662 - INFO - 	Fold 5/10
2025-03-25 17:29:59,025 - INFO - 	Model trained for 32 epochs, accuracy is 94.29%
2025-03-25 17:29:59,883 - INFO - 	Fold 6/10
2025-03-25 17:30:08,133 - INFO - 	Model trained for 31 epochs, accuracy is 94.29%
2025-03-25 17:30:09,010 - INFO - 	Fold 7/10
2025-03-25 17:30:19,533 - INFO - 	Model trained for 40 epochs, accuracy is 92.86%
2025-03-25 17:30:20,407 - INFO - 	Fold 8/10
2025-03-25 17:30:33,166 - INFO - 	Model trained for 51 epochs, accuracy is 87.14%
2025-03-25 17:30:34,046 - INFO - 	Fold 9/10
2025-03-25 17:30:42,619 - INFO - 	Model trained for 33 epochs, accuracy is 92.86%
2025-03-25 17:30:43,500 - INFO - 	Fold 10/10
2025-03-25 17:30:48,572 - INFO - 	Model trained for 16 epochs, accuracy is 65.71%
2025-03-25 17:30:49,461 - INFO - 	Mean accuracy over all folds is 89.87%
2025-03-25 17:30:49,462 - INFO - Trying 0.005 dropout_rate
2025-03-25 17:30:49,462 - INFO - 	Fold 1/10
2025-03-25 17:30:54,356 - INFO - 	Model trained for 16 epochs, accuracy is 57.75%
2025-03-25 17:30:55,241 - INFO - 	Fold 2/10
2025-03-25 17:31:01,696 - INFO - 	Model trained for 23 epochs, accuracy is 62.86%
2025-03-25 17:31:02,596 - INFO - 	Fold 3/10
2025-03-25 17:31:14,235 - INFO - 	Model trained for 47 epochs, accuracy is 88.57%
2025-03-25 17:31:15,137 - INFO - 	Fold 4/10
2025-03-25 17:31:29,624 - INFO - 	Model trained for 59 epochs, accuracy is 95.71%
2025-03-25 17:31:30,529 - INFO - 	Fold 5/10
2025-03-25 17:31:41,859 - INFO - 	Model trained for 46 epochs, accuracy is 95.71%
2025-03-25 17:31:42,868 - INFO - 	Fold 6/10
2025-03-25 17:31:54,849 - INFO - 	Model trained for 49 epochs, accuracy is 91.43%
2025-03-25 17:31:55,767 - INFO - 	Fold 7/10
2025-03-25 17:32:06,509 - INFO - 	Model trained for 43 epochs, accuracy is 98.57%
2025-03-25 17:32:07,432 - INFO - 	Fold 8/10
2025-03-25 17:32:17,526 - INFO - 	Model trained for 39 epochs, accuracy is 87.14%
2025-03-25 17:32:18,456 - INFO - 	Fold 9/10
2025-03-25 17:32:37,041 - INFO - 	Model trained for 79 epochs, accuracy is 92.86%
2025-03-25 17:32:37,974 - INFO - 	Fold 10/10
2025-03-25 17:32:47,957 - INFO - 	Model trained for 39 epochs, accuracy is 88.57%
2025-03-25 17:32:48,889 - INFO - 	Mean accuracy over all folds is 85.92%
2025-03-25 17:32:48,891 - INFO - Trying 0.006 dropout_rate
2025-03-25 17:32:48,891 - INFO - 	Fold 1/10
2025-03-25 17:32:58,524 - INFO - 	Model trained for 38 epochs, accuracy is 90.14%
2025-03-25 17:32:59,475 - INFO - 	Fold 2/10
2025-03-25 17:33:09,383 - INFO - 	Model trained for 37 epochs, accuracy is 92.86%
2025-03-25 17:33:10,361 - INFO - 	Fold 3/10
2025-03-25 17:33:19,355 - INFO - 	Model trained for 33 epochs, accuracy is 91.43%
2025-03-25 17:33:20,307 - INFO - 	Fold 4/10
2025-03-25 17:33:31,299 - INFO - 	Model trained for 41 epochs, accuracy is 88.57%
2025-03-25 17:33:32,278 - INFO - 	Fold 5/10
2025-03-25 17:33:37,225 - INFO - 	Model trained for 16 epochs, accuracy is 68.57%
2025-03-25 17:33:38,197 - INFO - 	Fold 6/10
2025-03-25 17:33:46,825 - INFO - 	Model trained for 33 epochs, accuracy is 94.29%
2025-03-25 17:33:47,856 - INFO - 	Fold 7/10
2025-03-25 17:33:52,704 - INFO - 	Model trained for 15 epochs, accuracy is 72.86%
2025-03-25 17:33:53,683 - INFO - 	Fold 8/10
2025-03-25 17:33:58,812 - INFO - 	Model trained for 17 epochs, accuracy is 84.29%
2025-03-25 17:33:59,792 - INFO - 	Fold 9/10
2025-03-25 17:34:04,848 - INFO - 	Model trained for 17 epochs, accuracy is 42.86%
2025-03-25 17:34:05,831 - INFO - 	Fold 10/10
2025-03-25 17:34:16,636 - INFO - 	Model trained for 42 epochs, accuracy is 97.14%
2025-03-25 17:34:17,626 - INFO - 	Mean accuracy over all folds is 82.30%
2025-03-25 17:34:17,627 - INFO - Trying 0.007 dropout_rate
2025-03-25 17:34:17,627 - INFO - 	Fold 1/10
2025-03-25 17:34:30,601 - INFO - 	Model trained for 53 epochs, accuracy is 84.51%
2025-03-25 17:34:31,619 - INFO - 	Fold 2/10
2025-03-25 17:34:37,541 - INFO - 	Model trained for 20 epochs, accuracy is 62.86%
2025-03-25 17:34:38,555 - INFO - 	Fold 3/10
2025-03-25 17:34:45,164 - INFO - 	Model trained for 23 epochs, accuracy is 88.57%
2025-03-25 17:34:46,173 - INFO - 	Fold 4/10
2025-03-25 17:34:58,341 - INFO - 	Model trained for 50 epochs, accuracy is 92.86%
2025-03-25 17:34:59,344 - INFO - 	Fold 5/10
2025-03-25 17:35:07,463 - INFO - 	Model trained for 31 epochs, accuracy is 94.29%
2025-03-25 17:35:08,470 - INFO - 	Fold 6/10
2025-03-25 17:35:13,279 - INFO - 	Model trained for 15 epochs, accuracy is 61.43%
2025-03-25 17:35:14,291 - INFO - 	Fold 7/10
2025-03-25 17:35:21,960 - INFO - 	Model trained for 28 epochs, accuracy is 94.29%
2025-03-25 17:35:22,987 - INFO - 	Fold 8/10
2025-03-25 17:35:38,006 - INFO - 	Model trained for 63 epochs, accuracy is 90.00%
2025-03-25 17:35:39,028 - INFO - 	Fold 9/10
2025-03-25 17:35:43,528 - INFO - 	Model trained for 14 epochs, accuracy is 42.86%
2025-03-25 17:35:44,554 - INFO - 	Fold 10/10
2025-03-25 17:35:52,720 - INFO - 	Model trained for 31 epochs, accuracy is 94.29%
2025-03-25 17:35:53,755 - INFO - 	Mean accuracy over all folds is 80.59%
2025-03-25 17:35:53,756 - INFO - Trying 0.008 dropout_rate
2025-03-25 17:35:53,757 - INFO - 	Fold 1/10
2025-03-25 17:36:03,349 - INFO - 	Model trained for 38 epochs, accuracy is 87.32%
2025-03-25 17:36:04,392 - INFO - 	Fold 2/10
2025-03-25 17:36:11,400 - INFO - 	Model trained for 26 epochs, accuracy is 94.29%
2025-03-25 17:36:12,452 - INFO - 	Fold 3/10
2025-03-25 17:36:22,746 - INFO - 	Model trained for 40 epochs, accuracy is 90.00%
2025-03-25 17:36:23,807 - INFO - 	Fold 4/10
2025-03-25 17:36:30,055 - INFO - 	Model trained for 21 epochs, accuracy is 58.57%
2025-03-25 17:36:31,179 - INFO - 	Fold 5/10
2025-03-25 17:36:37,838 - INFO - 	Model trained for 25 epochs, accuracy is 97.14%
2025-03-25 17:36:38,899 - INFO - 	Fold 6/10
2025-03-25 17:36:47,547 - INFO - 	Model trained for 33 epochs, accuracy is 91.43%
2025-03-25 17:36:48,610 - INFO - 	Fold 7/10
2025-03-25 17:37:00,166 - INFO - 	Model trained for 45 epochs, accuracy is 90.00%
2025-03-25 17:37:01,277 - INFO - 	Fold 8/10
2025-03-25 17:37:08,669 - INFO - 	Model trained for 27 epochs, accuracy is 87.14%
2025-03-25 17:37:09,784 - INFO - 	Fold 9/10
2025-03-25 17:37:21,060 - INFO - 	Model trained for 44 epochs, accuracy is 90.00%
2025-03-25 17:37:22,138 - INFO - 	Fold 10/10
2025-03-25 17:37:32,072 - INFO - 	Model trained for 38 epochs, accuracy is 94.29%
2025-03-25 17:37:33,152 - INFO - 	Mean accuracy over all folds is 88.02%
2025-03-25 17:37:33,153 - INFO - Trying 0.009 dropout_rate
2025-03-25 17:37:33,153 - INFO - 	Fold 1/10
2025-03-25 17:37:41,635 - INFO - 	Model trained for 33 epochs, accuracy is 87.32%
2025-03-25 17:37:42,719 - INFO - 	Fold 2/10
2025-03-25 17:37:50,981 - INFO - 	Model trained for 29 epochs, accuracy is 92.86%
2025-03-25 17:37:52,212 - INFO - 	Fold 3/10
2025-03-25 17:38:04,390 - INFO - 	Model trained for 48 epochs, accuracy is 87.14%
2025-03-25 17:38:05,486 - INFO - 	Fold 4/10
2025-03-25 17:38:22,728 - INFO - 	Model trained for 72 epochs, accuracy is 92.86%
2025-03-25 17:38:23,826 - INFO - 	Fold 5/10
2025-03-25 17:38:32,254 - INFO - 	Model trained for 32 epochs, accuracy is 94.29%
2025-03-25 17:38:33,365 - INFO - 	Fold 6/10
2025-03-25 17:38:38,029 - INFO - 	Model trained for 15 epochs, accuracy is 61.43%
2025-03-25 17:38:39,136 - INFO - 	Fold 7/10
2025-03-25 17:38:45,338 - INFO - 	Model trained for 22 epochs, accuracy is 72.86%
2025-03-25 17:38:46,448 - INFO - 	Fold 8/10
2025-03-25 17:38:54,251 - INFO - 	Model trained for 29 epochs, accuracy is 82.86%
2025-03-25 17:38:55,369 - INFO - 	Fold 9/10
2025-03-25 17:39:06,142 - INFO - 	Model trained for 43 epochs, accuracy is 92.86%
2025-03-25 17:39:07,265 - INFO - 	Fold 10/10
2025-03-25 17:39:18,481 - INFO - 	Model trained for 44 epochs, accuracy is 92.86%
2025-03-25 17:39:19,646 - INFO - 	Mean accuracy over all folds is 85.73%
2025-03-25 17:39:19,647 - INFO - Trying 0.01 dropout_rate
2025-03-25 17:39:19,647 - INFO - 	Fold 1/10
2025-03-25 17:39:29,448 - INFO - 	Model trained for 35 epochs, accuracy is 90.14%
2025-03-25 17:39:30,652 - INFO - 	Fold 2/10
2025-03-25 17:39:42,456 - INFO - 	Model trained for 46 epochs, accuracy is 94.29%
2025-03-25 17:39:43,630 - INFO - 	Fold 3/10
2025-03-25 17:39:53,146 - INFO - 	Model trained for 35 epochs, accuracy is 91.43%
2025-03-25 17:39:54,306 - INFO - 	Fold 4/10
2025-03-25 17:40:03,708 - INFO - 	Model trained for 31 epochs, accuracy is 92.86%
2025-03-25 17:40:04,992 - INFO - 	Fold 5/10
2025-03-25 17:40:15,118 - INFO - 	Model trained for 33 epochs, accuracy is 97.14%
2025-03-25 17:40:16,435 - INFO - 	Fold 6/10
2025-03-25 17:40:32,134 - INFO - 	Model trained for 60 epochs, accuracy is 94.29%
2025-03-25 17:40:33,346 - INFO - 	Fold 7/10
2025-03-25 17:40:43,431 - INFO - 	Model trained for 39 epochs, accuracy is 98.57%
2025-03-25 17:40:44,619 - INFO - 	Fold 8/10
2025-03-25 17:40:50,486 - INFO - 	Model trained for 20 epochs, accuracy is 81.43%
2025-03-25 17:40:51,665 - INFO - 	Fold 9/10
2025-03-25 17:40:59,705 - INFO - 	Model trained for 30 epochs, accuracy is 90.00%
2025-03-25 17:41:00,929 - INFO - 	Fold 10/10
2025-03-25 17:41:15,733 - INFO - 	Model trained for 61 epochs, accuracy is 94.29%
2025-03-25 17:41:16,936 - INFO - 	Mean accuracy over all folds is 92.44%
2025-03-25 17:41:16,937 - INFO - Trying 0.011 dropout_rate
2025-03-25 17:41:16,938 - INFO - 	Fold 1/10
2025-03-25 17:41:22,438 - INFO - 	Model trained for 18 epochs, accuracy is 57.75%
2025-03-25 17:41:23,636 - INFO - 	Fold 2/10
2025-03-25 17:41:36,516 - INFO - 	Model trained for 49 epochs, accuracy is 95.71%
2025-03-25 17:41:37,842 - INFO - 	Fold 3/10
2025-03-25 17:41:49,392 - INFO - 	Model trained for 38 epochs, accuracy is 87.14%
2025-03-25 17:41:50,703 - INFO - 	Fold 4/10
2025-03-25 17:42:11,146 - INFO - 	Model trained for 78 epochs, accuracy is 92.86%
2025-03-25 17:42:12,548 - INFO - 	Fold 5/10
2025-03-25 17:42:22,886 - INFO - 	Model trained for 34 epochs, accuracy is 94.29%
2025-03-25 17:42:24,127 - INFO - 	Fold 6/10
2025-03-25 17:42:38,187 - INFO - 	Model trained for 53 epochs, accuracy is 92.86%
2025-03-25 17:42:39,487 - INFO - 	Fold 7/10
2025-03-25 17:42:46,010 - INFO - 	Model trained for 23 epochs, accuracy is 91.43%
2025-03-25 17:42:47,317 - INFO - 	Fold 8/10
2025-03-25 17:42:53,441 - INFO - 	Model trained for 22 epochs, accuracy is 80.00%
2025-03-25 17:42:54,720 - INFO - 	Fold 9/10
2025-03-25 17:43:04,050 - INFO - 	Model trained for 39 epochs, accuracy is 91.43%
2025-03-25 17:43:05,306 - INFO - 	Fold 10/10
2025-03-25 17:43:13,474 - INFO - 	Model trained for 24 epochs, accuracy is 92.86%
2025-03-25 17:43:14,691 - INFO - 	Mean accuracy over all folds is 87.63%
2025-03-25 17:43:14,692 - INFO - Trying 0.012 dropout_rate
2025-03-25 17:43:14,692 - INFO - 	Fold 1/10
2025-03-25 17:43:27,198 - INFO - 	Model trained for 47 epochs, accuracy is 88.73%
2025-03-25 17:43:28,455 - INFO - 	Fold 2/10
2025-03-25 17:43:35,675 - INFO - 	Model trained for 22 epochs, accuracy is 97.14%
2025-03-25 17:43:37,071 - INFO - 	Fold 3/10
2025-03-25 17:43:49,488 - INFO - 	Model trained for 39 epochs, accuracy is 91.43%
2025-03-25 17:43:50,966 - INFO - 	Fold 4/10
2025-03-25 17:43:57,927 - INFO - 	Model trained for 22 epochs, accuracy is 90.00%
2025-03-25 17:43:59,446 - INFO - 	Fold 5/10
2025-03-25 17:44:09,909 - INFO - 	Model trained for 36 epochs, accuracy is 95.71%
2025-03-25 17:44:11,333 - INFO - 	Fold 6/10
2025-03-25 17:44:28,130 - INFO - 	Model trained for 57 epochs, accuracy is 92.86%
2025-03-25 17:44:30,897 - INFO - 	Fold 7/10
2025-03-25 17:44:48,678 - INFO - 	Model trained for 33 epochs, accuracy is 94.29%
2025-03-25 17:44:50,792 - INFO - 	Fold 8/10
2025-03-25 17:45:14,490 - INFO - 	Model trained for 41 epochs, accuracy is 87.14%
2025-03-25 17:45:15,766 - INFO - 	Fold 9/10
2025-03-25 17:45:23,995 - INFO - 	Model trained for 31 epochs, accuracy is 94.29%
2025-03-25 17:45:25,318 - INFO - 	Fold 10/10
2025-03-25 17:45:34,178 - INFO - 	Model trained for 29 epochs, accuracy is 92.86%
2025-03-25 17:45:35,532 - INFO - 	Mean accuracy over all folds is 92.44%
2025-03-25 17:45:35,533 - INFO - Trying 0.013 dropout_rate
2025-03-25 17:45:35,534 - INFO - 	Fold 1/10
2025-03-25 17:45:45,134 - INFO - 	Model trained for 34 epochs, accuracy is 88.73%
2025-03-25 17:45:46,423 - INFO - 	Fold 2/10
2025-03-25 17:45:59,129 - INFO - 	Model trained for 47 epochs, accuracy is 95.71%
2025-03-25 17:46:00,416 - INFO - 	Fold 3/10
2025-03-25 17:46:14,561 - INFO - 	Model trained for 41 epochs, accuracy is 90.00%
2025-03-25 17:46:15,913 - INFO - 	Fold 4/10
2025-03-25 17:46:26,953 - INFO - 	Model trained for 39 epochs, accuracy is 92.86%
2025-03-25 17:46:28,245 - INFO - 	Fold 5/10
2025-03-25 17:46:40,992 - INFO - 	Model trained for 47 epochs, accuracy is 95.71%
2025-03-25 17:46:42,330 - INFO - 	Fold 6/10
2025-03-25 17:46:52,817 - INFO - 	Model trained for 34 epochs, accuracy is 91.43%
2025-03-25 17:46:54,144 - INFO - 	Fold 7/10
2025-03-25 17:47:03,166 - INFO - 	Model trained for 32 epochs, accuracy is 94.29%
2025-03-25 17:47:04,515 - INFO - 	Fold 8/10
2025-03-25 17:47:11,468 - INFO - 	Model trained for 23 epochs, accuracy is 87.14%
2025-03-25 17:47:12,810 - INFO - 	Fold 9/10
2025-03-25 17:47:19,434 - INFO - 	Model trained for 22 epochs, accuracy is 91.43%
2025-03-25 17:47:20,779 - INFO - 	Fold 10/10
2025-03-25 17:47:25,511 - INFO - 	Model trained for 14 epochs, accuracy is 65.71%
2025-03-25 17:47:26,879 - INFO - 	Mean accuracy over all folds is 89.30%
2025-03-25 17:47:26,880 - INFO - Trying 0.014 dropout_rate
2025-03-25 17:47:26,881 - INFO - 	Fold 1/10
2025-03-25 17:47:33,331 - INFO - 	Model trained for 21 epochs, accuracy is 88.73%
2025-03-25 17:47:34,695 - INFO - 	Fold 2/10
2025-03-25 17:47:39,969 - INFO - 	Model trained for 16 epochs, accuracy is 62.86%
2025-03-25 17:47:41,338 - INFO - 	Fold 3/10
2025-03-25 17:47:48,530 - INFO - 	Model trained for 24 epochs, accuracy is 88.57%
2025-03-25 17:47:49,900 - INFO - 	Fold 4/10
2025-03-25 17:47:55,331 - INFO - 	Model trained for 16 epochs, accuracy is 58.57%
2025-03-25 17:47:56,721 - INFO - 	Fold 5/10
2025-03-25 17:48:03,965 - INFO - 	Model trained for 24 epochs, accuracy is 94.29%
2025-03-25 17:48:05,332 - INFO - 	Fold 6/10
2025-03-25 17:48:12,973 - INFO - 	Model trained for 24 epochs, accuracy is 94.29%
2025-03-25 17:48:14,358 - INFO - 	Fold 7/10
2025-03-25 17:48:22,476 - INFO - 	Model trained for 27 epochs, accuracy is 98.57%
2025-03-25 17:48:23,850 - INFO - 	Fold 8/10
2025-03-25 17:48:33,570 - INFO - 	Model trained for 34 epochs, accuracy is 88.57%
2025-03-25 17:48:34,949 - INFO - 	Fold 9/10
2025-03-25 17:48:53,382 - INFO - 	Model trained for 65 epochs, accuracy is 91.43%
2025-03-25 17:48:54,776 - INFO - 	Fold 10/10
2025-03-25 17:49:06,533 - INFO - 	Model trained for 44 epochs, accuracy is 94.29%
2025-03-25 17:49:07,935 - INFO - 	Mean accuracy over all folds is 86.02%
2025-03-25 17:49:07,936 - INFO - Trying 0.015 dropout_rate
2025-03-25 17:49:07,936 - INFO - 	Fold 1/10
2025-03-25 17:49:24,547 - INFO - 	Model trained for 63 epochs, accuracy is 87.32%
2025-03-25 17:49:25,939 - INFO - 	Fold 2/10
2025-03-25 17:49:35,613 - INFO - 	Model trained for 36 epochs, accuracy is 98.57%
2025-03-25 17:49:37,001 - INFO - 	Fold 3/10
2025-03-25 17:49:43,584 - INFO - 	Model trained for 21 epochs, accuracy is 90.00%
2025-03-25 17:49:44,971 - INFO - 	Fold 4/10
2025-03-25 17:49:55,318 - INFO - 	Model trained for 34 epochs, accuracy is 91.43%
2025-03-25 17:49:56,734 - INFO - 	Fold 5/10
2025-03-25 17:50:03,832 - INFO - 	Model trained for 23 epochs, accuracy is 68.57%
2025-03-25 17:50:05,247 - INFO - 	Fold 6/10
2025-03-25 17:50:15,203 - INFO - 	Model trained for 35 epochs, accuracy is 94.29%
2025-03-25 17:50:16,619 - INFO - 	Fold 7/10
2025-03-25 17:50:27,757 - INFO - 	Model trained for 38 epochs, accuracy is 88.57%
2025-03-25 17:50:29,179 - INFO - 	Fold 8/10
2025-03-25 17:50:36,054 - INFO - 	Model trained for 22 epochs, accuracy is 82.86%
2025-03-25 17:50:37,489 - INFO - 	Fold 9/10
2025-03-25 17:50:50,560 - INFO - 	Model trained for 49 epochs, accuracy is 92.86%
2025-03-25 17:50:51,990 - INFO - 	Fold 10/10
2025-03-25 17:50:58,607 - INFO - 	Model trained for 18 epochs, accuracy is 65.71%
2025-03-25 17:51:00,040 - INFO - 	Mean accuracy over all folds is 86.02%
2025-03-25 17:51:00,041 - INFO - Trying 0.016 dropout_rate
2025-03-25 17:51:00,041 - INFO - 	Fold 1/10
2025-03-25 17:51:09,718 - INFO - 	Model trained for 34 epochs, accuracy is 88.73%
2025-03-25 17:51:11,168 - INFO - 	Fold 2/10
2025-03-25 17:51:30,854 - INFO - 	Model trained for 73 epochs, accuracy is 97.14%
2025-03-25 17:51:32,444 - INFO - 	Fold 3/10
2025-03-25 17:51:49,095 - INFO - 	Model trained for 56 epochs, accuracy is 91.43%
2025-03-25 17:51:50,569 - INFO - 	Fold 4/10
2025-03-25 17:51:58,546 - INFO - 	Model trained for 27 epochs, accuracy is 91.43%
2025-03-25 17:52:00,009 - INFO - 	Fold 5/10
2025-03-25 17:52:11,811 - INFO - 	Model trained for 37 epochs, accuracy is 95.71%
2025-03-25 17:52:13,414 - INFO - 	Fold 6/10
2025-03-25 17:52:23,895 - INFO - 	Model trained for 35 epochs, accuracy is 92.86%
2025-03-25 17:52:25,401 - INFO - 	Fold 7/10
2025-03-25 17:52:37,157 - INFO - 	Model trained for 42 epochs, accuracy is 94.29%
2025-03-25 17:52:38,657 - INFO - 	Fold 8/10
2025-03-25 17:52:43,702 - INFO - 	Model trained for 15 epochs, accuracy is 64.29%
2025-03-25 17:52:45,221 - INFO - 	Fold 9/10
2025-03-25 17:53:00,131 - INFO - 	Model trained for 55 epochs, accuracy is 91.43%
2025-03-25 17:53:01,614 - INFO - 	Fold 10/10
2025-03-25 17:53:11,106 - INFO - 	Model trained for 31 epochs, accuracy is 95.71%
2025-03-25 17:53:12,628 - INFO - 	Mean accuracy over all folds is 90.30%
2025-03-25 17:53:12,629 - INFO - Trying 0.017 dropout_rate
2025-03-25 17:53:12,630 - INFO - 	Fold 1/10
2025-03-25 17:53:21,838 - INFO - 	Model trained for 31 epochs, accuracy is 90.14%
2025-03-25 17:53:23,361 - INFO - 	Fold 2/10
2025-03-25 17:53:35,431 - INFO - 	Model trained for 41 epochs, accuracy is 92.86%
2025-03-25 17:53:37,050 - INFO - 	Fold 3/10
2025-03-25 17:53:47,289 - INFO - 	Model trained for 32 epochs, accuracy is 85.71%
2025-03-25 17:53:48,814 - INFO - 	Fold 4/10
2025-03-25 17:54:01,350 - INFO - 	Model trained for 44 epochs, accuracy is 92.86%
2025-03-25 17:54:02,857 - INFO - 	Fold 5/10
2025-03-25 17:54:31,402 - INFO - 	Model trained for 26 epochs, accuracy is 94.29%
2025-03-25 17:54:32,912 - INFO - 	Fold 6/10
2025-03-25 17:54:37,746 - INFO - 	Model trained for 14 epochs, accuracy is 61.43%
2025-03-25 17:54:39,263 - INFO - 	Fold 7/10
2025-03-25 17:54:58,232 - INFO - 	Model trained for 63 epochs, accuracy is 97.14%
2025-03-25 17:54:59,861 - INFO - 	Fold 8/10
2025-03-25 17:55:10,180 - INFO - 	Model trained for 33 epochs, accuracy is 88.57%
2025-03-25 17:55:11,741 - INFO - 	Fold 9/10
2025-03-25 17:55:19,821 - INFO - 	Model trained for 27 epochs, accuracy is 90.00%
2025-03-25 17:55:21,371 - INFO - 	Fold 10/10
2025-03-25 17:55:30,382 - INFO - 	Model trained for 31 epochs, accuracy is 94.29%
2025-03-25 17:55:31,926 - INFO - 	Mean accuracy over all folds is 88.73%
2025-03-25 17:55:31,927 - INFO - Trying 0.018 dropout_rate
2025-03-25 17:55:31,927 - INFO - 	Fold 1/10
2025-03-25 17:55:40,992 - INFO - 	Model trained for 31 epochs, accuracy is 90.14%
2025-03-25 17:55:42,557 - INFO - 	Fold 2/10
2025-03-25 17:55:48,858 - INFO - 	Model trained for 17 epochs, accuracy is 62.86%
2025-03-25 17:55:50,478 - INFO - 	Fold 3/10
2025-03-25 17:55:58,433 - INFO - 	Model trained for 28 epochs, accuracy is 90.00%
2025-03-25 17:55:59,938 - INFO - 	Fold 4/10
2025-03-25 17:56:10,097 - INFO - 	Model trained for 38 epochs, accuracy is 92.86%
2025-03-25 17:56:11,634 - INFO - 	Fold 5/10
2025-03-25 17:56:25,199 - INFO - 	Model trained for 60 epochs, accuracy is 95.71%
2025-03-25 17:56:26,800 - INFO - 	Fold 6/10
2025-03-25 17:56:33,074 - INFO - 	Model trained for 19 epochs, accuracy is 61.43%
2025-03-25 17:56:34,707 - INFO - 	Fold 7/10
2025-03-25 17:56:45,440 - INFO - 	Model trained for 40 epochs, accuracy is 92.86%
2025-03-25 17:56:46,993 - INFO - 	Fold 8/10
2025-03-25 17:56:55,042 - INFO - 	Model trained for 34 epochs, accuracy is 87.14%
2025-03-25 17:56:56,602 - INFO - 	Fold 9/10
2025-03-25 17:57:03,388 - INFO - 	Model trained for 27 epochs, accuracy is 91.43%
2025-03-25 17:57:04,946 - INFO - 	Fold 10/10
2025-03-25 17:57:18,743 - INFO - 	Model trained for 62 epochs, accuracy is 94.29%
2025-03-25 17:57:20,297 - INFO - 	Mean accuracy over all folds is 85.87%
2025-03-25 17:57:20,297 - INFO - Trying 0.019 dropout_rate
2025-03-25 17:57:20,298 - INFO - 	Fold 1/10
2025-03-25 17:57:33,902 - INFO - 	Model trained for 61 epochs, accuracy is 84.51%
2025-03-25 17:57:35,471 - INFO - 	Fold 2/10
2025-03-25 17:57:42,386 - INFO - 	Model trained for 28 epochs, accuracy is 95.71%
2025-03-25 17:57:43,960 - INFO - 	Fold 3/10
2025-03-25 17:57:48,463 - INFO - 	Model trained for 16 epochs, accuracy is 55.71%
2025-03-25 17:57:50,032 - INFO - 	Fold 4/10
2025-03-25 17:57:58,147 - INFO - 	Model trained for 33 epochs, accuracy is 88.57%
2025-03-25 17:57:59,749 - INFO - 	Fold 5/10
2025-03-25 17:58:07,843 - INFO - 	Model trained for 29 epochs, accuracy is 95.71%
2025-03-25 17:58:09,467 - INFO - 	Fold 6/10
2025-03-25 17:58:19,014 - INFO - 	Model trained for 33 epochs, accuracy is 92.86%
2025-03-25 17:58:20,690 - INFO - 	Fold 7/10
2025-03-25 17:58:27,550 - INFO - 	Model trained for 23 epochs, accuracy is 97.14%
2025-03-25 17:58:29,189 - INFO - 	Fold 8/10
2025-03-25 17:58:35,166 - INFO - 	Model trained for 19 epochs, accuracy is 64.29%
2025-03-25 17:58:37,073 - INFO - 	Fold 9/10
2025-03-25 17:58:46,604 - INFO - 	Model trained for 34 epochs, accuracy is 90.00%
2025-03-25 17:58:48,264 - INFO - 	Fold 10/10
2025-03-25 17:58:53,998 - INFO - 	Model trained for 18 epochs, accuracy is 65.71%
2025-03-25 17:58:55,640 - INFO - 	Mean accuracy over all folds is 83.02%
2025-03-25 17:58:55,641 - INFO - Trying 0.02 dropout_rate
2025-03-25 17:58:55,642 - INFO - 	Fold 1/10
2025-03-25 17:59:00,802 - INFO - 	Model trained for 15 epochs, accuracy is 57.75%
2025-03-25 17:59:02,477 - INFO - 	Fold 2/10
2025-03-25 17:59:09,789 - INFO - 	Model trained for 25 epochs, accuracy is 95.71%
2025-03-25 17:59:11,517 - INFO - 	Fold 3/10
2025-03-25 17:59:22,695 - INFO - 	Model trained for 40 epochs, accuracy is 90.00%
2025-03-25 17:59:24,369 - INFO - 	Fold 4/10
2025-03-25 17:59:30,142 - INFO - 	Model trained for 18 epochs, accuracy is 91.43%
2025-03-25 17:59:32,050 - INFO - 	Fold 5/10
2025-03-25 17:59:56,814 - INFO - 	Model trained for 97 epochs, accuracy is 94.29%
2025-03-25 17:59:58,493 - INFO - 	Fold 6/10
2025-03-25 18:00:07,873 - INFO - 	Model trained for 32 epochs, accuracy is 92.86%
2025-03-25 18:00:09,559 - INFO - 	Fold 7/10
2025-03-25 18:00:19,600 - INFO - 	Model trained for 35 epochs, accuracy is 94.29%
2025-03-25 18:00:21,352 - INFO - 	Fold 8/10
2025-03-25 18:00:37,747 - INFO - 	Model trained for 61 epochs, accuracy is 82.86%
2025-03-25 18:00:39,456 - INFO - 	Fold 9/10
2025-03-25 18:00:57,188 - INFO - 	Model trained for 69 epochs, accuracy is 91.43%
2025-03-25 18:00:58,888 - INFO - 	Fold 10/10
2025-03-25 18:01:10,586 - INFO - 	Model trained for 43 epochs, accuracy is 97.14%
2025-03-25 18:01:12,284 - INFO - 	Mean accuracy over all folds is 88.77%
2025-03-25 18:01:12,285 - INFO - Trying 0.021 dropout_rate
2025-03-25 18:01:12,285 - INFO - 	Fold 1/10
2025-03-25 18:01:20,861 - INFO - 	Model trained for 30 epochs, accuracy is 88.73%
2025-03-25 18:01:22,569 - INFO - 	Fold 2/10
2025-03-25 18:01:30,583 - INFO - 	Model trained for 28 epochs, accuracy is 94.29%
2025-03-25 18:01:32,307 - INFO - 	Fold 3/10
2025-03-25 18:01:37,595 - INFO - 	Model trained for 16 epochs, accuracy is 55.71%
2025-03-25 18:01:39,308 - INFO - 	Fold 4/10
2025-03-25 18:01:50,560 - INFO - 	Model trained for 41 epochs, accuracy is 91.43%
2025-03-25 18:01:52,295 - INFO - 	Fold 5/10
2025-03-25 18:01:57,923 - INFO - 	Model trained for 17 epochs, accuracy is 68.57%
2025-03-25 18:01:59,644 - INFO - 	Fold 6/10
2025-03-25 18:02:06,188 - INFO - 	Model trained for 21 epochs, accuracy is 61.43%
2025-03-25 18:02:07,945 - INFO - 	Fold 7/10
2025-03-25 18:02:13,704 - INFO - 	Model trained for 18 epochs, accuracy is 72.86%
2025-03-25 18:02:15,461 - INFO - 	Fold 8/10
2025-03-25 18:02:26,834 - INFO - 	Model trained for 39 epochs, accuracy is 87.14%
2025-03-25 18:02:28,549 - INFO - 	Fold 9/10
2025-03-25 18:02:41,741 - INFO - 	Model trained for 50 epochs, accuracy is 91.43%
2025-03-25 18:02:43,458 - INFO - 	Fold 10/10
2025-03-25 18:02:52,058 - INFO - 	Model trained for 31 epochs, accuracy is 94.29%
2025-03-25 18:02:53,778 - INFO - 	Mean accuracy over all folds is 80.59%
2025-03-25 18:02:53,779 - INFO - Trying 0.022 dropout_rate
2025-03-25 18:02:53,779 - INFO - 	Fold 1/10
2025-03-25 18:03:05,482 - INFO - 	Model trained for 44 epochs, accuracy is 88.73%
2025-03-25 18:03:07,212 - INFO - 	Fold 2/10
2025-03-25 18:03:16,410 - INFO - 	Model trained for 33 epochs, accuracy is 94.29%
2025-03-25 18:03:18,138 - INFO - 	Fold 3/10
2025-03-25 18:03:23,352 - INFO - 	Model trained for 16 epochs, accuracy is 55.71%
2025-03-25 18:03:25,093 - INFO - 	Fold 4/10
2025-03-25 18:03:35,118 - INFO - 	Model trained for 37 epochs, accuracy is 91.43%
2025-03-25 18:03:36,863 - INFO - 	Fold 5/10
2025-03-25 18:03:42,794 - INFO - 	Model trained for 19 epochs, accuracy is 68.57%
2025-03-25 18:03:44,545 - INFO - 	Fold 6/10
2025-03-25 18:04:03,755 - INFO - 	Model trained for 76 epochs, accuracy is 94.29%
2025-03-25 18:04:05,507 - INFO - 	Fold 7/10
2025-03-25 18:04:12,967 - INFO - 	Model trained for 26 epochs, accuracy is 95.71%
2025-03-25 18:04:14,727 - INFO - 	Fold 8/10
2025-03-25 18:04:27,680 - INFO - 	Model trained for 49 epochs, accuracy is 85.71%
2025-03-25 18:04:29,445 - INFO - 	Fold 9/10
2025-03-25 18:04:35,081 - INFO - 	Model trained for 18 epochs, accuracy is 91.43%
2025-03-25 18:04:36,844 - INFO - 	Fold 10/10
2025-03-25 18:04:42,463 - INFO - 	Model trained for 18 epochs, accuracy is 65.71%
2025-03-25 18:04:44,237 - INFO - 	Mean accuracy over all folds is 83.16%
2025-03-25 18:04:44,238 - INFO - Trying 0.023 dropout_rate
2025-03-25 18:04:44,239 - INFO - 	Fold 1/10
2025-03-25 18:04:52,965 - INFO - 	Model trained for 31 epochs, accuracy is 90.14%
2025-03-25 18:04:54,736 - INFO - 	Fold 2/10
2025-03-25 18:05:03,569 - INFO - 	Model trained for 32 epochs, accuracy is 97.14%
2025-03-25 18:05:05,356 - INFO - 	Fold 3/10
2025-03-25 18:05:18,208 - INFO - 	Model trained for 49 epochs, accuracy is 91.43%
2025-03-25 18:05:19,996 - INFO - 	Fold 4/10
2025-03-25 18:05:27,468 - INFO - 	Model trained for 26 epochs, accuracy is 91.43%
2025-03-25 18:05:29,264 - INFO - 	Fold 5/10
2025-03-25 18:05:36,485 - INFO - 	Model trained for 25 epochs, accuracy is 94.29%
2025-03-25 18:05:38,278 - INFO - 	Fold 6/10
2025-03-25 18:05:45,244 - INFO - 	Model trained for 24 epochs, accuracy is 61.43%
2025-03-25 18:05:47,045 - INFO - 	Fold 7/10
2025-03-25 18:05:52,987 - INFO - 	Model trained for 19 epochs, accuracy is 72.86%
2025-03-25 18:05:54,790 - INFO - 	Fold 8/10
2025-03-25 18:06:08,717 - INFO - 	Model trained for 54 epochs, accuracy is 88.57%
2025-03-25 18:06:10,528 - INFO - 	Fold 9/10
2025-03-25 18:06:16,364 - INFO - 	Model trained for 19 epochs, accuracy is 42.86%
2025-03-25 18:06:18,180 - INFO - 	Fold 10/10
2025-03-25 18:06:33,795 - INFO - 	Model trained for 60 epochs, accuracy is 91.43%
2025-03-25 18:06:35,627 - INFO - 	Mean accuracy over all folds is 82.16%
2025-03-25 18:06:35,628 - INFO - Trying 0.024 dropout_rate
2025-03-25 18:06:35,628 - INFO - 	Fold 1/10
2025-03-25 18:06:47,398 - INFO - 	Model trained for 44 epochs, accuracy is 91.55%
2025-03-25 18:06:49,222 - INFO - 	Fold 2/10
2025-03-25 18:06:54,803 - INFO - 	Model trained for 17 epochs, accuracy is 62.86%
2025-03-25 18:06:56,680 - INFO - 	Fold 3/10
2025-03-25 18:07:07,094 - INFO - 	Model trained for 38 epochs, accuracy is 90.00%
2025-03-25 18:07:08,937 - INFO - 	Fold 4/10
2025-03-25 18:07:15,800 - INFO - 	Model trained for 23 epochs, accuracy is 90.00%
2025-03-25 18:07:17,636 - INFO - 	Fold 5/10
2025-03-25 18:07:35,555 - INFO - 	Model trained for 71 epochs, accuracy is 97.14%
2025-03-25 18:07:37,397 - INFO - 	Fold 6/10
2025-03-25 18:07:46,780 - INFO - 	Model trained for 34 epochs, accuracy is 94.29%
2025-03-25 18:07:48,621 - INFO - 	Fold 7/10
2025-03-25 18:07:54,212 - INFO - 	Model trained for 18 epochs, accuracy is 72.86%
2025-03-25 18:07:56,069 - INFO - 	Fold 8/10
2025-03-25 18:08:04,021 - INFO - 	Model trained for 28 epochs, accuracy is 85.71%
2025-03-25 18:08:05,886 - INFO - 	Fold 9/10
2025-03-25 18:08:14,528 - INFO - 	Model trained for 31 epochs, accuracy is 92.86%
2025-03-25 18:08:16,392 - INFO - 	Fold 10/10
2025-03-25 18:08:32,673 - INFO - 	Model trained for 64 epochs, accuracy is 94.29%
2025-03-25 18:08:34,534 - INFO - 	Mean accuracy over all folds is 87.15%
2025-03-25 18:08:34,535 - INFO - Trying 0.025 dropout_rate
2025-03-25 18:08:34,536 - INFO - 	Fold 1/10
2025-03-25 18:08:45,527 - INFO - 	Model trained for 41 epochs, accuracy is 88.73%
2025-03-25 18:08:47,398 - INFO - 	Fold 2/10
2025-03-25 18:09:03,006 - INFO - 	Model trained for 61 epochs, accuracy is 98.57%
2025-03-25 18:09:04,879 - INFO - 	Fold 3/10
2025-03-25 18:09:10,976 - INFO - 	Model trained for 20 epochs, accuracy is 91.43%
2025-03-25 18:09:12,858 - INFO - 	Fold 4/10
2025-03-25 18:09:25,929 - INFO - 	Model trained for 50 epochs, accuracy is 92.86%
2025-03-25 18:09:27,811 - INFO - 	Fold 5/10
2025-03-25 18:09:35,831 - INFO - 	Model trained for 28 epochs, accuracy is 95.71%
2025-03-25 18:09:37,723 - INFO - 	Fold 6/10
2025-03-25 18:09:45,507 - INFO - 	Model trained for 27 epochs, accuracy is 92.86%
2025-03-25 18:09:47,409 - INFO - 	Fold 7/10
2025-03-25 18:09:56,063 - INFO - 	Model trained for 31 epochs, accuracy is 92.86%
2025-03-25 18:09:57,956 - INFO - 	Fold 8/10
2025-03-25 18:10:07,846 - INFO - 	Model trained for 36 epochs, accuracy is 88.57%
2025-03-25 18:10:09,755 - INFO - 	Fold 9/10
2025-03-25 18:10:30,799 - INFO - 	Model trained for 84 epochs, accuracy is 91.43%
2025-03-25 18:10:32,708 - INFO - 	Fold 10/10
2025-03-25 18:10:47,755 - INFO - 	Model trained for 58 epochs, accuracy is 94.29%
2025-03-25 18:10:49,668 - INFO - 	Mean accuracy over all folds is 92.73%
2025-03-25 18:10:49,669 - INFO - Trying 0.026 dropout_rate
2025-03-25 18:10:49,669 - INFO - 	Fold 1/10
2025-03-25 18:10:56,922 - INFO - 	Model trained for 25 epochs, accuracy is 57.75%
2025-03-25 18:10:58,849 - INFO - 	Fold 2/10
2025-03-25 18:11:05,281 - INFO - 	Model trained for 21 epochs, accuracy is 62.86%
2025-03-25 18:11:07,209 - INFO - 	Fold 3/10
2025-03-25 18:11:13,540 - INFO - 	Model trained for 21 epochs, accuracy is 88.57%
2025-03-25 18:11:15,472 - INFO - 	Fold 4/10
2025-03-25 18:11:20,843 - INFO - 	Model trained for 17 epochs, accuracy is 58.57%
2025-03-25 18:11:22,784 - INFO - 	Fold 5/10
2025-03-25 18:11:30,972 - INFO - 	Model trained for 29 epochs, accuracy is 94.29%
2025-03-25 18:11:32,914 - INFO - 	Fold 6/10
2025-03-25 18:11:44,833 - INFO - 	Model trained for 45 epochs, accuracy is 94.29%
2025-03-25 18:11:46,778 - INFO - 	Fold 7/10
2025-03-25 18:11:54,751 - INFO - 	Model trained for 28 epochs, accuracy is 94.29%
2025-03-25 18:11:56,700 - INFO - 	Fold 8/10
2025-03-25 18:12:11,115 - INFO - 	Model trained for 56 epochs, accuracy is 88.57%
2025-03-25 18:12:13,075 - INFO - 	Fold 9/10
2025-03-25 18:12:21,370 - INFO - 	Model trained for 29 epochs, accuracy is 91.43%
2025-03-25 18:12:23,343 - INFO - 	Fold 10/10
2025-03-25 18:12:33,881 - INFO - 	Model trained for 39 epochs, accuracy is 94.29%
2025-03-25 18:12:35,843 - INFO - 	Mean accuracy over all folds is 82.49%
2025-03-25 18:12:35,844 - INFO - Trying 0.027 dropout_rate
2025-03-25 18:12:35,845 - INFO - 	Fold 1/10
2025-03-25 18:12:54,028 - INFO - 	Model trained for 72 epochs, accuracy is 91.55%
2025-03-25 18:12:55,994 - INFO - 	Fold 2/10
2025-03-25 18:13:03,468 - INFO - 	Model trained for 26 epochs, accuracy is 97.14%
2025-03-25 18:13:05,443 - INFO - 	Fold 3/10
2025-03-25 18:13:14,032 - INFO - 	Model trained for 31 epochs, accuracy is 90.00%
2025-03-25 18:13:16,013 - INFO - 	Fold 4/10
2025-03-25 18:13:24,939 - INFO - 	Model trained for 32 epochs, accuracy is 91.43%
2025-03-25 18:13:26,924 - INFO - 	Fold 5/10
2025-03-25 18:13:34,698 - INFO - 	Model trained for 27 epochs, accuracy is 94.29%
2025-03-25 18:13:36,691 - INFO - 	Fold 6/10
2025-03-25 18:13:49,539 - INFO - 	Model trained for 49 epochs, accuracy is 92.86%
2025-03-25 18:13:51,538 - INFO - 	Fold 7/10
2025-03-25 18:14:01,342 - INFO - 	Model trained for 36 epochs, accuracy is 94.29%
2025-03-25 18:14:03,338 - INFO - 	Fold 8/10
2025-03-25 18:14:08,363 - INFO - 	Model trained for 15 epochs, accuracy is 64.29%
2025-03-25 18:14:10,369 - INFO - 	Fold 9/10
2025-03-25 18:14:20,680 - INFO - 	Model trained for 38 epochs, accuracy is 92.86%
2025-03-25 18:14:22,708 - INFO - 	Fold 10/10
2025-03-25 18:14:29,519 - INFO - 	Model trained for 23 epochs, accuracy is 65.71%
2025-03-25 18:14:31,550 - INFO - 	Mean accuracy over all folds is 87.44%
2025-03-25 18:14:31,551 - INFO - Trying 0.028 dropout_rate
2025-03-25 18:14:31,551 - INFO - 	Fold 1/10
2025-03-25 18:14:39,060 - INFO - 	Model trained for 26 epochs, accuracy is 91.55%
2025-03-25 18:14:41,086 - INFO - 	Fold 2/10
2025-03-25 18:14:47,174 - INFO - 	Model trained for 20 epochs, accuracy is 62.86%
2025-03-25 18:14:49,197 - INFO - 	Fold 3/10
2025-03-25 18:15:02,190 - INFO - 	Model trained for 49 epochs, accuracy is 94.29%
2025-03-25 18:15:04,233 - INFO - 	Fold 4/10
2025-03-25 18:15:11,742 - INFO - 	Model trained for 26 epochs, accuracy is 91.43%
2025-03-25 18:15:13,786 - INFO - 	Fold 5/10
2025-03-25 18:15:21,707 - INFO - 	Model trained for 28 epochs, accuracy is 94.29%
2025-03-25 18:15:23,750 - INFO - 	Fold 6/10
2025-03-25 18:15:32,734 - INFO - 	Model trained for 32 epochs, accuracy is 92.86%
2025-03-25 18:15:34,776 - INFO - 	Fold 7/10
2025-03-25 18:15:47,466 - INFO - 	Model trained for 48 epochs, accuracy is 98.57%
2025-03-25 18:15:49,516 - INFO - 	Fold 8/10
2025-03-25 18:15:56,129 - INFO - 	Model trained for 22 epochs, accuracy is 78.57%
2025-03-25 18:15:58,181 - INFO - 	Fold 9/10
2025-03-25 18:16:17,549 - INFO - 	Model trained for 77 epochs, accuracy is 94.29%
2025-03-25 18:16:19,612 - INFO - 	Fold 10/10
2025-03-25 18:16:29,170 - INFO - 	Model trained for 33 epochs, accuracy is 95.71%
2025-03-25 18:16:31,235 - INFO - 	Mean accuracy over all folds is 89.44%
2025-03-25 18:16:31,236 - INFO - Trying 0.029 dropout_rate
2025-03-25 18:16:31,237 - INFO - 	Fold 1/10
2025-03-25 18:16:43,295 - INFO - 	Model trained for 46 epochs, accuracy is 88.73%
2025-03-25 18:16:45,382 - INFO - 	Fold 2/10
2025-03-25 18:16:53,396 - INFO - 	Model trained for 28 epochs, accuracy is 95.71%
2025-03-25 18:16:55,447 - INFO - 	Fold 3/10
2025-03-25 18:17:00,694 - INFO - 	Model trained for 16 epochs, accuracy is 55.71%
2025-03-25 18:17:02,775 - INFO - 	Fold 4/10
2025-03-25 18:17:09,776 - INFO - 	Model trained for 24 epochs, accuracy is 94.29%
2025-03-25 18:17:11,850 - INFO - 	Fold 5/10
2025-03-25 18:17:25,148 - INFO - 	Model trained for 51 epochs, accuracy is 97.14%
2025-03-25 18:17:27,228 - INFO - 	Fold 6/10
2025-03-25 18:17:34,300 - INFO - 	Model trained for 24 epochs, accuracy is 92.86%
2025-03-25 18:17:36,385 - INFO - 	Fold 7/10
2025-03-25 18:17:48,027 - INFO - 	Model trained for 44 epochs, accuracy is 97.14%
2025-03-25 18:17:50,129 - INFO - 	Fold 8/10
2025-03-25 18:17:59,345 - INFO - 	Model trained for 33 epochs, accuracy is 84.29%
2025-03-25 18:18:01,460 - INFO - 	Fold 9/10
2025-03-25 18:18:07,341 - INFO - 	Model trained for 19 epochs, accuracy is 42.86%
2025-03-25 18:18:09,444 - INFO - 	Fold 10/10
2025-03-25 18:18:15,361 - INFO - 	Model trained for 19 epochs, accuracy is 65.71%
2025-03-25 18:18:17,490 - INFO - 	Mean accuracy over all folds is 81.44%
2025-03-25 18:18:17,491 - INFO - Trying 0.03 dropout_rate
2025-03-25 18:18:17,491 - INFO - 	Fold 1/10
2025-03-25 18:18:24,090 - INFO - 	Model trained for 22 epochs, accuracy is 57.75%
2025-03-25 18:18:26,224 - INFO - 	Fold 2/10
2025-03-25 18:18:33,009 - INFO - 	Model trained for 23 epochs, accuracy is 62.86%
2025-03-25 18:18:35,144 - INFO - 	Fold 3/10
2025-03-25 18:18:45,230 - INFO - 	Model trained for 37 epochs, accuracy is 90.00%
2025-03-25 18:18:47,357 - INFO - 	Fold 4/10
2025-03-25 18:18:56,531 - INFO - 	Model trained for 33 epochs, accuracy is 92.86%
2025-03-25 18:18:58,663 - INFO - 	Fold 5/10
2025-03-25 18:19:05,499 - INFO - 	Model trained for 23 epochs, accuracy is 95.71%
2025-03-25 18:19:07,647 - INFO - 	Fold 6/10
2025-03-25 18:19:22,843 - INFO - 	Model trained for 59 epochs, accuracy is 94.29%
2025-03-25 18:19:24,993 - INFO - 	Fold 7/10
2025-03-25 18:19:34,908 - INFO - 	Model trained for 36 epochs, accuracy is 94.29%
2025-03-25 18:19:37,067 - INFO - 	Fold 8/10
2025-03-25 18:19:48,289 - INFO - 	Model trained for 42 epochs, accuracy is 87.14%
2025-03-25 18:19:50,442 - INFO - 	Fold 9/10
2025-03-25 18:19:57,052 - INFO - 	Model trained for 22 epochs, accuracy is 95.71%
2025-03-25 18:19:59,200 - INFO - 	Fold 10/10
2025-03-25 18:20:08,108 - INFO - 	Model trained for 32 epochs, accuracy is 94.29%
2025-03-25 18:20:10,286 - INFO - 	Mean accuracy over all folds is 86.49%
2025-03-25 18:20:10,288 - INFO - Trying 0.031 dropout_rate
2025-03-25 18:20:10,288 - INFO - 	Fold 1/10
2025-03-25 18:20:17,992 - INFO - 	Model trained for 27 epochs, accuracy is 88.73%
2025-03-25 18:20:20,152 - INFO - 	Fold 2/10
2025-03-25 18:20:31,468 - ERROR - Exception occured for 0.031 dropout_rate!
Traceback (most recent call last):
  File "c:/Users/wapta/Documents/GitRepos/ml_pulse_detection/train_cnn.py", line 258, in sweep_param
    mean_acc = model_trial(model_cfg, X_data, y_data)
  File "c:/Users/wapta/Documents/GitRepos/ml_pulse_detection/train_cnn.py", line 214, in model_trial
    model, history = train_model(X_train, y_train, X_val, y_val, model_cfg)
  File "c:/Users/wapta/Documents/GitRepos/ml_pulse_detection/train_cnn.py", line 147, in train_model
    verbose=0,
  File "C:\Users\wapta\anaconda3\envs\testing\lib\site-packages\keras\engine\training.py", line 1239, in fit
    validation_freq=validation_freq)
  File "C:\Users\wapta\anaconda3\envs\testing\lib\site-packages\keras\engine\training_arrays.py", line 196, in fit_loop
    outs = fit_function(ins_batch)
  File "C:\Users\wapta\anaconda3\envs\testing\lib\site-packages\tensorflow_core\python\keras\backend.py", line 3740, in __call__
    outputs = self._graph_fn(*converted_inputs)
  File "C:\Users\wapta\anaconda3\envs\testing\lib\site-packages\tensorflow_core\python\eager\function.py", line 1081, in __call__
    return self._call_impl(args, kwargs)
  File "C:\Users\wapta\anaconda3\envs\testing\lib\site-packages\tensorflow_core\python\eager\function.py", line 1121, in _call_impl
    return self._call_flat(args, self.captured_inputs, cancellation_manager)
  File "C:\Users\wapta\anaconda3\envs\testing\lib\site-packages\tensorflow_core\python\eager\function.py", line 1224, in _call_flat
    ctx, args, cancellation_manager=cancellation_manager)
  File "C:\Users\wapta\anaconda3\envs\testing\lib\site-packages\tensorflow_core\python\eager\function.py", line 511, in call
    ctx=ctx)
  File "C:\Users\wapta\anaconda3\envs\testing\lib\site-packages\tensorflow_core\python\eager\execute.py", line 67, in quick_execute
    six.raise_from(core._status_to_exception(e.code, message), None)
  File "<string>", line 3, in raise_from
tensorflow.python.framework.errors_impl.ResourceExhaustedError:  OOM when allocating tensor with shape[32,256,56,1] and type float on /job:localhost/replica:0/task:0/device:GPU:0 by allocator GPU_0_bfc
	 [[node gradients/max_pooling1d_3/MaxPool_grad/MaxPoolGrad (defined at C:\Users\wapta\anaconda3\envs\testing\lib\site-packages\tensorflow_core\python\framework\ops.py:1751) ]]
Hint: If you want to see a list of allocated tensors when OOM happens, add report_tensor_allocations_upon_oom to RunOptions for current allocation info.
 [Op:__inference_keras_scratch_graph_4620940]

Function call stack:
keras_scratch_graph

2025-03-25 18:20:31,473 - INFO - Trying 0.032 dropout_rate
2025-03-25 18:20:31,474 - INFO - 	Fold 1/10
