2025-04-13 14:05:11,840 - INFO - ---------- 1D CNN Training ----------
2025-04-13 14:05:12,580 - INFO - Loaded 701 datapoints
2025-04-13 14:05:12,581 - INFO - Beginning sweeps...

2025-04-13 14:05:12,582 - INFO - Sweeping conv_layers...
2025-04-13 14:05:12,583 - INFO - Trying 1 conv_layers
2025-04-13 14:05:12,583 - INFO - 	Fold 1/10
2025-04-13 14:05:17,374 - INFO - 	Model trained for 13 epochs, accuracy is 57.75%
2025-04-13 14:05:17,446 - INFO - 	Fold 2/10
2025-04-13 14:05:21,516 - INFO - 	Model trained for 21 epochs, accuracy is 62.86%
2025-04-13 14:05:21,605 - INFO - 	Fold 3/10
2025-04-13 14:05:25,252 - INFO - 	Model trained for 19 epochs, accuracy is 55.71%
2025-04-13 14:05:25,351 - INFO - 	Fold 4/10
2025-04-13 14:05:28,374 - INFO - 	Model trained for 14 epochs, accuracy is 58.57%
2025-04-13 14:41:20,545 - INFO - 	Fold 5/10
2025-04-13 14:41:23,964 - INFO - 	Model trained for 17 epochs, accuracy is 68.57%
2025-04-13 14:41:24,062 - INFO - 	Fold 6/10
2025-04-13 14:41:27,001 - INFO - 	Model trained for 15 epochs, accuracy is 61.43%
2025-04-13 14:41:27,107 - INFO - 	Fold 7/10
2025-04-13 14:41:30,201 - INFO - 	Model trained for 14 epochs, accuracy is 72.86%
2025-04-13 14:41:30,309 - INFO - 	Fold 8/10
2025-04-13 14:41:33,943 - INFO - 	Model trained for 19 epochs, accuracy is 64.29%
2025-04-13 14:41:34,056 - INFO - 	Fold 9/10
2025-04-13 14:41:38,109 - INFO - 	Model trained for 22 epochs, accuracy is 42.86%
2025-04-13 14:41:38,223 - INFO - 	Fold 10/10
2025-04-13 14:41:41,757 - INFO - 	Model trained for 19 epochs, accuracy is 65.71%
2025-04-13 14:41:41,875 - INFO - 	Mean accuracy over all folds is 61.06%
2025-04-13 14:41:41,876 - INFO - Trying 2 conv_layers
2025-04-13 14:41:41,876 - INFO - 	Fold 1/10
2025-04-13 14:41:45,604 - INFO - 	Model trained for 13 epochs, accuracy is 57.75%
2025-04-13 14:41:45,728 - INFO - 	Fold 2/10
2025-04-13 14:41:50,241 - INFO - 	Model trained for 20 epochs, accuracy is 62.86%
2025-04-13 14:41:50,374 - INFO - 	Fold 3/10
2025-04-13 14:41:53,844 - INFO - 	Model trained for 15 epochs, accuracy is 55.71%
2025-04-13 14:41:53,978 - INFO - 	Fold 4/10
2025-04-13 14:41:58,311 - INFO - 	Model trained for 21 epochs, accuracy is 58.57%
2025-04-13 14:41:58,449 - INFO - 	Fold 5/10
2025-04-13 14:42:02,000 - INFO - 	Model trained for 16 epochs, accuracy is 68.57%
2025-04-13 14:42:02,142 - INFO - 	Fold 6/10
2025-04-13 14:42:07,115 - INFO - 	Model trained for 25 epochs, accuracy is 61.43%
2025-04-13 14:42:07,260 - INFO - 	Fold 7/10
2025-04-13 14:42:12,787 - INFO - 	Model trained for 29 epochs, accuracy is 72.86%
2025-04-13 14:42:12,938 - INFO - 	Fold 8/10
2025-04-13 14:42:16,340 - INFO - 	Model trained for 15 epochs, accuracy is 64.29%
2025-04-13 14:42:16,494 - INFO - 	Fold 9/10
2025-04-13 14:42:19,864 - INFO - 	Model trained for 15 epochs, accuracy is 42.86%
2025-04-13 14:42:20,022 - INFO - 	Fold 10/10
2025-04-13 14:42:23,460 - INFO - 	Model trained for 15 epochs, accuracy is 65.71%
2025-04-13 14:42:23,622 - INFO - 	Mean accuracy over all folds is 61.06%
2025-04-13 14:42:23,623 - INFO - Trying 3 conv_layers
2025-04-13 14:42:23,623 - INFO - 	Fold 1/10
2025-04-13 14:42:32,617 - INFO - 	Model trained for 41 epochs, accuracy is 90.14%
2025-04-13 14:42:32,784 - INFO - 	Fold 2/10
2025-04-13 14:42:37,477 - INFO - 	Model trained for 18 epochs, accuracy is 62.86%
2025-04-13 14:42:37,652 - INFO - 	Fold 3/10
2025-04-13 14:42:42,857 - INFO - 	Model trained for 22 epochs, accuracy is 55.71%
2025-04-13 14:42:43,037 - INFO - 	Fold 4/10
2025-04-13 14:42:46,966 - INFO - 	Model trained for 15 epochs, accuracy is 58.57%
2025-04-13 14:42:47,150 - INFO - 	Fold 5/10
2025-04-13 14:42:54,186 - INFO - 	Model trained for 32 epochs, accuracy is 97.14%
2025-04-13 14:42:54,375 - INFO - 	Fold 6/10
2025-04-13 14:43:01,747 - INFO - 	Model trained for 34 epochs, accuracy is 92.86%
2025-04-13 14:43:01,942 - INFO - 	Fold 7/10
2025-04-13 14:43:06,411 - INFO - 	Model trained for 18 epochs, accuracy is 72.86%
2025-04-13 14:43:06,609 - INFO - 	Fold 8/10
2025-04-13 14:43:12,329 - INFO - 	Model trained for 25 epochs, accuracy is 82.86%
2025-04-13 14:43:12,532 - INFO - 	Fold 9/10
2025-04-13 14:43:21,375 - INFO - 	Model trained for 42 epochs, accuracy is 90.00%
2025-04-13 14:43:21,582 - INFO - 	Fold 10/10
2025-04-13 14:43:26,793 - INFO - 	Model trained for 22 epochs, accuracy is 65.71%
2025-04-13 14:43:27,006 - INFO - 	Mean accuracy over all folds is 76.87%
2025-04-13 14:43:27,006 - INFO - Trying 4 conv_layers
2025-04-13 14:43:27,007 - INFO - 	Fold 1/10
2025-04-13 14:43:34,703 - INFO - 	Model trained for 27 epochs, accuracy is 94.37%
2025-04-13 14:43:34,936 - INFO - 	Fold 2/10
2025-04-13 14:43:44,443 - INFO - 	Model trained for 35 epochs, accuracy is 97.14%
2025-04-13 14:43:44,669 - INFO - 	Fold 3/10
2025-04-13 14:43:54,160 - INFO - 	Model trained for 36 epochs, accuracy is 92.86%
2025-04-13 14:43:54,392 - INFO - 	Fold 4/10
2025-04-13 14:44:03,966 - INFO - 	Model trained for 36 epochs, accuracy is 90.00%
2025-04-13 14:44:04,202 - INFO - 	Fold 5/10
2025-04-13 14:44:11,269 - INFO - 	Model trained for 25 epochs, accuracy is 97.14%
2025-04-13 14:44:11,512 - INFO - 	Fold 6/10
2025-04-13 14:44:19,950 - INFO - 	Model trained for 31 epochs, accuracy is 94.29%
2025-04-13 14:44:20,199 - INFO - 	Fold 7/10
2025-04-13 14:44:29,292 - INFO - 	Model trained for 34 epochs, accuracy is 97.14%
2025-04-13 14:44:29,544 - INFO - 	Fold 8/10
2025-04-13 14:44:35,888 - INFO - 	Model trained for 22 epochs, accuracy is 85.71%
2025-04-13 14:44:36,144 - INFO - 	Fold 9/10
2025-04-13 14:44:41,328 - INFO - 	Model trained for 17 epochs, accuracy is 91.43%
2025-04-13 14:44:41,591 - INFO - 	Fold 10/10
2025-04-13 14:44:48,420 - INFO - 	Model trained for 23 epochs, accuracy is 94.29%
2025-04-13 14:44:48,689 - INFO - 	Mean accuracy over all folds is 93.44%
2025-04-13 14:44:48,690 - INFO - Trying 5 conv_layers
2025-04-13 14:44:48,690 - INFO - 	Fold 1/10
2025-04-13 14:45:00,425 - INFO - 	Model trained for 31 epochs, accuracy is 90.14%
2025-04-13 14:45:00,700 - INFO - 	Fold 2/10
2025-04-13 14:45:06,881 - INFO - 	Model trained for 14 epochs, accuracy is 97.14%
2025-04-13 14:45:07,163 - INFO - 	Fold 3/10
2025-04-13 14:45:12,848 - INFO - 	Model trained for 13 epochs, accuracy is 81.43%
2025-04-13 14:45:13,135 - INFO - 	Fold 4/10
2025-04-13 14:45:26,575 - INFO - 	Model trained for 37 epochs, accuracy is 97.14%
2025-04-13 14:45:26,869 - INFO - 	Fold 5/10
2025-04-13 14:45:35,505 - INFO - 	Model trained for 22 epochs, accuracy is 94.29%
2025-04-13 14:45:35,803 - INFO - 	Fold 6/10
2025-04-13 14:45:42,908 - INFO - 	Model trained for 17 epochs, accuracy is 94.29%
2025-04-13 14:45:43,212 - INFO - 	Fold 7/10
2025-04-13 14:45:50,943 - INFO - 	Model trained for 19 epochs, accuracy is 98.57%
2025-04-13 14:45:51,253 - INFO - 	Fold 8/10
2025-04-13 14:46:00,963 - INFO - 	Model trained for 25 epochs, accuracy is 90.00%
2025-04-13 14:46:01,280 - INFO - 	Fold 9/10
2025-04-13 14:46:11,303 - INFO - 	Model trained for 26 epochs, accuracy is 92.86%
2025-04-13 14:46:11,625 - INFO - 	Fold 10/10
2025-04-13 14:46:18,664 - INFO - 	Model trained for 17 epochs, accuracy is 94.29%
2025-04-13 14:46:18,990 - INFO - 	Mean accuracy over all folds is 93.01%
2025-04-13 14:46:18,991 - INFO - Trying 6 conv_layers
2025-04-13 14:46:18,991 - INFO - 	Fold 1/10
2025-04-13 14:46:32,021 - INFO - 	Model trained for 20 epochs, accuracy is 94.37%
2025-04-13 14:46:32,356 - INFO - 	Fold 2/10
2025-04-13 14:46:47,023 - INFO - 	Model trained for 23 epochs, accuracy is 97.14%
2025-04-13 14:46:47,366 - INFO - 	Fold 3/10
2025-04-13 14:47:03,524 - INFO - 	Model trained for 26 epochs, accuracy is 90.00%
2025-04-13 14:47:03,874 - INFO - 	Fold 4/10
2025-04-13 14:47:16,200 - INFO - 	Model trained for 19 epochs, accuracy is 92.86%
2025-04-13 14:47:16,556 - INFO - 	Fold 5/10
2025-04-13 14:47:34,379 - INFO - 	Model trained for 29 epochs, accuracy is 95.71%
2025-04-13 14:47:34,743 - INFO - 	Fold 6/10
2025-04-13 14:47:44,837 - INFO - 	Model trained for 15 epochs, accuracy is 92.86%
2025-04-13 14:47:45,206 - INFO - 	Fold 7/10
2025-04-13 14:47:55,862 - INFO - 	Model trained for 16 epochs, accuracy is 72.86%
2025-04-13 14:47:56,237 - INFO - 	Fold 8/10
2025-04-13 14:48:10,162 - INFO - 	Model trained for 22 epochs, accuracy is 88.57%
2025-04-13 14:48:10,542 - INFO - 	Fold 9/10
2025-04-13 14:48:26,119 - INFO - 	Model trained for 25 epochs, accuracy is 87.14%
2025-04-13 14:48:26,507 - INFO - 	Fold 10/10
2025-04-13 14:48:44,349 - INFO - 	Model trained for 29 epochs, accuracy is 97.14%
2025-04-13 14:48:44,745 - INFO - 	Mean accuracy over all folds is 90.87%
2025-04-13 14:48:44,746 - INFO - Done sweeping conv_layers

2025-04-13 14:48:44,857 - INFO - Done!
