2025-03-26 16:47:56,010 - INFO - ---------- 1D CNN Training ----------
2025-03-26 16:47:56,771 - INFO - Loaded 701 datapoints
2025-03-26 16:47:56,772 - INFO - Beginning sweeps...

2025-03-26 16:47:56,772 - INFO - Sweeping dense_points...
2025-03-26 16:47:56,773 - INFO - Trying 32 dense_points
2025-03-26 16:47:56,773 - INFO - 	Fold 1/10
2025-03-26 16:48:04,833 - INFO - 	Model trained for 24 epochs, accuracy is 91.55%
2025-03-26 16:48:04,908 - INFO - 	Fold 2/10
2025-03-26 16:48:13,599 - INFO - 	Model trained for 35 epochs, accuracy is 94.29%
2025-03-26 16:48:13,700 - INFO - 	Fold 3/10
2025-03-26 16:48:23,798 - INFO - 	Model trained for 47 epochs, accuracy is 95.71%
2025-03-26 16:48:23,902 - INFO - 	Fold 4/10
2025-03-26 16:48:33,250 - INFO - 	Model trained for 43 epochs, accuracy is 92.86%
2025-03-26 16:48:33,359 - INFO - 	Fold 5/10
2025-03-26 16:48:41,060 - INFO - 	Model trained for 34 epochs, accuracy is 95.71%
2025-03-26 16:48:41,178 - INFO - 	Fold 6/10
2025-03-26 16:48:46,953 - INFO - 	Model trained for 24 epochs, accuracy is 94.29%
2025-03-26 16:48:47,072 - INFO - 	Fold 7/10
2025-03-26 16:48:52,475 - INFO - 	Model trained for 22 epochs, accuracy is 92.86%
2025-03-26 16:48:52,598 - INFO - 	Fold 8/10
2025-03-26 16:49:00,393 - INFO - 	Model trained for 34 epochs, accuracy is 85.71%
2025-03-26 16:49:00,523 - INFO - 	Fold 9/10
2025-03-26 16:49:07,439 - INFO - 	Model trained for 30 epochs, accuracy is 91.43%
2025-03-26 16:49:07,573 - INFO - 	Fold 10/10
2025-03-26 16:49:15,013 - INFO - 	Model trained for 33 epochs, accuracy is 94.29%
2025-03-26 16:49:15,151 - INFO - 	Mean accuracy over all folds is 92.87%
2025-03-26 16:49:15,152 - INFO - Trying 64 dense_points
2025-03-26 16:49:15,152 - INFO - 	Fold 1/10
2025-03-26 16:49:23,478 - INFO - 	Model trained for 36 epochs, accuracy is 88.73%
2025-03-26 16:49:23,622 - INFO - 	Fold 2/10
2025-03-26 16:49:30,009 - INFO - 	Model trained for 26 epochs, accuracy is 95.71%
2025-03-26 16:49:30,158 - INFO - 	Fold 3/10
2025-03-26 16:49:39,630 - INFO - 	Model trained for 42 epochs, accuracy is 88.57%
2025-03-26 16:49:39,783 - INFO - 	Fold 4/10
2025-03-26 16:49:45,952 - INFO - 	Model trained for 25 epochs, accuracy is 90.00%
2025-03-26 16:49:46,109 - INFO - 	Fold 5/10
2025-03-26 16:49:56,989 - INFO - 	Model trained for 49 epochs, accuracy is 95.71%
2025-03-26 16:49:57,152 - INFO - 	Fold 6/10
2025-03-26 16:50:08,464 - INFO - 	Model trained for 50 epochs, accuracy is 94.29%
2025-03-26 16:50:08,631 - INFO - 	Fold 7/10
2025-03-26 16:50:16,009 - INFO - 	Model trained for 31 epochs, accuracy is 94.29%
2025-03-26 16:50:16,181 - INFO - 	Fold 8/10
2025-03-26 16:50:27,301 - INFO - 	Model trained for 50 epochs, accuracy is 82.86%
2025-03-26 16:50:27,477 - INFO - 	Fold 9/10
2025-03-26 16:50:35,442 - INFO - 	Model trained for 34 epochs, accuracy is 94.29%
2025-03-26 16:50:35,624 - INFO - 	Fold 10/10
2025-03-26 16:50:42,410 - INFO - 	Model trained for 28 epochs, accuracy is 90.00%
2025-03-26 16:50:42,596 - INFO - 	Mean accuracy over all folds is 91.44%
2025-03-26 16:50:42,597 - INFO - Trying 128 dense_points
2025-03-26 16:50:42,597 - INFO - 	Fold 1/10
2025-03-26 16:50:52,155 - INFO - 	Model trained for 38 epochs, accuracy is 91.55%
2025-03-26 16:50:52,345 - INFO - 	Fold 2/10
2025-03-26 16:51:01,473 - INFO - 	Model trained for 36 epochs, accuracy is 94.29%
2025-03-26 16:51:01,672 - INFO - 	Fold 3/10
2025-03-26 16:51:11,819 - INFO - 	Model trained for 41 epochs, accuracy is 91.43%
2025-03-26 16:51:12,020 - INFO - 	Fold 4/10
2025-03-26 16:51:18,929 - INFO - 	Model trained for 26 epochs, accuracy is 90.00%
2025-03-26 16:51:19,135 - INFO - 	Fold 5/10
2025-03-26 16:51:28,007 - INFO - 	Model trained for 35 epochs, accuracy is 94.29%
2025-03-26 16:51:28,218 - INFO - 	Fold 6/10
2025-03-26 16:51:37,497 - INFO - 	Model trained for 37 epochs, accuracy is 94.29%
2025-03-26 16:51:37,712 - INFO - 	Fold 7/10
2025-03-26 16:51:46,340 - INFO - 	Model trained for 34 epochs, accuracy is 98.57%
2025-03-26 16:51:46,559 - INFO - 	Fold 8/10
2025-03-26 16:51:51,555 - INFO - 	Model trained for 17 epochs, accuracy is 64.29%
2025-03-26 16:51:51,779 - INFO - 	Fold 9/10
2025-03-26 16:52:08,127 - INFO - 	Model trained for 69 epochs, accuracy is 94.29%
2025-03-26 16:52:08,356 - INFO - 	Fold 10/10
2025-03-26 16:52:18,534 - INFO - 	Model trained for 41 epochs, accuracy is 95.71%
2025-03-26 16:52:18,769 - INFO - 	Mean accuracy over all folds is 90.87%
2025-03-26 16:52:18,770 - INFO - Trying 256 dense_points
2025-03-26 16:52:18,771 - INFO - 	Fold 1/10
2025-03-26 16:52:31,768 - INFO - 	Model trained for 45 epochs, accuracy is 84.51%
2025-03-26 16:52:32,007 - INFO - 	Fold 2/10
2025-03-26 16:52:44,222 - INFO - 	Model trained for 42 epochs, accuracy is 95.71%
2025-03-26 16:52:44,468 - INFO - 	Fold 3/10
2025-03-26 16:52:53,055 - INFO - 	Model trained for 28 epochs, accuracy is 84.29%
2025-03-26 16:52:53,303 - INFO - 	Fold 4/10
2025-03-26 16:53:01,612 - INFO - 	Model trained for 27 epochs, accuracy is 90.00%
2025-03-26 16:53:01,863 - INFO - 	Fold 5/10
2025-03-26 16:53:15,654 - INFO - 	Model trained for 48 epochs, accuracy is 94.29%
2025-03-26 16:53:15,912 - INFO - 	Fold 6/10
2025-03-26 16:53:23,192 - INFO - 	Model trained for 23 epochs, accuracy is 91.43%
2025-03-26 16:53:23,454 - INFO - 	Fold 7/10
2025-03-26 16:53:39,118 - INFO - 	Model trained for 55 epochs, accuracy is 94.29%
2025-03-26 16:53:39,385 - INFO - 	Fold 8/10
2025-03-26 16:53:43,731 - INFO - 	Model trained for 12 epochs, accuracy is 64.29%
2025-03-26 16:53:44,004 - INFO - 	Fold 9/10
2025-03-26 16:53:51,487 - INFO - 	Model trained for 24 epochs, accuracy is 92.86%
2025-03-26 16:53:51,764 - INFO - 	Fold 10/10
2025-03-26 16:54:03,230 - INFO - 	Model trained for 39 epochs, accuracy is 95.71%
2025-03-26 16:54:03,511 - INFO - 	Mean accuracy over all folds is 88.74%
2025-03-26 16:54:03,512 - INFO - Trying 512 dense_points
2025-03-26 16:54:03,512 - INFO - 	Fold 1/10
2025-03-26 16:54:09,048 - INFO - 	Model trained for 12 epochs, accuracy is 57.75%
2025-03-26 16:54:09,335 - INFO - 	Fold 2/10
2025-03-26 16:54:13,803 - INFO - 	Model trained for 9 epochs, accuracy is 62.86%
2025-03-26 16:54:14,095 - INFO - 	Fold 3/10
2025-03-26 16:54:21,452 - INFO - 	Model trained for 17 epochs, accuracy is 55.71%
2025-03-26 16:54:21,750 - INFO - 	Fold 4/10
2025-03-26 16:54:37,356 - INFO - 	Model trained for 40 epochs, accuracy is 91.43%
2025-03-26 16:54:37,657 - INFO - 	Fold 5/10
2025-03-26 16:54:44,952 - INFO - 	Model trained for 17 epochs, accuracy is 68.57%
2025-03-26 16:54:45,258 - INFO - 	Fold 6/10
2025-03-26 16:54:54,055 - INFO - 	Model trained for 21 epochs, accuracy is 92.86%
2025-03-26 16:54:54,367 - INFO - 	Fold 7/10
2025-03-26 16:54:58,802 - INFO - 	Model trained for 9 epochs, accuracy is 72.86%
2025-03-26 16:54:59,120 - INFO - 	Fold 8/10
2025-03-26 16:55:06,036 - INFO - 	Model trained for 16 epochs, accuracy is 64.29%
2025-03-26 16:55:06,357 - INFO - 	Fold 9/10
2025-03-26 16:55:11,531 - INFO - 	Model trained for 11 epochs, accuracy is 42.86%
2025-03-26 16:55:11,858 - INFO - 	Fold 10/10
2025-03-26 16:55:17,053 - INFO - 	Model trained for 11 epochs, accuracy is 65.71%
2025-03-26 16:55:17,383 - INFO - 	Mean accuracy over all folds is 67.49%
2025-03-26 16:55:17,384 - INFO - Trying 1024 dense_points
2025-03-26 16:55:17,384 - INFO - 	Fold 1/10
2025-03-26 16:55:26,140 - INFO - 	Model trained for 13 epochs, accuracy is 57.75%
2025-03-26 16:55:26,479 - INFO - 	Fold 2/10
2025-03-26 16:55:36,395 - INFO - 	Model trained for 15 epochs, accuracy is 62.86%
2025-03-26 16:55:36,738 - INFO - 	Fold 3/10
2025-03-26 16:55:43,809 - INFO - 	Model trained for 10 epochs, accuracy is 55.71%
2025-03-26 16:55:44,153 - INFO - 	Fold 4/10
2025-03-26 16:55:50,626 - INFO - 	Model trained for 9 epochs, accuracy is 58.57%
2025-03-26 16:55:50,976 - INFO - 	Fold 5/10
2025-03-26 16:56:02,137 - INFO - 	Model trained for 17 epochs, accuracy is 68.57%
2025-03-26 16:56:02,492 - INFO - 	Fold 6/10
2025-03-26 16:56:12,958 - INFO - 	Model trained for 16 epochs, accuracy is 61.43%
2025-03-26 16:56:13,317 - INFO - 	Fold 7/10
2025-03-26 16:56:25,572 - INFO - 	Model trained for 19 epochs, accuracy is 72.86%
2025-03-26 16:56:25,939 - INFO - 	Fold 8/10
2025-03-26 16:56:32,414 - INFO - 	Model trained for 9 epochs, accuracy is 64.29%
2025-03-26 16:56:32,782 - INFO - 	Fold 9/10
2025-03-26 16:56:45,640 - INFO - 	Model trained for 20 epochs, accuracy is 42.86%
2025-03-26 16:56:46,014 - INFO - 	Fold 10/10
2025-03-26 16:56:58,240 - INFO - 	Model trained for 19 epochs, accuracy is 65.71%
2025-03-26 16:56:58,624 - INFO - 	Mean accuracy over all folds is 61.06%
2025-03-26 16:56:58,625 - INFO - Trying 2048 dense_points
2025-03-26 16:56:58,626 - INFO - 	Fold 1/10
2025-03-26 16:57:13,275 - INFO - 	Model trained for 12 epochs, accuracy is 57.75%
2025-03-26 16:57:13,662 - INFO - 	Fold 2/10
2025-03-26 16:57:32,649 - INFO - 	Model trained for 16 epochs, accuracy is 62.86%
2025-03-26 16:57:33,043 - INFO - 	Fold 3/10
2025-03-26 16:57:50,994 - INFO - 	Model trained for 15 epochs, accuracy is 55.71%
2025-03-26 16:57:51,393 - INFO - 	Fold 4/10
2025-03-26 16:58:19,189 - INFO - 	Model trained for 24 epochs, accuracy is 58.57%
2025-03-26 16:58:19,592 - INFO - 	Fold 5/10
2025-03-26 16:58:33,095 - INFO - 	Model trained for 11 epochs, accuracy is 68.57%
2025-03-26 16:58:33,503 - INFO - 	Fold 6/10
2025-03-26 16:58:55,608 - INFO - 	Model trained for 19 epochs, accuracy is 61.43%
2025-03-26 16:58:56,021 - INFO - 	Fold 7/10
2025-03-26 16:59:09,629 - INFO - 	Model trained for 11 epochs, accuracy is 72.86%
2025-03-26 16:59:10,047 - INFO - 	Fold 8/10
2025-03-26 16:59:33,357 - INFO - 	Model trained for 20 epochs, accuracy is 64.29%
2025-03-26 16:59:33,777 - INFO - 	Fold 9/10
2025-03-26 16:59:53,837 - INFO - 	Model trained for 17 epochs, accuracy is 42.86%
2025-03-26 16:59:54,264 - INFO - 	Fold 10/10
2025-03-26 17:00:05,484 - INFO - 	Model trained for 9 epochs, accuracy is 65.71%
2025-03-26 17:00:05,917 - INFO - 	Mean accuracy over all folds is 61.06%
2025-03-26 17:00:05,918 - INFO - Done sweeping dense_points

2025-03-26 17:00:06,035 - INFO - Done!
