2025-03-26 19:19:11,244 - INFO - ---------- 1D CNN Training ----------
2025-03-26 19:19:11,984 - INFO - Loaded 701 datapoints
2025-03-26 19:19:11,985 - INFO - Beginning sweeps...

2025-03-26 19:19:11,985 - INFO - Sweeping l2_rate...
2025-03-26 19:19:11,985 - INFO - Trying 0.0 l2_rate
2025-03-26 19:19:11,986 - INFO - 	Fold 1/10
2025-03-26 19:19:21,355 - INFO - 	Model trained for 27 epochs, accuracy is 91.55%
2025-03-26 19:19:21,433 - INFO - 	Fold 2/10
2025-03-26 19:19:30,436 - INFO - 	Model trained for 40 epochs, accuracy is 97.14%
2025-03-26 19:19:30,536 - INFO - 	Fold 3/10
2025-03-26 19:19:34,622 - INFO - 	Model trained for 16 epochs, accuracy is 82.86%
2025-03-26 19:19:34,726 - INFO - 	Fold 4/10
2025-03-26 19:19:43,029 - INFO - 	Model trained for 33 epochs, accuracy is 95.71%
2025-03-26 19:19:43,139 - INFO - 	Fold 5/10
2025-03-26 19:19:48,873 - INFO - 	Model trained for 22 epochs, accuracy is 91.43%
2025-03-26 19:19:48,984 - INFO - 	Fold 6/10
2025-03-26 19:19:53,422 - INFO - 	Model trained for 16 epochs, accuracy is 94.29%
2025-03-26 19:19:53,540 - INFO - 	Fold 7/10
2025-03-26 19:19:58,609 - INFO - 	Model trained for 19 epochs, accuracy is 91.43%
2025-03-26 19:19:58,732 - INFO - 	Fold 8/10
2025-03-26 19:20:03,831 - INFO - 	Model trained for 19 epochs, accuracy is 82.86%
2025-03-26 19:20:03,957 - INFO - 	Fold 9/10
2025-03-26 19:20:11,497 - INFO - 	Model trained for 31 epochs, accuracy is 90.00%
2025-03-26 19:20:11,628 - INFO - 	Fold 10/10
2025-03-26 19:20:16,724 - INFO - 	Model trained for 19 epochs, accuracy is 94.29%
2025-03-26 19:20:16,861 - INFO - 	Mean accuracy over all folds is 91.15%
2025-03-26 19:20:16,861 - INFO - Trying 0.005 l2_rate
2025-03-26 19:20:16,862 - INFO - 	Fold 1/10
2025-03-26 19:20:26,138 - INFO - 	Model trained for 37 epochs, accuracy is 92.96%
2025-03-26 19:20:26,279 - INFO - 	Fold 2/10
2025-03-26 19:20:31,819 - INFO - 	Model trained for 20 epochs, accuracy is 94.29%
2025-03-26 19:20:31,964 - INFO - 	Fold 3/10
2025-03-26 19:20:37,318 - INFO - 	Model trained for 19 epochs, accuracy is 88.57%
2025-03-26 19:20:37,469 - INFO - 	Fold 4/10
2025-03-26 19:20:47,917 - INFO - 	Model trained for 42 epochs, accuracy is 95.71%
2025-03-26 19:20:48,072 - INFO - 	Fold 5/10
2025-03-26 19:20:56,219 - INFO - 	Model trained for 32 epochs, accuracy is 95.71%
2025-03-26 19:20:56,379 - INFO - 	Fold 6/10
2025-03-26 19:21:03,022 - INFO - 	Model trained for 25 epochs, accuracy is 92.86%
2025-03-26 19:21:03,189 - INFO - 	Fold 7/10
2025-03-26 19:21:10,260 - INFO - 	Model trained for 27 epochs, accuracy is 94.29%
2025-03-26 19:21:10,430 - INFO - 	Fold 8/10
2025-03-26 19:21:16,638 - INFO - 	Model trained for 23 epochs, accuracy is 84.29%
2025-03-26 19:21:16,812 - INFO - 	Fold 9/10
2025-03-26 19:21:25,376 - INFO - 	Model trained for 34 epochs, accuracy is 91.43%
2025-03-26 19:21:25,554 - INFO - 	Fold 10/10
2025-03-26 19:21:33,259 - INFO - 	Model trained for 30 epochs, accuracy is 94.29%
2025-03-26 19:21:33,443 - INFO - 	Mean accuracy over all folds is 92.44%
2025-03-26 19:21:33,444 - INFO - Trying 0.01 l2_rate
2025-03-26 19:21:33,444 - INFO - 	Fold 1/10
2025-03-26 19:21:41,608 - INFO - 	Model trained for 32 epochs, accuracy is 85.92%
2025-03-26 19:21:41,799 - INFO - 	Fold 2/10
2025-03-26 19:21:48,790 - INFO - 	Model trained for 26 epochs, accuracy is 95.71%
2025-03-26 19:21:48,985 - INFO - 	Fold 3/10
2025-03-26 19:21:55,692 - INFO - 	Model trained for 25 epochs, accuracy is 85.71%
2025-03-26 19:21:55,891 - INFO - 	Fold 4/10
2025-03-26 19:22:03,181 - INFO - 	Model trained for 28 epochs, accuracy is 94.29%
2025-03-26 19:22:03,383 - INFO - 	Fold 5/10
2025-03-26 19:22:10,217 - INFO - 	Model trained for 26 epochs, accuracy is 97.14%
2025-03-26 19:22:10,424 - INFO - 	Fold 6/10
2025-03-26 19:22:16,890 - INFO - 	Model trained for 24 epochs, accuracy is 92.86%
2025-03-26 19:22:17,102 - INFO - 	Fold 7/10
2025-03-26 19:22:25,197 - INFO - 	Model trained for 32 epochs, accuracy is 94.29%
2025-03-26 19:22:25,413 - INFO - 	Fold 8/10
2025-03-26 19:22:33,359 - INFO - 	Model trained for 31 epochs, accuracy is 82.86%
2025-03-26 19:22:33,580 - INFO - 	Fold 9/10
2025-03-26 19:22:39,758 - INFO - 	Model trained for 23 epochs, accuracy is 91.43%
2025-03-26 19:22:39,985 - INFO - 	Fold 10/10
2025-03-26 19:22:45,584 - INFO - 	Model trained for 20 epochs, accuracy is 91.43%
2025-03-26 19:22:45,819 - INFO - 	Mean accuracy over all folds is 91.16%
2025-03-26 19:22:45,820 - INFO - Trying 0.015 l2_rate
2025-03-26 19:22:45,821 - INFO - 	Fold 1/10
2025-03-26 19:22:49,917 - INFO - 	Model trained for 13 epochs, accuracy is 90.14%
2025-03-26 19:22:50,155 - INFO - 	Fold 2/10
2025-03-26 19:22:56,260 - INFO - 	Model trained for 22 epochs, accuracy is 94.29%
2025-03-26 19:22:56,502 - INFO - 	Fold 3/10
2025-03-26 19:23:03,630 - INFO - 	Model trained for 27 epochs, accuracy is 87.14%
2025-03-26 19:23:03,876 - INFO - 	Fold 4/10
2025-03-26 19:23:14,168 - INFO - 	Model trained for 42 epochs, accuracy is 91.43%
2025-03-26 19:23:14,418 - INFO - 	Fold 5/10
2025-03-26 19:23:21,471 - INFO - 	Model trained for 27 epochs, accuracy is 95.71%
2025-03-26 19:23:21,725 - INFO - 	Fold 6/10
2025-03-26 19:23:30,111 - INFO - 	Model trained for 33 epochs, accuracy is 94.29%
2025-03-26 19:23:30,370 - INFO - 	Fold 7/10
2025-03-26 19:23:38,123 - INFO - 	Model trained for 30 epochs, accuracy is 95.71%
2025-03-26 19:23:38,387 - INFO - 	Fold 8/10
2025-03-26 19:23:43,775 - INFO - 	Model trained for 19 epochs, accuracy is 85.71%
2025-03-26 19:23:44,044 - INFO - 	Fold 9/10
2025-03-26 19:23:53,798 - INFO - 	Model trained for 38 epochs, accuracy is 92.86%
2025-03-26 19:23:54,071 - INFO - 	Fold 10/10
2025-03-26 19:24:03,839 - INFO - 	Model trained for 39 epochs, accuracy is 94.29%
2025-03-26 19:24:04,116 - INFO - 	Mean accuracy over all folds is 92.16%
2025-03-26 19:24:04,117 - INFO - Trying 0.02 l2_rate
2025-03-26 19:24:04,118 - INFO - 	Fold 1/10
2025-03-26 19:24:13,559 - INFO - 	Model trained for 37 epochs, accuracy is 90.14%
2025-03-26 19:24:13,842 - INFO - 	Fold 2/10
2025-03-26 19:24:22,674 - INFO - 	Model trained for 34 epochs, accuracy is 97.14%
2025-03-26 19:24:23,008 - INFO - 	Fold 3/10
2025-03-26 19:24:32,941 - INFO - 	Model trained for 37 epochs, accuracy is 90.00%
2025-03-26 19:24:33,240 - INFO - 	Fold 4/10
2025-03-26 19:24:39,526 - INFO - 	Model trained for 23 epochs, accuracy is 90.00%
2025-03-26 19:24:39,830 - INFO - 	Fold 5/10
2025-03-26 19:24:47,933 - INFO - 	Model trained for 31 epochs, accuracy is 94.29%
2025-03-26 19:24:48,242 - INFO - 	Fold 6/10
2025-03-26 19:24:59,054 - INFO - 	Model trained for 43 epochs, accuracy is 91.43%
2025-03-26 19:24:59,364 - INFO - 	Fold 7/10
2025-03-26 19:25:05,086 - INFO - 	Model trained for 20 epochs, accuracy is 92.86%
2025-03-26 19:25:05,404 - INFO - 	Fold 8/10
2025-03-26 19:25:12,702 - INFO - 	Model trained for 27 epochs, accuracy is 84.29%
2025-03-26 19:25:13,025 - INFO - 	Fold 9/10
2025-03-26 19:25:23,979 - INFO - 	Model trained for 43 epochs, accuracy is 91.43%
2025-03-26 19:25:24,305 - INFO - 	Fold 10/10
2025-03-26 19:25:30,520 - INFO - 	Model trained for 22 epochs, accuracy is 92.86%
2025-03-26 19:25:30,866 - INFO - 	Mean accuracy over all folds is 91.44%
2025-03-26 19:25:30,867 - INFO - Trying 0.025 l2_rate
2025-03-26 19:25:30,868 - INFO - 	Fold 1/10
2025-03-26 19:25:45,344 - INFO - 	Model trained for 60 epochs, accuracy is 90.14%
2025-03-26 19:25:45,694 - INFO - 	Fold 2/10
2025-03-26 19:26:00,123 - INFO - 	Model trained for 58 epochs, accuracy is 94.29%
2025-03-26 19:26:00,472 - INFO - 	Fold 3/10
2025-03-26 19:26:09,406 - INFO - 	Model trained for 34 epochs, accuracy is 88.57%
2025-03-26 19:26:09,756 - INFO - 	Fold 4/10
2025-03-26 19:26:18,584 - INFO - 	Model trained for 34 epochs, accuracy is 92.86%
2025-03-26 19:26:18,943 - INFO - 	Fold 5/10
2025-03-26 19:26:29,827 - INFO - 	Model trained for 42 epochs, accuracy is 94.29%
2025-03-26 19:26:30,181 - INFO - 	Fold 6/10
2025-03-26 19:26:41,650 - INFO - 	Model trained for 46 epochs, accuracy is 92.86%
2025-03-26 19:26:42,008 - INFO - 	Fold 7/10
2025-03-26 19:26:51,560 - INFO - 	Model trained for 37 epochs, accuracy is 92.86%
2025-03-26 19:26:51,930 - INFO - 	Fold 8/10
2025-03-26 19:27:01,122 - INFO - 	Model trained for 35 epochs, accuracy is 84.29%
2025-03-26 19:27:01,487 - INFO - 	Fold 9/10
2025-03-26 19:27:20,579 - INFO - 	Model trained for 79 epochs, accuracy is 91.43%
2025-03-26 19:27:20,957 - INFO - 	Fold 10/10
2025-03-26 19:27:27,230 - INFO - 	Model trained for 23 epochs, accuracy is 95.71%
2025-03-26 19:27:27,606 - INFO - 	Mean accuracy over all folds is 91.73%
2025-03-26 19:27:27,607 - INFO - Trying 0.03 l2_rate
2025-03-26 19:27:27,607 - INFO - 	Fold 1/10
2025-03-26 19:27:35,075 - INFO - 	Model trained for 28 epochs, accuracy is 91.55%
2025-03-26 19:27:35,468 - INFO - 	Fold 2/10
2025-03-26 19:27:46,567 - INFO - 	Model trained for 45 epochs, accuracy is 94.29%
2025-03-26 19:27:46,956 - INFO - 	Fold 3/10
2025-03-26 19:27:54,727 - INFO - 	Model trained for 30 epochs, accuracy is 90.00%
2025-03-26 19:27:55,121 - INFO - 	Fold 4/10
2025-03-26 19:28:01,198 - INFO - 	Model trained for 22 epochs, accuracy is 91.43%
2025-03-26 19:28:01,601 - INFO - 	Fold 5/10
2025-03-26 19:28:20,070 - INFO - 	Model trained for 79 epochs, accuracy is 97.14%
2025-03-26 19:28:20,471 - INFO - 	Fold 6/10
2025-03-26 19:28:25,903 - INFO - 	Model trained for 19 epochs, accuracy is 91.43%
2025-03-26 19:28:26,309 - INFO - 	Fold 7/10
2025-03-26 19:28:34,062 - INFO - 	Model trained for 30 epochs, accuracy is 97.14%
2025-03-26 19:28:34,477 - INFO - 	Fold 8/10
2025-03-26 19:28:41,563 - INFO - 	Model trained for 27 epochs, accuracy is 81.43%
2025-03-26 19:28:41,978 - INFO - 	Fold 9/10
2025-03-26 19:28:54,718 - INFO - 	Model trained for 53 epochs, accuracy is 91.43%
2025-03-26 19:28:55,140 - INFO - 	Fold 10/10
2025-03-26 19:29:03,830 - INFO - 	Model trained for 33 epochs, accuracy is 91.43%
2025-03-26 19:29:04,263 - INFO - 	Mean accuracy over all folds is 91.73%
2025-03-26 19:29:04,264 - INFO - Trying 0.035 l2_rate
2025-03-26 19:29:04,265 - INFO - 	Fold 1/10
2025-03-26 19:29:12,262 - INFO - 	Model trained for 27 epochs, accuracy is 91.55%
2025-03-26 19:29:12,726 - INFO - 	Fold 2/10
2025-03-26 19:29:21,683 - INFO - 	Model trained for 33 epochs, accuracy is 95.71%
2025-03-26 19:29:22,121 - INFO - 	Fold 3/10
2025-03-26 19:29:26,811 - INFO - 	Model trained for 15 epochs, accuracy is 88.57%
2025-03-26 19:29:27,254 - INFO - 	Fold 4/10
2025-03-26 19:29:32,917 - INFO - 	Model trained for 19 epochs, accuracy is 58.57%
2025-03-26 19:29:33,364 - INFO - 	Fold 5/10
2025-03-26 19:29:44,471 - INFO - 	Model trained for 44 epochs, accuracy is 95.71%
2025-03-26 19:29:44,950 - INFO - 	Fold 6/10
2025-03-26 19:29:53,532 - INFO - 	Model trained for 31 epochs, accuracy is 94.29%
2025-03-26 19:29:54,020 - INFO - 	Fold 7/10
2025-03-26 19:30:06,477 - INFO - 	Model trained for 49 epochs, accuracy is 91.43%
2025-03-26 19:30:06,943 - INFO - 	Fold 8/10
2025-03-26 19:30:18,713 - INFO - 	Model trained for 46 epochs, accuracy is 88.57%
2025-03-26 19:30:19,195 - INFO - 	Fold 9/10
2025-03-26 19:30:30,077 - INFO - 	Model trained for 44 epochs, accuracy is 92.86%
2025-03-26 19:30:30,548 - INFO - 	Fold 10/10
2025-03-26 19:30:39,109 - INFO - 	Model trained for 30 epochs, accuracy is 94.29%
2025-03-26 19:30:39,659 - INFO - 	Mean accuracy over all folds is 89.15%
2025-03-26 19:30:39,660 - INFO - Trying 0.04 l2_rate
2025-03-26 19:30:39,661 - INFO - 	Fold 1/10
2025-03-26 19:30:48,386 - INFO - 	Model trained for 28 epochs, accuracy is 90.14%
2025-03-26 19:30:48,914 - INFO - 	Fold 2/10
2025-03-26 19:30:56,836 - INFO - 	Model trained for 25 epochs, accuracy is 94.29%
2025-03-26 19:30:57,362 - INFO - 	Fold 3/10
2025-03-26 19:31:04,485 - INFO - 	Model trained for 22 epochs, accuracy is 88.57%
2025-03-26 19:31:05,057 - INFO - 	Fold 4/10
2025-03-26 19:31:13,356 - INFO - 	Model trained for 25 epochs, accuracy is 94.29%
2025-03-26 19:31:13,911 - INFO - 	Fold 5/10
2025-03-26 19:31:21,382 - INFO - 	Model trained for 26 epochs, accuracy is 94.29%
2025-03-26 19:31:21,878 - INFO - 	Fold 6/10
2025-03-26 19:31:32,421 - INFO - 	Model trained for 39 epochs, accuracy is 92.86%
2025-03-26 19:31:32,954 - INFO - 	Fold 7/10
2025-03-26 19:31:42,156 - INFO - 	Model trained for 34 epochs, accuracy is 91.43%
2025-03-26 19:31:42,693 - INFO - 	Fold 8/10
2025-03-26 19:31:49,704 - INFO - 	Model trained for 24 epochs, accuracy is 82.86%
2025-03-26 19:31:50,249 - INFO - 	Fold 9/10
2025-03-26 19:32:02,726 - INFO - 	Model trained for 48 epochs, accuracy is 94.29%
2025-03-26 19:32:03,244 - INFO - 	Fold 10/10
2025-03-26 19:32:09,937 - INFO - 	Model trained for 23 epochs, accuracy is 94.29%
2025-03-26 19:32:10,476 - INFO - 	Mean accuracy over all folds is 91.73%
2025-03-26 19:32:10,477 - INFO - Trying 0.045 l2_rate
2025-03-26 19:32:10,477 - INFO - 	Fold 1/10
2025-03-26 19:32:20,959 - INFO - 	Model trained for 39 epochs, accuracy is 88.73%
2025-03-26 19:32:21,502 - INFO - 	Fold 2/10
2025-03-26 19:32:35,793 - INFO - 	Model trained for 55 epochs, accuracy is 97.14%
2025-03-26 19:32:36,341 - INFO - 	Fold 3/10
2025-03-26 19:32:49,476 - INFO - 	Model trained for 51 epochs, accuracy is 90.00%
2025-03-26 19:32:50,037 - INFO - 	Fold 4/10
2025-03-26 19:32:56,163 - INFO - 	Model trained for 21 epochs, accuracy is 91.43%
2025-03-26 19:32:56,712 - INFO - 	Fold 5/10
2025-03-26 19:33:05,424 - INFO - 	Model trained for 34 epochs, accuracy is 95.71%
2025-03-26 19:33:05,989 - INFO - 	Fold 6/10
2025-03-26 19:33:12,507 - INFO - 	Model trained for 22 epochs, accuracy is 92.86%
2025-03-26 19:33:13,098 - INFO - 	Fold 7/10
2025-03-26 19:33:22,266 - INFO - 	Model trained for 34 epochs, accuracy is 97.14%
2025-03-26 19:33:22,837 - INFO - 	Fold 8/10
2025-03-26 19:33:37,497 - INFO - 	Model trained for 51 epochs, accuracy is 87.14%
2025-03-26 19:33:38,235 - INFO - 	Fold 9/10
2025-03-26 19:33:48,634 - INFO - 	Model trained for 38 epochs, accuracy is 94.29%
2025-03-26 19:33:49,217 - INFO - 	Fold 10/10
2025-03-26 19:34:01,528 - INFO - 	Model trained for 49 epochs, accuracy is 94.29%
2025-03-26 19:34:02,119 - INFO - 	Mean accuracy over all folds is 92.87%
2025-03-26 19:34:02,120 - INFO - Trying 0.05 l2_rate
2025-03-26 19:34:02,120 - INFO - 	Fold 1/10
2025-03-26 19:34:11,912 - INFO - 	Model trained for 38 epochs, accuracy is 91.55%
2025-03-26 19:34:12,485 - INFO - 	Fold 2/10
2025-03-26 19:34:18,384 - INFO - 	Model trained for 21 epochs, accuracy is 94.29%
2025-03-26 19:34:18,987 - INFO - 	Fold 3/10
2025-03-26 19:34:27,608 - INFO - 	Model trained for 32 epochs, accuracy is 85.71%
2025-03-26 19:34:28,192 - INFO - 	Fold 4/10
2025-03-26 19:34:42,084 - INFO - 	Model trained for 55 epochs, accuracy is 88.57%
2025-03-26 19:34:42,683 - INFO - 	Fold 5/10
2025-03-26 19:34:52,509 - INFO - 	Model trained for 37 epochs, accuracy is 95.71%
2025-03-26 19:34:53,098 - INFO - 	Fold 6/10
2025-03-26 19:35:03,199 - INFO - 	Model trained for 40 epochs, accuracy is 94.29%
2025-03-26 19:35:03,795 - INFO - 	Fold 7/10
2025-03-26 19:35:17,860 - INFO - 	Model trained for 58 epochs, accuracy is 91.43%
2025-03-26 19:35:18,480 - INFO - 	Fold 8/10
2025-03-26 19:35:24,856 - INFO - 	Model trained for 22 epochs, accuracy is 84.29%
2025-03-26 19:35:25,510 - INFO - 	Fold 9/10
2025-03-26 19:35:40,432 - INFO - 	Model trained for 56 epochs, accuracy is 90.00%
2025-03-26 19:35:41,047 - INFO - 	Fold 10/10
2025-03-26 19:35:48,636 - INFO - 	Model trained for 28 epochs, accuracy is 94.29%
2025-03-26 19:35:49,263 - INFO - 	Mean accuracy over all folds is 91.01%
2025-03-26 19:35:49,264 - INFO - Trying 0.055 l2_rate
2025-03-26 19:35:49,264 - INFO - 	Fold 1/10
2025-03-26 19:35:58,521 - INFO - 	Model trained for 29 epochs, accuracy is 90.14%
2025-03-26 19:35:59,220 - INFO - 	Fold 2/10
2025-03-26 19:36:12,403 - INFO - 	Model trained for 48 epochs, accuracy is 92.86%
2025-03-26 19:36:13,114 - INFO - 	Fold 3/10
2025-03-26 19:36:19,962 - INFO - 	Model trained for 15 epochs, accuracy is 55.71%
2025-03-26 19:36:20,698 - INFO - 	Fold 4/10
2025-03-26 19:36:29,904 - INFO - 	Model trained for 34 epochs, accuracy is 90.00%
2025-03-26 19:36:30,559 - INFO - 	Fold 5/10
2025-03-26 19:36:41,726 - INFO - 	Model trained for 43 epochs, accuracy is 95.71%
2025-03-26 19:36:42,385 - INFO - 	Fold 6/10
2025-03-26 19:36:50,315 - INFO - 	Model trained for 30 epochs, accuracy is 94.29%
2025-03-26 19:36:50,955 - INFO - 	Fold 7/10
2025-03-26 19:36:58,887 - INFO - 	Model trained for 30 epochs, accuracy is 92.86%
2025-03-26 19:36:59,532 - INFO - 	Fold 8/10
2025-03-26 19:37:05,927 - INFO - 	Model trained for 23 epochs, accuracy is 82.86%
2025-03-26 19:37:06,577 - INFO - 	Fold 9/10
2025-03-26 19:37:14,599 - INFO - 	Model trained for 30 epochs, accuracy is 91.43%
2025-03-26 19:37:15,413 - INFO - 	Fold 10/10
2025-03-26 19:37:22,551 - INFO - 	Model trained for 24 epochs, accuracy is 94.29%
2025-03-26 19:37:23,313 - INFO - 	Mean accuracy over all folds is 88.01%
2025-03-26 19:37:23,314 - INFO - Trying 0.06 l2_rate
2025-03-26 19:37:23,314 - INFO - 	Fold 1/10
2025-03-26 19:37:37,419 - INFO - 	Model trained for 56 epochs, accuracy is 90.14%
2025-03-26 19:37:38,076 - INFO - 	Fold 2/10
2025-03-26 19:37:48,497 - INFO - 	Model trained for 41 epochs, accuracy is 97.14%
2025-03-26 19:37:49,159 - INFO - 	Fold 3/10
2025-03-26 19:37:58,821 - INFO - 	Model trained for 38 epochs, accuracy is 90.00%
2025-03-26 19:37:59,487 - INFO - 	Fold 4/10
2025-03-26 19:38:08,824 - INFO - 	Model trained for 32 epochs, accuracy is 90.00%
2025-03-26 19:38:09,550 - INFO - 	Fold 5/10
2025-03-26 19:38:24,775 - INFO - 	Model trained for 61 epochs, accuracy is 98.57%
2025-03-26 19:38:25,508 - INFO - 	Fold 6/10
2025-03-26 19:38:33,957 - INFO - 	Model trained for 32 epochs, accuracy is 90.00%
2025-03-26 19:38:34,648 - INFO - 	Fold 7/10
2025-03-26 19:38:40,137 - INFO - 	Model trained for 18 epochs, accuracy is 97.14%
2025-03-26 19:38:40,835 - INFO - 	Fold 8/10
2025-03-26 19:38:47,992 - INFO - 	Model trained for 25 epochs, accuracy is 85.71%
2025-03-26 19:38:48,685 - INFO - 	Fold 9/10
2025-03-26 19:38:56,737 - INFO - 	Model trained for 30 epochs, accuracy is 90.00%
2025-03-26 19:38:57,436 - INFO - 	Fold 10/10
2025-03-26 19:39:09,177 - INFO - 	Model trained for 47 epochs, accuracy is 95.71%
2025-03-26 19:39:09,905 - INFO - 	Mean accuracy over all folds is 92.44%
2025-03-26 19:39:09,906 - INFO - Trying 0.065 l2_rate
2025-03-26 19:39:09,906 - INFO - 	Fold 1/10
2025-03-26 19:39:17,607 - INFO - 	Model trained for 28 epochs, accuracy is 91.55%
2025-03-26 19:39:18,316 - INFO - 	Fold 2/10
2025-03-26 19:39:25,219 - INFO - 	Model trained for 25 epochs, accuracy is 94.29%
2025-03-26 19:39:25,931 - INFO - 	Fold 3/10
2025-03-26 19:39:35,180 - INFO - 	Model trained for 34 epochs, accuracy is 92.86%
2025-03-26 19:39:35,896 - INFO - 	Fold 4/10
2025-03-26 19:39:49,089 - INFO - 	Model trained for 51 epochs, accuracy is 92.86%
2025-03-26 19:39:50,050 - INFO - 	Fold 5/10
2025-03-26 19:40:00,759 - INFO - 	Model trained for 40 epochs, accuracy is 94.29%
2025-03-26 19:40:01,532 - INFO - 	Fold 6/10
2025-03-26 19:40:13,047 - INFO - 	Model trained for 45 epochs, accuracy is 92.86%
2025-03-26 19:40:14,015 - INFO - 	Fold 7/10
2025-03-26 19:40:27,123 - INFO - 	Model trained for 52 epochs, accuracy is 88.57%
2025-03-26 19:40:27,862 - INFO - 	Fold 8/10
2025-03-26 19:40:36,114 - INFO - 	Model trained for 30 epochs, accuracy is 84.29%
2025-03-26 19:40:36,857 - INFO - 	Fold 9/10
2025-03-26 19:40:52,513 - INFO - 	Model trained for 66 epochs, accuracy is 91.43%
2025-03-26 19:40:53,272 - INFO - 	Fold 10/10
2025-03-26 19:41:05,510 - INFO - 	Model trained for 49 epochs, accuracy is 97.14%
2025-03-26 19:41:06,261 - INFO - 	Mean accuracy over all folds is 92.01%
2025-03-26 19:41:06,262 - INFO - Trying 0.07 l2_rate
2025-03-26 19:41:06,262 - INFO - 	Fold 1/10
2025-03-26 19:41:13,533 - INFO - 	Model trained for 27 epochs, accuracy is 91.55%
2025-03-26 19:41:14,288 - INFO - 	Fold 2/10
2025-03-26 19:41:23,787 - INFO - 	Model trained for 36 epochs, accuracy is 95.71%
2025-03-26 19:41:24,542 - INFO - 	Fold 3/10
2025-03-26 19:41:33,465 - INFO - 	Model trained for 34 epochs, accuracy is 90.00%
2025-03-26 19:41:34,228 - INFO - 	Fold 4/10
2025-03-26 19:41:40,123 - INFO - 	Model trained for 16 epochs, accuracy is 58.57%
2025-03-26 19:41:40,899 - INFO - 	Fold 5/10
2025-03-26 19:41:56,900 - INFO - 	Model trained for 65 epochs, accuracy is 95.71%
2025-03-26 19:41:57,728 - INFO - 	Fold 6/10
2025-03-26 19:42:10,083 - INFO - 	Model trained for 45 epochs, accuracy is 94.29%
2025-03-26 19:42:10,858 - INFO - 	Fold 7/10
2025-03-26 19:42:20,344 - INFO - 	Model trained for 39 epochs, accuracy is 92.86%
2025-03-26 19:42:21,137 - INFO - 	Fold 8/10
2025-03-26 19:42:26,716 - INFO - 	Model trained for 22 epochs, accuracy is 82.86%
2025-03-26 19:42:27,522 - INFO - 	Fold 9/10
2025-03-26 19:42:33,174 - INFO - 	Model trained for 22 epochs, accuracy is 92.86%
2025-03-26 19:42:33,978 - INFO - 	Fold 10/10
2025-03-26 19:42:42,606 - INFO - 	Model trained for 38 epochs, accuracy is 94.29%
2025-03-26 19:42:43,510 - INFO - 	Mean accuracy over all folds is 88.87%
2025-03-26 19:42:43,511 - INFO - Trying 0.075 l2_rate
2025-03-26 19:42:43,511 - INFO - 	Fold 1/10
2025-03-26 19:42:48,030 - INFO - 	Model trained for 14 epochs, accuracy is 57.75%
2025-03-26 19:42:48,886 - INFO - 	Fold 2/10
2025-03-26 19:42:54,467 - INFO - 	Model trained for 17 epochs, accuracy is 62.86%
2025-03-26 19:42:55,361 - INFO - 	Fold 3/10
2025-03-26 19:43:05,538 - INFO - 	Model trained for 36 epochs, accuracy is 92.86%
2025-03-26 19:43:06,453 - INFO - 	Fold 4/10
2025-03-26 19:43:15,370 - INFO - 	Model trained for 30 epochs, accuracy is 91.43%
2025-03-26 19:43:16,251 - INFO - 	Fold 5/10
2025-03-26 19:43:24,158 - INFO - 	Model trained for 26 epochs, accuracy is 94.29%
2025-03-26 19:43:25,038 - INFO - 	Fold 6/10
2025-03-26 19:43:34,593 - INFO - 	Model trained for 33 epochs, accuracy is 92.86%
2025-03-26 19:43:35,491 - INFO - 	Fold 7/10
2025-03-26 19:43:52,659 - INFO - 	Model trained for 64 epochs, accuracy is 95.71%
2025-03-26 19:43:53,518 - INFO - 	Fold 8/10
2025-03-26 19:44:03,284 - INFO - 	Model trained for 38 epochs, accuracy is 84.29%
2025-03-26 19:44:04,188 - INFO - 	Fold 9/10
2025-03-26 19:44:12,489 - INFO - 	Model trained for 27 epochs, accuracy is 94.29%
2025-03-26 19:44:13,403 - INFO - 	Fold 10/10
2025-03-26 19:44:18,175 - INFO - 	Model trained for 16 epochs, accuracy is 65.71%
2025-03-26 19:44:19,097 - INFO - 	Mean accuracy over all folds is 83.20%
2025-03-26 19:44:19,098 - INFO - Trying 0.08 l2_rate
2025-03-26 19:44:19,098 - INFO - 	Fold 1/10
2025-03-26 19:44:30,380 - INFO - 	Model trained for 45 epochs, accuracy is 88.73%
2025-03-26 19:44:31,237 - INFO - 	Fold 2/10
2025-03-26 19:44:37,299 - INFO - 	Model trained for 21 epochs, accuracy is 62.86%
2025-03-26 19:44:38,159 - INFO - 	Fold 3/10
2025-03-26 19:44:50,286 - INFO - 	Model trained for 50 epochs, accuracy is 91.43%
2025-03-26 19:44:51,177 - INFO - 	Fold 4/10
2025-03-26 19:44:57,369 - INFO - 	Model trained for 22 epochs, accuracy is 92.86%
2025-03-26 19:44:58,236 - INFO - 	Fold 5/10
2025-03-26 19:45:06,670 - INFO - 	Model trained for 32 epochs, accuracy is 95.71%
2025-03-26 19:45:07,610 - INFO - 	Fold 6/10
2025-03-26 19:45:15,146 - INFO - 	Model trained for 28 epochs, accuracy is 61.43%
2025-03-26 19:45:16,025 - INFO - 	Fold 7/10
2025-03-26 19:45:21,687 - INFO - 	Model trained for 20 epochs, accuracy is 72.86%
2025-03-26 19:45:22,569 - INFO - 	Fold 8/10
2025-03-26 19:45:30,368 - INFO - 	Model trained for 29 epochs, accuracy is 82.86%
2025-03-26 19:45:31,280 - INFO - 	Fold 9/10
2025-03-26 19:45:36,112 - INFO - 	Model trained for 16 epochs, accuracy is 42.86%
2025-03-26 19:45:37,003 - INFO - 	Fold 10/10
2025-03-26 19:45:49,107 - INFO - 	Model trained for 49 epochs, accuracy is 97.14%
2025-03-26 19:45:50,057 - INFO - 	Mean accuracy over all folds is 78.87%
2025-03-26 19:45:50,057 - INFO - Trying 0.085 l2_rate
2025-03-26 19:45:50,058 - INFO - 	Fold 1/10
2025-03-26 19:45:55,426 - INFO - 	Model trained for 18 epochs, accuracy is 57.75%
2025-03-26 19:45:56,326 - INFO - 	Fold 2/10
2025-03-26 19:46:02,948 - INFO - 	Model trained for 24 epochs, accuracy is 95.71%
2025-03-26 19:46:03,857 - INFO - 	Fold 3/10
2025-03-26 19:46:08,256 - INFO - 	Model trained for 14 epochs, accuracy is 55.71%
2025-03-26 19:46:09,167 - INFO - 	Fold 4/10
2025-03-26 19:46:21,506 - INFO - 	Model trained for 49 epochs, accuracy is 90.00%
2025-03-26 19:46:22,424 - INFO - 	Fold 5/10
2025-03-26 19:46:30,763 - INFO - 	Model trained for 31 epochs, accuracy is 94.29%
2025-03-26 19:46:31,917 - INFO - 	Fold 6/10
2025-03-26 19:46:38,417 - INFO - 	Model trained for 23 epochs, accuracy is 90.00%
2025-03-26 19:46:39,351 - INFO - 	Fold 7/10
2025-03-26 19:46:45,270 - INFO - 	Model trained for 17 epochs, accuracy is 72.86%
2025-03-26 19:46:46,268 - INFO - 	Fold 8/10
2025-03-26 19:46:55,341 - INFO - 	Model trained for 31 epochs, accuracy is 84.29%
2025-03-26 19:46:56,299 - INFO - 	Fold 9/10
2025-03-26 19:47:04,646 - INFO - 	Model trained for 36 epochs, accuracy is 91.43%
2025-03-26 19:47:05,639 - INFO - 	Fold 10/10
2025-03-26 19:47:14,804 - INFO - 	Model trained for 40 epochs, accuracy is 94.29%
2025-03-26 19:47:15,789 - INFO - 	Mean accuracy over all folds is 82.63%
2025-03-26 19:47:15,790 - INFO - Trying 0.09 l2_rate
2025-03-26 19:47:15,790 - INFO - 	Fold 1/10
2025-03-26 19:47:22,688 - INFO - 	Model trained for 27 epochs, accuracy is 90.14%
2025-03-26 19:47:23,677 - INFO - 	Fold 2/10
2025-03-26 19:47:34,266 - INFO - 	Model trained for 47 epochs, accuracy is 92.86%
2025-03-26 19:47:35,321 - INFO - 	Fold 3/10
2025-03-26 19:47:45,567 - INFO - 	Model trained for 36 epochs, accuracy is 92.86%
2025-03-26 19:47:46,543 - INFO - 	Fold 4/10
2025-03-26 19:47:54,872 - INFO - 	Model trained for 31 epochs, accuracy is 92.86%
2025-03-26 19:47:55,852 - INFO - 	Fold 5/10
2025-03-26 19:48:11,673 - INFO - 	Model trained for 65 epochs, accuracy is 97.14%
2025-03-26 19:48:12,663 - INFO - 	Fold 6/10
2025-03-26 19:48:23,520 - INFO - 	Model trained for 40 epochs, accuracy is 94.29%
2025-03-26 19:48:24,530 - INFO - 	Fold 7/10
2025-03-26 19:48:31,941 - INFO - 	Model trained for 26 epochs, accuracy is 91.43%
2025-03-26 19:48:32,930 - INFO - 	Fold 8/10
2025-03-26 19:48:44,797 - INFO - 	Model trained for 46 epochs, accuracy is 87.14%
2025-03-26 19:48:45,786 - INFO - 	Fold 9/10
2025-03-26 19:48:58,115 - INFO - 	Model trained for 49 epochs, accuracy is 91.43%
2025-03-26 19:48:59,123 - INFO - 	Fold 10/10
2025-03-26 19:49:04,385 - INFO - 	Model trained for 16 epochs, accuracy is 65.71%
2025-03-26 19:49:05,582 - INFO - 	Mean accuracy over all folds is 89.59%
2025-03-26 19:49:05,583 - INFO - Trying 0.095 l2_rate
2025-03-26 19:49:05,584 - INFO - 	Fold 1/10
2025-03-26 19:49:11,572 - INFO - 	Model trained for 18 epochs, accuracy is 57.75%
2025-03-26 19:49:12,616 - INFO - 	Fold 2/10
2025-03-26 19:49:20,467 - INFO - 	Model trained for 29 epochs, accuracy is 95.71%
2025-03-26 19:49:21,503 - INFO - 	Fold 3/10
2025-03-26 19:49:27,326 - INFO - 	Model trained for 19 epochs, accuracy is 55.71%
2025-03-26 19:49:28,373 - INFO - 	Fold 4/10
2025-03-26 19:49:37,773 - INFO - 	Model trained for 36 epochs, accuracy is 92.86%
2025-03-26 19:49:38,833 - INFO - 	Fold 5/10
2025-03-26 19:49:50,489 - INFO - 	Model trained for 45 epochs, accuracy is 98.57%
2025-03-26 19:49:51,534 - INFO - 	Fold 6/10
2025-03-26 19:50:04,887 - INFO - 	Model trained for 54 epochs, accuracy is 94.29%
2025-03-26 19:50:05,919 - INFO - 	Fold 7/10
2025-03-26 19:50:15,266 - INFO - 	Model trained for 37 epochs, accuracy is 92.86%
2025-03-26 19:50:16,306 - INFO - 	Fold 8/10
2025-03-26 19:50:28,133 - INFO - 	Model trained for 41 epochs, accuracy is 87.14%
2025-03-26 19:50:29,330 - INFO - 	Fold 9/10
2025-03-26 19:50:33,800 - INFO - 	Model trained for 14 epochs, accuracy is 42.86%
2025-03-26 19:50:34,854 - INFO - 	Fold 10/10
2025-03-26 19:50:46,846 - INFO - 	Model trained for 48 epochs, accuracy is 94.29%
2025-03-26 19:50:47,897 - INFO - 	Mean accuracy over all folds is 81.20%
2025-03-26 19:50:47,898 - INFO - Trying 0.1 l2_rate
2025-03-26 19:50:47,898 - INFO - 	Fold 1/10
2025-03-26 19:50:54,228 - INFO - 	Model trained for 20 epochs, accuracy is 57.75%
2025-03-26 19:50:55,406 - INFO - 	Fold 2/10
2025-03-26 19:51:00,409 - INFO - 	Model trained for 14 epochs, accuracy is 62.86%
2025-03-26 19:51:01,620 - INFO - 	Fold 3/10
2025-03-26 19:51:17,232 - INFO - 	Model trained for 58 epochs, accuracy is 88.57%
2025-03-26 19:51:18,316 - INFO - 	Fold 4/10
2025-03-26 19:51:26,264 - INFO - 	Model trained for 29 epochs, accuracy is 92.86%
2025-03-26 19:51:27,354 - INFO - 	Fold 5/10
2025-03-26 19:51:36,373 - INFO - 	Model trained for 33 epochs, accuracy is 94.29%
2025-03-26 19:51:37,461 - INFO - 	Fold 6/10
2025-03-26 19:51:46,767 - INFO - 	Model trained for 35 epochs, accuracy is 94.29%
2025-03-26 19:51:47,839 - INFO - 	Fold 7/10
2025-03-26 19:51:54,260 - INFO - 	Model trained for 23 epochs, accuracy is 91.43%
2025-03-26 19:51:55,335 - INFO - 	Fold 8/10
2025-03-26 19:51:59,808 - INFO - 	Model trained for 14 epochs, accuracy is 64.29%
2025-03-26 19:52:00,890 - INFO - 	Fold 9/10
2025-03-26 19:52:05,812 - INFO - 	Model trained for 16 epochs, accuracy is 42.86%
2025-03-26 19:52:06,904 - INFO - 	Fold 10/10
2025-03-26 19:52:21,294 - INFO - 	Model trained for 59 epochs, accuracy is 94.29%
2025-03-26 19:52:22,387 - INFO - 	Mean accuracy over all folds is 78.35%
2025-03-26 19:52:22,388 - INFO - Done sweeping l2_rate

2025-03-26 19:52:22,506 - INFO - Done!
