2025-03-26 21:48:11,218 - INFO - ---------- 1D CNN Training ----------
2025-03-26 21:48:12,095 - INFO - Loaded 701 datapoints
2025-03-26 21:48:12,096 - INFO - Beginning sweeps...

2025-03-26 21:48:12,097 - INFO - Sweeping conv_layers...
2025-03-26 21:48:12,097 - INFO - Trying 1 conv_layers
2025-03-26 21:48:12,097 - INFO - 	Fold 1/10
2025-03-26 21:48:19,206 - INFO - 	Model trained for 13 epochs, accuracy is 57.75%
2025-03-26 21:48:19,279 - INFO - 	Fold 2/10
2025-03-26 21:48:23,522 - INFO - 	Model trained for 21 epochs, accuracy is 62.86%
2025-03-26 21:48:23,614 - INFO - 	Fold 3/10
2025-03-26 21:48:27,310 - INFO - 	Model trained for 19 epochs, accuracy is 55.71%
2025-03-26 21:48:27,403 - INFO - 	Fold 4/10
2025-03-26 21:48:30,417 - INFO - 	Model trained for 14 epochs, accuracy is 58.57%
2025-03-26 21:48:30,514 - INFO - 	Fold 5/10
2025-03-26 21:48:34,013 - INFO - 	Model trained for 17 epochs, accuracy is 68.57%
2025-03-26 21:48:34,115 - INFO - 	Fold 6/10
2025-03-26 21:48:37,272 - INFO - 	Model trained for 15 epochs, accuracy is 61.43%
2025-03-26 21:48:37,378 - INFO - 	Fold 7/10
2025-03-26 21:48:40,388 - INFO - 	Model trained for 14 epochs, accuracy is 72.86%
2025-03-26 21:48:40,497 - INFO - 	Fold 8/10
2025-03-26 21:48:44,263 - INFO - 	Model trained for 19 epochs, accuracy is 64.29%
2025-03-26 21:48:44,375 - INFO - 	Fold 9/10
2025-03-26 21:48:48,547 - INFO - 	Model trained for 22 epochs, accuracy is 42.86%
2025-03-26 21:48:48,663 - INFO - 	Fold 10/10
2025-03-26 21:48:52,408 - INFO - 	Model trained for 19 epochs, accuracy is 65.71%
2025-03-26 21:48:52,529 - INFO - 	Mean accuracy over all folds is 61.06%
2025-03-26 21:48:52,530 - INFO - Trying 2 conv_layers
2025-03-26 21:48:52,530 - INFO - 	Fold 1/10
2025-03-26 21:48:56,530 - INFO - 	Model trained for 13 epochs, accuracy is 57.75%
2025-03-26 21:48:56,656 - INFO - 	Fold 2/10
2025-03-26 21:49:02,334 - INFO - 	Model trained for 24 epochs, accuracy is 62.86%
2025-03-26 21:49:02,467 - INFO - 	Fold 3/10
2025-03-26 21:49:06,896 - INFO - 	Model trained for 19 epochs, accuracy is 55.71%
2025-03-26 21:49:07,033 - INFO - 	Fold 4/10
2025-03-26 21:49:10,787 - INFO - 	Model trained for 15 epochs, accuracy is 58.57%
2025-03-26 21:49:10,928 - INFO - 	Fold 5/10
2025-03-26 21:49:14,721 - INFO - 	Model trained for 15 epochs, accuracy is 68.57%
2025-03-26 21:49:14,866 - INFO - 	Fold 6/10
2025-03-26 21:49:19,691 - INFO - 	Model trained for 21 epochs, accuracy is 61.43%
2025-03-26 21:49:19,840 - INFO - 	Fold 7/10
2025-03-26 21:49:23,777 - INFO - 	Model trained for 16 epochs, accuracy is 72.86%
2025-03-26 21:49:23,930 - INFO - 	Fold 8/10
2025-03-26 21:49:27,324 - INFO - 	Model trained for 13 epochs, accuracy is 64.29%
2025-03-26 21:49:27,482 - INFO - 	Fold 9/10
2025-03-26 21:49:31,244 - INFO - 	Model trained for 15 epochs, accuracy is 42.86%
2025-03-26 21:49:31,405 - INFO - 	Fold 10/10
2025-03-26 21:49:35,328 - INFO - 	Model trained for 16 epochs, accuracy is 65.71%
2025-03-26 21:49:35,494 - INFO - 	Mean accuracy over all folds is 61.06%
2025-03-26 21:49:35,495 - INFO - Trying 3 conv_layers
2025-03-26 21:49:35,495 - INFO - 	Fold 1/10
2025-03-26 21:49:47,568 - INFO - 	Model trained for 48 epochs, accuracy is 88.73%
2025-03-26 21:49:47,739 - INFO - 	Fold 2/10
2025-03-26 21:50:02,291 - INFO - 	Model trained for 60 epochs, accuracy is 98.57%
2025-03-26 21:50:02,471 - INFO - 	Fold 3/10
2025-03-26 21:50:12,997 - INFO - 	Model trained for 43 epochs, accuracy is 90.00%
2025-03-26 21:50:13,181 - INFO - 	Fold 4/10
2025-03-26 21:50:22,560 - INFO - 	Model trained for 37 epochs, accuracy is 91.43%
2025-03-26 21:50:22,748 - INFO - 	Fold 5/10
2025-03-26 21:50:30,755 - INFO - 	Model trained for 31 epochs, accuracy is 98.57%
2025-03-26 21:50:30,948 - INFO - 	Fold 6/10
2025-03-26 21:50:42,534 - INFO - 	Model trained for 48 epochs, accuracy is 94.29%
2025-03-26 21:50:42,731 - INFO - 	Fold 7/10
2025-03-26 21:50:52,435 - INFO - 	Model trained for 39 epochs, accuracy is 98.57%
2025-03-26 21:50:52,638 - INFO - 	Fold 8/10
2025-03-26 21:51:01,836 - INFO - 	Model trained for 37 epochs, accuracy is 84.29%
2025-03-26 21:51:02,043 - INFO - 	Fold 9/10
2025-03-26 21:51:08,426 - INFO - 	Model trained for 24 epochs, accuracy is 91.43%
2025-03-26 21:51:08,637 - INFO - 	Fold 10/10
2025-03-26 21:51:15,907 - INFO - 	Model trained for 28 epochs, accuracy is 95.71%
2025-03-26 21:51:16,123 - INFO - 	Mean accuracy over all folds is 93.16%
2025-03-26 21:51:16,124 - INFO - Trying 4 conv_layers
2025-03-26 21:51:16,125 - INFO - 	Fold 1/10
2025-03-26 21:51:26,118 - INFO - 	Model trained for 29 epochs, accuracy is 91.55%
2025-03-26 21:51:26,341 - INFO - 	Fold 2/10
2025-03-26 21:51:34,962 - INFO - 	Model trained for 25 epochs, accuracy is 97.14%
2025-03-26 21:51:35,192 - INFO - 	Fold 3/10
2025-03-26 21:51:42,998 - INFO - 	Model trained for 23 epochs, accuracy is 94.29%
2025-03-26 21:51:43,234 - INFO - 	Fold 4/10
2025-03-26 21:51:54,405 - INFO - 	Model trained for 35 epochs, accuracy is 94.29%
2025-03-26 21:51:54,646 - INFO - 	Fold 5/10
2025-03-26 21:52:05,291 - INFO - 	Model trained for 33 epochs, accuracy is 95.71%
2025-03-26 21:52:05,538 - INFO - 	Fold 6/10
2025-03-26 21:52:12,610 - INFO - 	Model trained for 20 epochs, accuracy is 94.29%
2025-03-26 21:52:12,860 - INFO - 	Fold 7/10
2025-03-26 21:52:20,391 - INFO - 	Model trained for 22 epochs, accuracy is 100.00%
2025-03-26 21:52:20,647 - INFO - 	Fold 8/10
2025-03-26 21:52:28,598 - INFO - 	Model trained for 23 epochs, accuracy is 88.57%
2025-03-26 21:52:28,859 - INFO - 	Fold 9/10
2025-03-26 21:52:38,622 - INFO - 	Model trained for 30 epochs, accuracy is 97.14%
2025-03-26 21:52:38,890 - INFO - 	Fold 10/10
2025-03-26 21:52:45,935 - INFO - 	Model trained for 20 epochs, accuracy is 95.71%
2025-03-26 21:52:46,233 - INFO - 	Mean accuracy over all folds is 94.87%
2025-03-26 21:52:46,234 - INFO - Trying 5 conv_layers
2025-03-26 21:52:46,234 - INFO - 	Fold 1/10
2025-03-26 21:53:02,480 - INFO - 	Model trained for 35 epochs, accuracy is 97.18%
2025-03-26 21:53:02,758 - INFO - 	Fold 2/10
2025-03-26 21:53:11,438 - INFO - 	Model trained for 17 epochs, accuracy is 94.29%
2025-03-26 21:53:11,726 - INFO - 	Fold 3/10
2025-03-26 21:53:20,309 - INFO - 	Model trained for 17 epochs, accuracy is 90.00%
2025-03-26 21:53:20,604 - INFO - 	Fold 4/10
2025-03-26 21:53:37,838 - INFO - 	Model trained for 38 epochs, accuracy is 94.29%
2025-03-26 21:53:38,137 - INFO - 	Fold 5/10
2025-03-26 21:53:55,591 - INFO - 	Model trained for 39 epochs, accuracy is 95.71%
2025-03-26 21:53:55,896 - INFO - 	Fold 6/10
2025-03-26 21:54:06,022 - INFO - 	Model trained for 21 epochs, accuracy is 94.29%
2025-03-26 21:54:06,333 - INFO - 	Fold 7/10
2025-03-26 21:54:19,340 - INFO - 	Model trained for 28 epochs, accuracy is 94.29%
2025-03-26 21:54:19,655 - INFO - 	Fold 8/10
2025-03-26 21:54:34,037 - INFO - 	Model trained for 31 epochs, accuracy is 91.43%
2025-03-26 21:54:34,358 - INFO - 	Fold 9/10
2025-03-26 21:54:51,035 - INFO - 	Model trained for 37 epochs, accuracy is 95.71%
2025-03-26 21:54:51,363 - INFO - 	Fold 10/10
2025-03-26 21:55:00,673 - INFO - 	Model trained for 19 epochs, accuracy is 92.86%
2025-03-26 21:55:01,007 - INFO - 	Mean accuracy over all folds is 94.00%
2025-03-26 21:55:01,009 - INFO - Trying 6 conv_layers
2025-03-26 21:55:01,009 - INFO - 	Fold 1/10
2025-03-26 21:55:31,613 - INFO - 	Model trained for 41 epochs, accuracy is 92.96%
2025-03-26 21:55:31,955 - INFO - 	Fold 2/10
2025-03-26 21:55:47,081 - INFO - 	Model trained for 19 epochs, accuracy is 97.14%
2025-03-26 21:55:47,431 - INFO - 	Fold 3/10
2025-03-26 21:56:03,043 - INFO - 	Model trained for 20 epochs, accuracy is 92.86%
2025-03-26 21:56:03,400 - INFO - 	Fold 4/10
2025-03-26 21:56:31,419 - INFO - 	Model trained for 38 epochs, accuracy is 97.14%
2025-03-26 21:56:31,782 - INFO - 	Fold 5/10
2025-03-26 21:56:48,160 - INFO - 	Model trained for 21 epochs, accuracy is 94.29%
2025-03-26 21:56:48,529 - INFO - 	Fold 6/10
2025-03-26 21:57:05,546 - INFO - 	Model trained for 22 epochs, accuracy is 92.86%
2025-03-26 21:57:05,922 - INFO - 	Fold 7/10
2025-03-26 21:57:21,436 - INFO - 	Model trained for 20 epochs, accuracy is 98.57%
2025-03-26 21:57:21,817 - INFO - 	Fold 8/10
2025-03-26 21:57:38,222 - INFO - 	Model trained for 21 epochs, accuracy is 87.14%
2025-03-26 21:57:38,611 - INFO - 	Fold 9/10
2025-03-26 21:57:55,618 - INFO - 	Model trained for 22 epochs, accuracy is 94.29%
2025-03-26 21:57:56,012 - INFO - 	Fold 10/10
2025-03-26 21:58:26,752 - INFO - 	Model trained for 42 epochs, accuracy is 92.86%
2025-03-26 21:58:27,151 - INFO - 	Mean accuracy over all folds is 94.01%
2025-03-26 21:58:27,152 - INFO - Done sweeping conv_layers

2025-03-26 21:58:27,339 - INFO - Done!
