2025-04-13 18:43:52,463 - INFO - ---------- 1D CNN Training ----------
2025-04-13 18:43:53,201 - INFO - Loaded 701 datapoints
2025-04-13 18:43:53,202 - INFO - Beginning sweeps...

2025-04-13 18:43:53,203 - INFO - Sweeping l2_rate...
2025-04-13 18:43:53,203 - INFO - Trying 0.0 l2_rate
2025-04-13 18:43:53,204 - INFO - 	Fold 1/10
2025-04-13 18:43:59,148 - INFO - 	Model trained for 13 epochs, accuracy is 90.14%
2025-04-13 18:43:59,223 - INFO - 	Fold 2/10
2025-04-13 18:44:03,642 - INFO - 	Model trained for 14 epochs, accuracy is 95.71%
2025-04-13 18:44:03,744 - INFO - 	Fold 3/10
2025-04-13 18:44:07,278 - INFO - 	Model trained for 13 epochs, accuracy is 82.86%
2025-04-13 19:06:27,547 - INFO - 	Fold 4/10
2025-04-13 19:06:30,962 - INFO - 	Model trained for 11 epochs, accuracy is 95.71%
2025-04-13 19:06:31,068 - INFO - 	Fold 5/10
2025-04-13 19:06:34,374 - INFO - 	Model trained for 12 epochs, accuracy is 95.71%
2025-04-13 19:06:34,483 - INFO - 	Fold 6/10
2025-04-13 19:06:38,147 - INFO - 	Model trained for 14 epochs, accuracy is 94.29%
2025-04-13 19:06:38,263 - INFO - 	Fold 7/10
2025-04-13 19:06:41,090 - INFO - 	Model trained for 9 epochs, accuracy is 95.71%
2025-04-13 19:06:41,249 - INFO - 	Fold 8/10
2025-04-13 19:06:45,159 - INFO - 	Model trained for 14 epochs, accuracy is 87.14%
2025-04-13 19:06:45,284 - INFO - 	Fold 9/10
2025-04-13 19:06:48,783 - INFO - 	Model trained for 12 epochs, accuracy is 90.00%
2025-04-13 19:06:48,945 - INFO - 	Fold 10/10
2025-04-13 19:06:52,943 - INFO - 	Model trained for 14 epochs, accuracy is 95.71%
2025-04-13 19:06:53,085 - INFO - 	Mean accuracy over all folds is 92.30%
2025-04-13 19:06:53,086 - INFO - Trying 0.005 l2_rate
2025-04-13 19:06:53,087 - INFO - 	Fold 1/10
2025-04-13 19:06:58,957 - INFO - 	Model trained for 24 epochs, accuracy is 90.14%
2025-04-13 19:06:59,097 - INFO - 	Fold 2/10
2025-04-13 19:07:04,393 - INFO - 	Model trained for 21 epochs, accuracy is 98.57%
2025-04-13 19:07:04,542 - INFO - 	Fold 3/10
2025-04-13 19:07:08,805 - INFO - 	Model trained for 16 epochs, accuracy is 87.14%
2025-04-13 19:07:08,958 - INFO - 	Fold 4/10
2025-04-13 19:07:14,019 - INFO - 	Model trained for 19 epochs, accuracy is 94.29%
2025-04-13 19:07:14,176 - INFO - 	Fold 5/10
2025-04-13 19:07:18,266 - INFO - 	Model trained for 14 epochs, accuracy is 94.29%
2025-04-13 19:07:18,433 - INFO - 	Fold 6/10
2025-04-13 19:07:23,873 - INFO - 	Model trained for 20 epochs, accuracy is 92.86%
2025-04-13 19:07:24,049 - INFO - 	Fold 7/10
2025-04-13 19:07:30,337 - INFO - 	Model trained for 22 epochs, accuracy is 97.14%
2025-04-13 19:07:30,523 - INFO - 	Fold 8/10
2025-04-13 19:07:34,995 - INFO - 	Model trained for 13 epochs, accuracy is 80.00%
2025-04-13 19:07:35,181 - INFO - 	Fold 9/10
2025-04-13 19:07:40,736 - INFO - 	Model trained for 18 epochs, accuracy is 90.00%
2025-04-13 19:07:40,926 - INFO - 	Fold 10/10
2025-04-13 19:07:47,970 - INFO - 	Model trained for 29 epochs, accuracy is 95.71%
2025-04-13 19:07:48,159 - INFO - 	Mean accuracy over all folds is 92.01%
2025-04-13 19:07:48,160 - INFO - Trying 0.01 l2_rate
2025-04-13 19:07:48,160 - INFO - 	Fold 1/10
2025-04-13 19:07:53,289 - INFO - 	Model trained for 20 epochs, accuracy is 94.37%
2025-04-13 19:07:53,506 - INFO - 	Fold 2/10
2025-04-13 19:07:59,158 - INFO - 	Model trained for 21 epochs, accuracy is 97.14%
2025-04-13 19:07:59,354 - INFO - 	Fold 3/10
2025-04-13 19:08:05,113 - INFO - 	Model trained for 20 epochs, accuracy is 88.57%
2025-04-13 19:08:05,314 - INFO - 	Fold 4/10
2025-04-13 19:08:10,216 - INFO - 	Model trained for 17 epochs, accuracy is 92.86%
2025-04-13 19:08:10,430 - INFO - 	Fold 5/10
2025-04-13 19:08:18,795 - INFO - 	Model trained for 35 epochs, accuracy is 94.29%
2025-04-13 19:08:19,003 - INFO - 	Fold 6/10
2025-04-13 19:08:24,856 - INFO - 	Model trained for 23 epochs, accuracy is 94.29%
2025-04-13 19:08:25,070 - INFO - 	Fold 7/10
2025-04-13 19:08:31,245 - INFO - 	Model trained for 21 epochs, accuracy is 94.29%
2025-04-13 19:08:31,478 - INFO - 	Fold 8/10
2025-04-13 19:08:36,951 - INFO - 	Model trained for 22 epochs, accuracy is 78.57%
2025-04-13 19:08:37,176 - INFO - 	Fold 9/10
2025-04-13 19:08:44,121 - INFO - 	Model trained for 29 epochs, accuracy is 90.00%
2025-04-13 19:08:44,349 - INFO - 	Fold 10/10
2025-04-13 19:08:53,024 - INFO - 	Model trained for 37 epochs, accuracy is 91.43%
2025-04-13 19:08:53,257 - INFO - 	Mean accuracy over all folds is 91.58%
2025-04-13 19:08:53,258 - INFO - Trying 0.015 l2_rate
2025-04-13 19:08:53,258 - INFO - 	Fold 1/10
2025-04-13 19:08:59,866 - INFO - 	Model trained for 26 epochs, accuracy is 90.14%
2025-04-13 19:09:00,104 - INFO - 	Fold 2/10
2025-04-13 19:09:05,392 - INFO - 	Model trained for 20 epochs, accuracy is 94.29%
2025-04-13 19:09:05,642 - INFO - 	Fold 3/10
2025-04-13 19:09:14,345 - INFO - 	Model trained for 37 epochs, accuracy is 90.00%
2025-04-13 19:09:14,593 - INFO - 	Fold 4/10
2025-04-13 19:09:25,913 - INFO - 	Model trained for 47 epochs, accuracy is 91.43%
2025-04-13 19:09:26,178 - INFO - 	Fold 5/10
2025-04-13 19:09:32,636 - INFO - 	Model trained for 25 epochs, accuracy is 94.29%
2025-04-13 19:09:32,907 - INFO - 	Fold 6/10
2025-04-13 19:09:38,562 - INFO - 	Model trained for 20 epochs, accuracy is 92.86%
2025-04-13 19:09:38,843 - INFO - 	Fold 7/10
2025-04-13 19:09:45,856 - INFO - 	Model trained for 26 epochs, accuracy is 97.14%
2025-04-13 19:09:46,136 - INFO - 	Fold 8/10
2025-04-13 19:09:52,753 - INFO - 	Model trained for 22 epochs, accuracy is 82.86%
2025-04-13 19:09:53,039 - INFO - 	Fold 9/10
2025-04-13 19:10:00,913 - INFO - 	Model trained for 28 epochs, accuracy is 94.29%
2025-04-13 19:10:01,240 - INFO - 	Fold 10/10
2025-04-13 19:10:06,653 - INFO - 	Model trained for 21 epochs, accuracy is 92.86%
2025-04-13 19:10:07,005 - INFO - 	Mean accuracy over all folds is 92.01%
2025-04-13 19:10:07,006 - INFO - Trying 0.02 l2_rate
2025-04-13 19:10:07,007 - INFO - 	Fold 1/10
2025-04-13 19:10:14,388 - INFO - 	Model trained for 29 epochs, accuracy is 91.55%
2025-04-13 19:10:14,717 - INFO - 	Fold 2/10
2025-04-13 19:10:19,563 - INFO - 	Model trained for 18 epochs, accuracy is 94.29%
2025-04-13 19:10:19,851 - INFO - 	Fold 3/10
2025-04-13 19:10:26,119 - INFO - 	Model trained for 25 epochs, accuracy is 90.00%
2025-04-13 19:10:26,415 - INFO - 	Fold 4/10
2025-04-13 19:10:31,846 - INFO - 	Model trained for 21 epochs, accuracy is 92.86%
2025-04-13 19:10:32,143 - INFO - 	Fold 5/10
2025-04-13 19:10:42,665 - INFO - 	Model trained for 47 epochs, accuracy is 94.29%
2025-04-13 19:10:42,966 - INFO - 	Fold 6/10
2025-04-13 19:10:51,033 - INFO - 	Model trained for 33 epochs, accuracy is 91.43%
2025-04-13 19:10:51,341 - INFO - 	Fold 7/10
2025-04-13 19:10:58,343 - INFO - 	Model trained for 27 epochs, accuracy is 97.14%
2025-04-13 19:10:58,674 - INFO - 	Fold 8/10
2025-04-13 19:11:04,809 - INFO - 	Model trained for 24 epochs, accuracy is 82.86%
2025-04-13 19:11:05,125 - INFO - 	Fold 9/10
2025-04-13 19:11:12,659 - INFO - 	Model trained for 33 epochs, accuracy is 90.00%
2025-04-13 19:11:12,980 - INFO - 	Fold 10/10
2025-04-13 19:11:17,841 - INFO - 	Model trained for 19 epochs, accuracy is 94.29%
2025-04-13 19:11:18,166 - INFO - 	Mean accuracy over all folds is 91.87%
2025-04-13 19:11:18,167 - INFO - Trying 0.025 l2_rate
2025-04-13 19:11:18,167 - INFO - 	Fold 1/10
2025-04-13 19:11:24,860 - INFO - 	Model trained for 23 epochs, accuracy is 88.73%
2025-04-13 19:11:25,192 - INFO - 	Fold 2/10
2025-04-13 19:11:30,359 - INFO - 	Model trained for 20 epochs, accuracy is 95.71%
2025-04-13 19:11:30,694 - INFO - 	Fold 3/10
2025-04-13 19:11:38,976 - INFO - 	Model trained for 33 epochs, accuracy is 88.57%
2025-04-13 19:11:39,320 - INFO - 	Fold 4/10
2025-04-13 19:11:46,506 - INFO - 	Model trained for 31 epochs, accuracy is 90.00%
2025-04-13 19:11:46,862 - INFO - 	Fold 5/10
2025-04-13 19:11:58,456 - INFO - 	Model trained for 52 epochs, accuracy is 95.71%
2025-04-13 19:11:58,886 - INFO - 	Fold 6/10
2025-04-13 19:12:10,738 - INFO - 	Model trained for 47 epochs, accuracy is 92.86%
2025-04-13 19:12:11,095 - INFO - 	Fold 7/10
2025-04-13 19:12:21,818 - INFO - 	Model trained for 46 epochs, accuracy is 91.43%
2025-04-13 19:12:22,221 - INFO - 	Fold 8/10
2025-04-13 19:12:30,086 - INFO - 	Model trained for 32 epochs, accuracy is 87.14%
2025-04-13 19:12:30,490 - INFO - 	Fold 9/10
2025-04-13 19:12:37,796 - INFO - 	Model trained for 29 epochs, accuracy is 95.71%
2025-04-13 19:12:38,209 - INFO - 	Fold 10/10
2025-04-13 19:12:46,945 - INFO - 	Model trained for 37 epochs, accuracy is 94.29%
2025-04-13 19:12:47,319 - INFO - 	Mean accuracy over all folds is 92.02%
2025-04-13 19:12:47,319 - INFO - Trying 0.03 l2_rate
2025-04-13 19:12:47,320 - INFO - 	Fold 1/10
2025-04-13 19:12:54,979 - INFO - 	Model trained for 32 epochs, accuracy is 88.73%
2025-04-13 19:12:55,358 - INFO - 	Fold 2/10
2025-04-13 19:13:03,672 - INFO - 	Model trained for 36 epochs, accuracy is 98.57%
2025-04-13 19:13:04,132 - INFO - 	Fold 3/10
2025-04-13 19:13:15,008 - INFO - 	Model trained for 45 epochs, accuracy is 91.43%
2025-04-13 19:13:15,431 - INFO - 	Fold 4/10
2025-04-13 19:13:22,830 - INFO - 	Model trained for 28 epochs, accuracy is 92.86%
2025-04-13 19:13:23,222 - INFO - 	Fold 5/10
2025-04-13 19:13:32,936 - INFO - 	Model trained for 39 epochs, accuracy is 94.29%
2025-04-13 19:13:33,380 - INFO - 	Fold 6/10
2025-04-13 19:13:42,808 - INFO - 	Model trained for 37 epochs, accuracy is 92.86%
2025-04-13 19:13:43,253 - INFO - 	Fold 7/10
2025-04-13 19:13:49,112 - INFO - 	Model trained for 21 epochs, accuracy is 91.43%
2025-04-13 19:13:49,536 - INFO - 	Fold 8/10
2025-04-13 19:13:54,918 - INFO - 	Model trained for 18 epochs, accuracy is 82.86%
2025-04-13 19:13:55,345 - INFO - 	Fold 9/10
2025-04-13 19:14:00,779 - INFO - 	Model trained for 20 epochs, accuracy is 42.86%
2025-04-13 19:14:01,198 - INFO - 	Fold 10/10
2025-04-13 19:14:08,783 - INFO - 	Model trained for 32 epochs, accuracy is 94.29%
2025-04-13 19:14:09,218 - INFO - 	Mean accuracy over all folds is 87.02%
2025-04-13 19:14:09,218 - INFO - Trying 0.035 l2_rate
2025-04-13 19:14:09,219 - INFO - 	Fold 1/10
2025-04-13 19:14:20,798 - INFO - 	Model trained for 49 epochs, accuracy is 91.55%
2025-04-13 19:14:21,247 - INFO - 	Fold 2/10
2025-04-13 19:14:26,799 - INFO - 	Model trained for 20 epochs, accuracy is 94.29%
2025-04-13 19:14:27,228 - INFO - 	Fold 3/10
2025-04-13 19:14:36,205 - INFO - 	Model trained for 39 epochs, accuracy is 85.71%
2025-04-13 19:14:36,636 - INFO - 	Fold 4/10
2025-04-13 19:14:49,649 - INFO - 	Model trained for 54 epochs, accuracy is 91.43%
2025-04-13 19:14:50,087 - INFO - 	Fold 5/10
2025-04-13 19:14:55,540 - INFO - 	Model trained for 21 epochs, accuracy is 94.29%
2025-04-13 19:14:55,997 - INFO - 	Fold 6/10
2025-04-13 19:14:59,744 - INFO - 	Model trained for 13 epochs, accuracy is 61.43%
2025-04-13 19:15:00,195 - INFO - 	Fold 7/10
2025-04-13 19:15:11,099 - INFO - 	Model trained for 49 epochs, accuracy is 90.00%
2025-04-13 19:15:11,552 - INFO - 	Fold 8/10
2025-04-13 19:15:18,062 - INFO - 	Model trained for 26 epochs, accuracy is 84.29%
2025-04-13 19:15:18,519 - INFO - 	Fold 9/10
2025-04-13 19:15:25,759 - INFO - 	Model trained for 31 epochs, accuracy is 92.86%
2025-04-13 19:15:26,221 - INFO - 	Fold 10/10
2025-04-13 19:15:33,570 - INFO - 	Model trained for 32 epochs, accuracy is 95.71%
2025-04-13 19:15:34,036 - INFO - 	Mean accuracy over all folds is 88.15%
2025-04-13 19:15:34,037 - INFO - Trying 0.04 l2_rate
2025-04-13 19:15:34,037 - INFO - 	Fold 1/10
2025-04-13 19:15:38,469 - INFO - 	Model trained for 16 epochs, accuracy is 57.75%
2025-04-13 19:15:38,939 - INFO - 	Fold 2/10
2025-04-13 19:15:46,302 - INFO - 	Model trained for 29 epochs, accuracy is 62.86%
2025-04-13 19:15:46,781 - INFO - 	Fold 3/10
2025-04-13 19:15:50,669 - INFO - 	Model trained for 13 epochs, accuracy is 55.71%
2025-04-13 19:15:51,152 - INFO - 	Fold 4/10
2025-04-13 19:15:55,852 - INFO - 	Model trained for 17 epochs, accuracy is 58.57%
2025-04-13 19:15:56,339 - INFO - 	Fold 5/10
2025-04-13 19:16:02,089 - INFO - 	Model trained for 23 epochs, accuracy is 92.86%
2025-04-13 19:16:02,581 - INFO - 	Fold 6/10
2025-04-13 19:16:15,145 - INFO - 	Model trained for 59 epochs, accuracy is 92.86%
2025-04-13 19:16:15,646 - INFO - 	Fold 7/10
2025-04-13 19:16:23,887 - INFO - 	Model trained for 36 epochs, accuracy is 92.86%
2025-04-13 19:16:24,390 - INFO - 	Fold 8/10
2025-04-13 19:16:38,924 - INFO - 	Model trained for 67 epochs, accuracy is 84.29%
2025-04-13 19:16:39,437 - INFO - 	Fold 9/10
2025-04-13 19:16:44,946 - INFO - 	Model trained for 21 epochs, accuracy is 42.86%
2025-04-13 19:16:45,455 - INFO - 	Fold 10/10
2025-04-13 19:16:49,692 - INFO - 	Model trained for 15 epochs, accuracy is 65.71%
2025-04-13 19:16:50,208 - INFO - 	Mean accuracy over all folds is 70.63%
2025-04-13 19:16:50,209 - INFO - Trying 0.045 l2_rate
2025-04-13 19:16:50,209 - INFO - 	Fold 1/10
2025-04-13 19:16:57,279 - INFO - 	Model trained for 30 epochs, accuracy is 91.55%
2025-04-13 19:16:57,926 - INFO - 	Fold 2/10
2025-04-13 19:17:02,437 - INFO - 	Model trained for 16 epochs, accuracy is 62.86%
2025-04-13 19:17:02,986 - INFO - 	Fold 3/10
2025-04-13 19:17:09,562 - INFO - 	Model trained for 24 epochs, accuracy is 90.00%
2025-04-13 19:17:10,097 - INFO - 	Fold 4/10
2025-04-13 19:17:26,448 - INFO - 	Model trained for 70 epochs, accuracy is 92.86%
2025-04-13 19:17:26,989 - INFO - 	Fold 5/10
2025-04-13 19:17:36,141 - INFO - 	Model trained for 37 epochs, accuracy is 95.71%
2025-04-13 19:17:36,685 - INFO - 	Fold 6/10
2025-04-13 19:17:47,612 - INFO - 	Model trained for 46 epochs, accuracy is 94.29%
2025-04-13 19:17:48,153 - INFO - 	Fold 7/10
2025-04-13 19:17:56,942 - INFO - 	Model trained for 37 epochs, accuracy is 95.71%
2025-04-13 19:17:57,485 - INFO - 	Fold 8/10
2025-04-13 19:18:02,058 - INFO - 	Model trained for 16 epochs, accuracy is 64.29%
2025-04-13 19:18:02,607 - INFO - 	Fold 9/10
2025-04-13 19:18:11,214 - INFO - 	Model trained for 36 epochs, accuracy is 90.00%
2025-04-13 19:18:11,767 - INFO - 	Fold 10/10
2025-04-13 19:18:23,557 - INFO - 	Model trained for 47 epochs, accuracy is 94.29%
2025-04-13 19:18:24,139 - INFO - 	Mean accuracy over all folds is 87.15%
2025-04-13 19:18:24,140 - INFO - Trying 0.05 l2_rate
2025-04-13 19:18:24,141 - INFO - 	Fold 1/10
2025-04-13 19:18:30,716 - INFO - 	Model trained for 26 epochs, accuracy is 87.32%
2025-04-13 19:18:31,280 - INFO - 	Fold 2/10
2025-04-13 19:18:36,433 - INFO - 	Model trained for 18 epochs, accuracy is 62.86%
2025-04-13 19:18:37,004 - INFO - 	Fold 3/10
2025-04-13 19:18:47,006 - INFO - 	Model trained for 43 epochs, accuracy is 90.00%
2025-04-13 19:18:47,582 - INFO - 	Fold 4/10
2025-04-13 19:18:58,279 - INFO - 	Model trained for 46 epochs, accuracy is 90.00%
2025-04-13 19:18:58,859 - INFO - 	Fold 5/10
2025-04-13 19:19:06,049 - INFO - 	Model trained for 27 epochs, accuracy is 92.86%
2025-04-13 19:19:06,639 - INFO - 	Fold 6/10
2025-04-13 19:19:15,446 - INFO - 	Model trained for 36 epochs, accuracy is 92.86%
2025-04-13 19:19:16,038 - INFO - 	Fold 7/10
2025-04-13 19:19:24,400 - INFO - 	Model trained for 31 epochs, accuracy is 97.14%
2025-04-13 19:19:25,014 - INFO - 	Fold 8/10
2025-04-13 19:19:31,948 - INFO - 	Model trained for 27 epochs, accuracy is 84.29%
2025-04-13 19:19:32,688 - INFO - 	Fold 9/10
2025-04-13 19:19:38,910 - INFO - 	Model trained for 23 epochs, accuracy is 88.57%
2025-04-13 19:19:39,653 - INFO - 	Fold 10/10
2025-04-13 19:19:47,474 - INFO - 	Model trained for 31 epochs, accuracy is 94.29%
2025-04-13 19:19:48,085 - INFO - 	Mean accuracy over all folds is 88.02%
2025-04-13 19:19:48,085 - INFO - Trying 0.055 l2_rate
2025-04-13 19:19:48,086 - INFO - 	Fold 1/10
2025-04-13 19:19:57,929 - INFO - 	Model trained for 40 epochs, accuracy is 88.73%
2025-04-13 19:19:58,596 - INFO - 	Fold 2/10
2025-04-13 19:20:05,514 - INFO - 	Model trained for 27 epochs, accuracy is 94.29%
2025-04-13 19:20:06,166 - INFO - 	Fold 3/10
2025-04-13 19:20:16,536 - INFO - 	Model trained for 41 epochs, accuracy is 91.43%
2025-04-13 19:20:17,158 - INFO - 	Fold 4/10
2025-04-13 19:20:27,904 - INFO - 	Model trained for 45 epochs, accuracy is 91.43%
2025-04-13 19:20:28,535 - INFO - 	Fold 5/10
2025-04-13 19:20:34,073 - INFO - 	Model trained for 20 epochs, accuracy is 98.57%
2025-04-13 19:20:34,707 - INFO - 	Fold 6/10
2025-04-13 19:20:43,004 - INFO - 	Model trained for 30 epochs, accuracy is 92.86%
2025-04-13 19:20:43,702 - INFO - 	Fold 7/10
2025-04-13 19:20:50,009 - INFO - 	Model trained for 20 epochs, accuracy is 72.86%
2025-04-13 19:20:50,669 - INFO - 	Fold 8/10
2025-04-13 19:21:02,374 - INFO - 	Model trained for 48 epochs, accuracy is 84.29%
2025-04-13 19:21:03,042 - INFO - 	Fold 9/10
2025-04-13 19:21:14,827 - INFO - 	Model trained for 51 epochs, accuracy is 94.29%
2025-04-13 19:21:15,478 - INFO - 	Fold 10/10
2025-04-13 19:21:26,116 - INFO - 	Model trained for 46 epochs, accuracy is 94.29%
2025-04-13 19:21:26,788 - INFO - 	Mean accuracy over all folds is 90.30%
2025-04-13 19:21:26,789 - INFO - Trying 0.06 l2_rate
2025-04-13 19:21:26,790 - INFO - 	Fold 1/10
2025-04-13 19:21:32,054 - INFO - 	Model trained for 15 epochs, accuracy is 57.75%
2025-04-13 19:21:32,716 - INFO - 	Fold 2/10
2025-04-13 19:21:45,972 - INFO - 	Model trained for 49 epochs, accuracy is 98.57%
2025-04-13 19:21:46,637 - INFO - 	Fold 3/10
2025-04-13 19:21:54,959 - INFO - 	Model trained for 28 epochs, accuracy is 85.71%
2025-04-13 19:21:55,634 - INFO - 	Fold 4/10
2025-04-13 19:22:04,546 - INFO - 	Model trained for 37 epochs, accuracy is 90.00%
2025-04-13 19:22:05,227 - INFO - 	Fold 5/10
2025-04-13 19:22:12,039 - INFO - 	Model trained for 27 epochs, accuracy is 97.14%
2025-04-13 19:22:12,718 - INFO - 	Fold 6/10
2025-04-13 19:22:17,690 - INFO - 	Model trained for 18 epochs, accuracy is 61.43%
2025-04-13 19:22:18,374 - INFO - 	Fold 7/10
2025-04-13 19:22:24,961 - INFO - 	Model trained for 26 epochs, accuracy is 91.43%
2025-04-13 19:22:25,649 - INFO - 	Fold 8/10
2025-04-13 19:22:35,667 - INFO - 	Model trained for 43 epochs, accuracy is 87.14%
2025-04-13 19:22:36,359 - INFO - 	Fold 9/10
2025-04-13 19:22:44,494 - INFO - 	Model trained for 33 epochs, accuracy is 90.00%
2025-04-13 19:22:45,198 - INFO - 	Fold 10/10
2025-04-13 19:22:54,699 - INFO - 	Model trained for 40 epochs, accuracy is 91.43%
2025-04-13 19:22:55,402 - INFO - 	Mean accuracy over all folds is 85.06%
2025-04-13 19:22:55,402 - INFO - Trying 0.065 l2_rate
2025-04-13 19:22:55,403 - INFO - 	Fold 1/10
2025-04-13 19:23:06,739 - INFO - 	Model trained for 49 epochs, accuracy is 94.37%
2025-04-13 19:23:07,451 - INFO - 	Fold 2/10
2025-04-13 19:23:11,888 - INFO - 	Model trained for 15 epochs, accuracy is 62.86%
2025-04-13 19:23:12,602 - INFO - 	Fold 3/10
2025-04-13 19:23:20,655 - INFO - 	Model trained for 33 epochs, accuracy is 85.71%
2025-04-13 19:23:21,373 - INFO - 	Fold 4/10
2025-04-13 19:23:28,187 - INFO - 	Model trained for 27 epochs, accuracy is 90.00%
2025-04-13 19:23:28,910 - INFO - 	Fold 5/10
2025-04-13 19:23:37,134 - INFO - 	Model trained for 33 epochs, accuracy is 97.14%
2025-04-13 19:23:37,863 - INFO - 	Fold 6/10
2025-04-13 19:23:42,734 - INFO - 	Model trained for 17 epochs, accuracy is 61.43%
2025-04-13 19:23:43,465 - INFO - 	Fold 7/10
2025-04-13 19:23:47,962 - INFO - 	Model trained for 15 epochs, accuracy is 72.86%
2025-04-13 19:23:48,699 - INFO - 	Fold 8/10
2025-04-13 19:23:53,923 - INFO - 	Model trained for 19 epochs, accuracy is 80.00%
2025-04-13 19:23:54,668 - INFO - 	Fold 9/10
2025-04-13 19:24:03,927 - INFO - 	Model trained for 39 epochs, accuracy is 87.14%
2025-04-13 19:24:04,672 - INFO - 	Fold 10/10
2025-04-13 19:24:16,170 - INFO - 	Model trained for 48 epochs, accuracy is 94.29%
2025-04-13 19:24:16,920 - INFO - 	Mean accuracy over all folds is 82.58%
2025-04-13 19:24:16,921 - INFO - Trying 0.07 l2_rate
2025-04-13 19:24:16,922 - INFO - 	Fold 1/10
2025-04-13 19:24:21,422 - INFO - 	Model trained for 16 epochs, accuracy is 57.75%
2025-04-13 19:24:22,201 - INFO - 	Fold 2/10
2025-04-13 19:24:35,005 - INFO - 	Model trained for 46 epochs, accuracy is 94.29%
2025-04-13 19:24:35,805 - INFO - 	Fold 3/10
2025-04-13 19:24:42,968 - INFO - 	Model trained for 20 epochs, accuracy is 55.71%
2025-04-13 19:24:43,963 - INFO - 	Fold 4/10
2025-04-13 19:24:54,187 - INFO - 	Model trained for 43 epochs, accuracy is 91.43%
2025-04-13 19:24:54,955 - INFO - 	Fold 5/10
2025-04-13 19:25:04,774 - INFO - 	Model trained for 34 epochs, accuracy is 97.14%
2025-04-13 19:25:05,654 - INFO - 	Fold 6/10
2025-04-13 19:25:19,289 - INFO - 	Model trained for 54 epochs, accuracy is 92.86%
2025-04-13 19:25:20,156 - INFO - 	Fold 7/10
2025-04-13 19:25:24,502 - INFO - 	Model trained for 13 epochs, accuracy is 72.86%
2025-04-13 19:25:25,365 - INFO - 	Fold 8/10
2025-04-13 19:25:36,497 - INFO - 	Model trained for 44 epochs, accuracy is 87.14%
2025-04-13 19:25:37,387 - INFO - 	Fold 9/10
2025-04-13 19:25:45,951 - INFO - 	Model trained for 32 epochs, accuracy is 92.86%
2025-04-13 19:25:46,831 - INFO - 	Fold 10/10
2025-04-13 19:25:51,879 - INFO - 	Model trained for 16 epochs, accuracy is 65.71%
2025-04-13 19:25:52,772 - INFO - 	Mean accuracy over all folds is 80.77%
2025-04-13 19:25:52,772 - INFO - Trying 0.075 l2_rate
2025-04-13 19:25:52,773 - INFO - 	Fold 1/10
2025-04-13 19:26:02,094 - INFO - 	Model trained for 35 epochs, accuracy is 91.55%
2025-04-13 19:26:02,988 - INFO - 	Fold 2/10
2025-04-13 19:26:10,053 - INFO - 	Model trained for 25 epochs, accuracy is 62.86%
2025-04-13 19:26:10,941 - INFO - 	Fold 3/10
2025-04-13 19:26:19,896 - INFO - 	Model trained for 34 epochs, accuracy is 88.57%
2025-04-13 19:26:20,795 - INFO - 	Fold 4/10
2025-04-13 19:26:26,033 - INFO - 	Model trained for 17 epochs, accuracy is 58.57%
2025-04-13 19:26:26,941 - INFO - 	Fold 5/10
2025-04-13 19:26:42,594 - INFO - 	Model trained for 60 epochs, accuracy is 95.71%
2025-04-13 19:26:43,414 - INFO - 	Fold 6/10
2025-04-13 19:26:50,715 - INFO - 	Model trained for 28 epochs, accuracy is 94.29%
2025-04-13 19:26:51,539 - INFO - 	Fold 7/10
2025-04-13 19:27:04,150 - INFO - 	Model trained for 54 epochs, accuracy is 95.71%
2025-04-13 19:27:04,990 - INFO - 	Fold 8/10
2025-04-13 19:27:12,418 - INFO - 	Model trained for 30 epochs, accuracy is 71.43%
2025-04-13 19:27:13,248 - INFO - 	Fold 9/10
2025-04-13 19:27:22,739 - INFO - 	Model trained for 40 epochs, accuracy is 92.86%
2025-04-13 19:27:23,575 - INFO - 	Fold 10/10
2025-04-13 19:27:29,190 - INFO - 	Model trained for 21 epochs, accuracy is 65.71%
2025-04-13 19:27:30,034 - INFO - 	Mean accuracy over all folds is 81.73%
2025-04-13 19:27:30,035 - INFO - Trying 0.08 l2_rate
2025-04-13 19:27:30,035 - INFO - 	Fold 1/10
2025-04-13 19:27:39,232 - INFO - 	Model trained for 32 epochs, accuracy is 88.73%
2025-04-13 19:27:40,176 - INFO - 	Fold 2/10
2025-04-13 19:27:56,927 - INFO - 	Model trained for 55 epochs, accuracy is 97.14%
2025-04-13 19:27:57,943 - INFO - 	Fold 3/10
2025-04-13 19:28:02,773 - INFO - 	Model trained for 16 epochs, accuracy is 55.71%
2025-04-13 19:28:03,639 - INFO - 	Fold 4/10
2025-04-13 19:28:08,333 - INFO - 	Model trained for 16 epochs, accuracy is 58.57%
2025-04-13 19:28:09,210 - INFO - 	Fold 5/10
2025-04-13 19:28:24,358 - INFO - 	Model trained for 53 epochs, accuracy is 95.71%
2025-04-13 19:28:25,250 - INFO - 	Fold 6/10
2025-04-13 19:28:29,778 - INFO - 	Model trained for 16 epochs, accuracy is 61.43%
2025-04-13 19:28:30,650 - INFO - 	Fold 7/10
2025-04-13 19:28:38,141 - INFO - 	Model trained for 20 epochs, accuracy is 72.86%
2025-04-13 19:28:39,124 - INFO - 	Fold 8/10
2025-04-13 19:28:50,480 - INFO - 	Model trained for 45 epochs, accuracy is 85.71%
2025-04-13 19:28:51,478 - INFO - 	Fold 9/10
2025-04-13 19:28:56,112 - INFO - 	Model trained for 15 epochs, accuracy is 42.86%
2025-04-13 19:28:57,001 - INFO - 	Fold 10/10
2025-04-13 19:29:04,840 - INFO - 	Model trained for 31 epochs, accuracy is 94.29%
2025-04-13 19:29:05,738 - INFO - 	Mean accuracy over all folds is 75.30%
2025-04-13 19:29:05,739 - INFO - Trying 0.085 l2_rate
2025-04-13 19:29:05,741 - INFO - 	Fold 1/10
2025-04-13 19:29:11,087 - INFO - 	Model trained for 16 epochs, accuracy is 57.75%
2025-04-13 19:29:12,070 - INFO - 	Fold 2/10
2025-04-13 19:29:18,075 - INFO - 	Model trained for 20 epochs, accuracy is 62.86%
2025-04-13 19:29:19,061 - INFO - 	Fold 3/10
2025-04-13 19:29:25,948 - INFO - 	Model trained for 24 epochs, accuracy is 84.29%
2025-04-13 19:29:26,924 - INFO - 	Fold 4/10
2025-04-13 19:29:36,179 - INFO - 	Model trained for 34 epochs, accuracy is 84.29%
2025-04-13 19:29:37,172 - INFO - 	Fold 5/10
2025-04-13 19:29:42,331 - INFO - 	Model trained for 14 epochs, accuracy is 68.57%
2025-04-13 19:29:43,355 - INFO - 	Fold 6/10
2025-04-13 19:29:48,770 - INFO - 	Model trained for 17 epochs, accuracy is 61.43%
2025-04-13 19:29:49,804 - INFO - 	Fold 7/10
2025-04-13 19:29:55,549 - INFO - 	Model trained for 18 epochs, accuracy is 72.86%
2025-04-13 19:29:56,517 - INFO - 	Fold 8/10
2025-04-13 19:30:07,743 - INFO - 	Model trained for 32 epochs, accuracy is 82.86%
2025-04-13 19:30:08,705 - INFO - 	Fold 9/10
2025-04-13 19:30:20,208 - INFO - 	Model trained for 41 epochs, accuracy is 88.57%
2025-04-13 19:30:21,179 - INFO - 	Fold 10/10
2025-04-13 19:30:35,789 - INFO - 	Model trained for 42 epochs, accuracy is 94.29%
2025-04-13 19:30:36,968 - INFO - 	Mean accuracy over all folds is 75.77%
2025-04-13 19:30:36,970 - INFO - Trying 0.09 l2_rate
2025-04-13 19:30:36,970 - INFO - 	Fold 1/10
2025-04-13 19:30:43,381 - INFO - 	Model trained for 20 epochs, accuracy is 77.46%
2025-04-13 19:30:44,552 - INFO - 	Fold 2/10
2025-04-13 19:31:03,147 - INFO - 	Model trained for 47 epochs, accuracy is 95.71%
2025-04-13 19:31:04,121 - INFO - 	Fold 3/10
2025-04-13 19:31:14,463 - INFO - 	Model trained for 41 epochs, accuracy is 90.00%
2025-04-13 19:31:15,425 - INFO - 	Fold 4/10
2025-04-13 19:31:22,196 - INFO - 	Model trained for 25 epochs, accuracy is 91.43%
2025-04-13 19:31:23,178 - INFO - 	Fold 5/10
2025-04-13 19:31:27,686 - INFO - 	Model trained for 14 epochs, accuracy is 68.57%
2025-04-13 19:31:28,713 - INFO - 	Fold 6/10
2025-04-13 19:31:34,366 - INFO - 	Model trained for 19 epochs, accuracy is 61.43%
2025-04-13 19:31:35,351 - INFO - 	Fold 7/10
2025-04-13 19:31:40,317 - INFO - 	Model trained for 16 epochs, accuracy is 72.86%
2025-04-13 19:31:41,303 - INFO - 	Fold 8/10
2025-04-13 19:31:49,452 - INFO - 	Model trained for 30 epochs, accuracy is 85.71%
2025-04-13 19:31:50,452 - INFO - 	Fold 9/10
2025-04-13 19:31:55,527 - INFO - 	Model trained for 17 epochs, accuracy is 42.86%
2025-04-13 19:31:56,552 - INFO - 	Fold 10/10
2025-04-13 19:32:02,453 - INFO - 	Model trained for 20 epochs, accuracy is 65.71%
2025-04-13 19:32:03,467 - INFO - 	Mean accuracy over all folds is 75.18%
2025-04-13 19:32:03,468 - INFO - Trying 0.095 l2_rate
2025-04-13 19:32:03,468 - INFO - 	Fold 1/10
2025-04-13 19:32:10,237 - INFO - 	Model trained for 23 epochs, accuracy is 57.75%
2025-04-13 19:32:11,245 - INFO - 	Fold 2/10
2025-04-13 19:32:20,916 - INFO - 	Model trained for 19 epochs, accuracy is 62.86%
2025-04-13 19:32:21,941 - INFO - 	Fold 3/10
2025-04-13 19:32:30,363 - INFO - 	Model trained for 18 epochs, accuracy is 55.71%
2025-04-13 19:32:31,384 - INFO - 	Fold 4/10
2025-04-13 19:32:36,543 - INFO - 	Model trained for 17 epochs, accuracy is 58.57%
2025-04-13 19:32:37,625 - INFO - 	Fold 5/10
2025-04-13 19:32:44,049 - INFO - 	Model trained for 23 epochs, accuracy is 68.57%
2025-04-13 19:32:45,196 - INFO - 	Fold 6/10
2025-04-13 19:32:50,647 - INFO - 	Model trained for 18 epochs, accuracy is 61.43%
2025-04-13 19:32:51,682 - INFO - 	Fold 7/10
2025-04-13 19:32:58,080 - INFO - 	Model trained for 22 epochs, accuracy is 72.86%
2025-04-13 19:32:59,119 - INFO - 	Fold 8/10
2025-04-13 19:33:04,625 - INFO - 	Model trained for 18 epochs, accuracy is 64.29%
2025-04-13 19:33:05,673 - INFO - 	Fold 9/10
2025-04-13 19:33:13,860 - INFO - 	Model trained for 32 epochs, accuracy is 88.57%
2025-04-13 19:33:14,900 - INFO - 	Fold 10/10
2025-04-13 19:33:19,754 - INFO - 	Model trained for 16 epochs, accuracy is 65.71%
2025-04-13 19:33:20,798 - INFO - 	Mean accuracy over all folds is 65.63%
2025-04-13 19:33:20,799 - INFO - Trying 0.1 l2_rate
2025-04-13 19:33:20,799 - INFO - 	Fold 1/10
2025-04-13 19:33:25,670 - INFO - 	Model trained for 16 epochs, accuracy is 57.75%
2025-04-13 19:33:26,721 - INFO - 	Fold 2/10
2025-04-13 19:33:41,419 - INFO - 	Model trained for 61 epochs, accuracy is 97.14%
2025-04-13 19:33:42,483 - INFO - 	Fold 3/10
2025-04-13 19:33:46,954 - INFO - 	Model trained for 14 epochs, accuracy is 55.71%
2025-04-13 19:33:48,013 - INFO - 	Fold 4/10
2025-04-13 19:33:52,915 - INFO - 	Model trained for 16 epochs, accuracy is 58.57%
2025-04-13 19:33:53,978 - INFO - 	Fold 5/10
2025-04-13 19:33:58,683 - INFO - 	Model trained for 15 epochs, accuracy is 68.57%
2025-04-13 19:33:59,756 - INFO - 	Fold 6/10
2025-04-13 19:34:04,233 - INFO - 	Model trained for 14 epochs, accuracy is 61.43%
2025-04-13 19:34:05,382 - INFO - 	Fold 7/10
2025-04-13 19:34:10,668 - INFO - 	Model trained for 18 epochs, accuracy is 72.86%
2025-04-13 19:34:11,818 - INFO - 	Fold 8/10
2025-04-13 19:34:19,554 - INFO - 	Model trained for 29 epochs, accuracy is 84.29%
2025-04-13 19:34:20,702 - INFO - 	Fold 9/10
2025-04-13 19:34:28,999 - INFO - 	Model trained for 31 epochs, accuracy is 90.00%
2025-04-13 19:34:30,100 - INFO - 	Fold 10/10
2025-04-13 19:34:50,118 - INFO - 	Model trained for 45 epochs, accuracy is 95.71%
2025-04-13 19:34:51,222 - INFO - 	Mean accuracy over all folds is 74.20%
2025-04-13 19:34:51,223 - INFO - Done sweeping l2_rate

2025-04-13 19:34:51,343 - INFO - Done!
